[ 2019-04-27T16:08:30+08:00 ] 127.0.0.1 /sptmcx/
INFO: [ app_init ] --START--
INFO: Run Behavior\BuildLiteBehavior [ RunTime:0.000000s ]
INFO: [ app_init ] --END-- [ RunTime:0.002000s ]
INFO: [ app_begin ] --START--
INFO: Run Behavior\ReadHtmlCacheBehavior [ RunTime:0.001000s ]
INFO: [ app_begin ] --END-- [ RunTime:0.001000s ]
SQL: SHOW COLUMNS FROM `sp_member` [ RunTime:0.0620s ]
SQL: SHOW COLUMNS FROM `sp_banner` [ RunTime:0.0546s ]
SQL: SHOW COLUMNS FROM `sp_news` [ RunTime:0.0662s ]
SQL: SELECT * FROM `sp_news` WHERE ( del=0 AND status=1 ) ORDER BY `displayorder` desc,`addtime` DESC LIMIT 0,3   [ RunTime:0.0600s ]
SQL: SHOW COLUMNS FROM `sp_announce` [ RunTime:0.0610s ]
SQL: SELECT * FROM `sp_announce` WHERE ( del=0 AND status=1 ) ORDER BY `id` DESC LIMIT 0,1   [ RunTime:0.0600s ]
SQL: SHOW COLUMNS FROM `sp_policies` [ RunTime:0.0610s ]
SQL: SELECT * FROM `sp_policies` WHERE ( del=0 AND status=1 ) ORDER BY `id` DESC LIMIT 0,3   [ RunTime:0.0600s ]
NOTIC: [8] Undefined variable: expertlist D:\phpStudy\WWW\sptmcx\Application\Home\Controller\IndexController.class.php 第 62 行.
INFO: [ view_parse ] --START--
INFO: [ template_filter ] --START--
INFO: Run Behavior\ContentReplaceBehavior [ RunTime:0.000000s ]
INFO: [ template_filter ] --END-- [ RunTime:0.000000s ]
NOTIC: [8] Undefined variable: GBTitle D:\phpStudy\WWW\sptmcx\Application\Runtime\Cache\Home\2a94b8bda04ff446dcedd42276fc99ee.php 第 8 行.
NOTIC: [8] Undefined variable: GBMenu D:\phpStudy\WWW\sptmcx\Application\Runtime\Cache\Home\2a94b8bda04ff446dcedd42276fc99ee.php 第 8 行.
NOTIC: [8] Use of undefined constant href - assumed 'href' D:\phpStudy\WWW\sptmcx\Application\Runtime\Cache\Home\2a94b8bda04ff446dcedd42276fc99ee.php 第 54 行.
NOTIC: [8] Use of undefined constant title - assumed 'title' D:\phpStudy\WWW\sptmcx\Application\Runtime\Cache\Home\2a94b8bda04ff446dcedd42276fc99ee.php 第 54 行.
NOTIC: [8] Use of undefined constant href - assumed 'href' D:\phpStudy\WWW\sptmcx\Application\Runtime\Cache\Home\2a94b8bda04ff446dcedd42276fc99ee.php 第 54 行.
NOTIC: [8] Use of undefined constant title - assumed 'title' D:\phpStudy\WWW\sptmcx\Application\Runtime\Cache\Home\2a94b8bda04ff446dcedd42276fc99ee.php 第 54 行.
NOTIC: [8] Undefined variable: newstypelist D:\phpStudy\WWW\sptmcx\Application\Runtime\Cache\Home\2a94b8bda04ff446dcedd42276fc99ee.php 第 133 行.
NOTIC: [8] Use of undefined constant addtime - assumed 'addtime' D:\phpStudy\WWW\sptmcx\Application\Runtime\Cache\Home\2a94b8bda04ff446dcedd42276fc99ee.php 第 134 行.
INFO: [ view_parse ] --START--
INFO: [ template_filter ] --START--
INFO: Run Behavior\ContentReplaceBehavior [ RunTime:0.000000s ]
INFO: [ template_filter ] --END-- [ RunTime:-0.004000s ]
INFO: Run Behavior\ParseTemplateBehavior [ RunTime:0.002000s ]
INFO: [ view_parse ] --END-- [ RunTime:0.002000s ]
INFO: [ view_filter ] --START--
INFO: Run Behavior\WriteHtmlCacheBehavior [ RunTime:0.000000s ]
INFO: [ view_filter ] --END-- [ RunTime:0.000000s ]
INFO: Run Behavior\ParseTemplateBehavior [ RunTime:0.002000s ]
INFO: [ view_parse ] --END-- [ RunTime:0.002000s ]
INFO: [ view_filter ] --START--
INFO: Run Behavior\WriteHtmlCacheBehavior [ RunTime:0.000000s ]
INFO: [ view_filter ] --END-- [ RunTime:0.000000s ]
INFO: [ app_end ] --START--
INFO: Run Behavior\ShowPageTraceBehavior [ RunTime:0.000000s ]
INFO: [ app_end ] --END-- [ RunTime:0.000000s ]

[ 2019-04-27T16:08:40+08:00 ] 127.0.0.1 /sptmcx/Home/Servicehall/index.html
INFO: [ app_init ] --START--
INFO: Run Behavior\BuildLiteBehavior [ RunTime:0.000000s ]
INFO: [ app_init ] --END-- [ RunTime:0.000000s ]
INFO: [ app_begin ] --START--
INFO: Run Behavior\ReadHtmlCacheBehavior [ RunTime:0.000000s ]
INFO: [ app_begin ] --END-- [ RunTime:0.000000s ]
SQL: SHOW COLUMNS FROM `sp_member` [ RunTime:0.0678s ]
INFO: [ view_parse ] --START--
INFO: [ template_filter ] --START--
INFO: Run Behavior\ContentReplaceBehavior [ RunTime:0.000000s ]
INFO: [ template_filter ] --END-- [ RunTime:0.000000s ]
NOTIC: [8] Undefined variable: GBTitle D:\phpStudy\WWW\sptmcx\Application\Runtime\Cache\Home\0b2d6e3ee53a1749a615ce0602fdeff3.php 第 8 行.
NOTIC: [8] Undefined variable: GBMenu D:\phpStudy\WWW\sptmcx\Application\Runtime\Cache\Home\0b2d6e3ee53a1749a615ce0602fdeff3.php 第 8 行.
SQL: SHOW COLUMNS FROM `sp_banner` [ RunTime:0.0654s ]
INFO: [ view_parse ] --START--
INFO: [ template_filter ] --START--
INFO: Run Behavior\ContentReplaceBehavior [ RunTime:0.000000s ]
INFO: [ template_filter ] --END-- [ RunTime:-0.065400s ]
NOTIC: [8] Use of undefined constant href - assumed 'href' D:\phpStudy\WWW\sptmcx\Application\Runtime\Cache\Home\4252d938903276e02fb1209078715c89.php 第 4 行.
NOTIC: [8] Use of undefined constant title - assumed 'title' D:\phpStudy\WWW\sptmcx\Application\Runtime\Cache\Home\4252d938903276e02fb1209078715c89.php 第 4 行.
INFO: Run Behavior\ParseTemplateBehavior [ RunTime:0.000000s ]
INFO: [ view_parse ] --END-- [ RunTime:0.000000s ]
INFO: [ view_filter ] --START--
INFO: Run Behavior\WriteHtmlCacheBehavior [ RunTime:0.000000s ]
INFO: [ view_filter ] --END-- [ RunTime:0.000000s ]
INFO: [ view_parse ] --START--
INFO: [ template_filter ] --START--
INFO: Run Behavior\ContentReplaceBehavior [ RunTime:0.000000s ]
INFO: [ template_filter ] --END-- [ RunTime:-0.065400s ]
INFO: Run Behavior\ParseTemplateBehavior [ RunTime:0.000000s ]
INFO: [ view_parse ] --END-- [ RunTime:0.000000s ]
INFO: [ view_filter ] --START--
INFO: Run Behavior\WriteHtmlCacheBehavior [ RunTime:0.000000s ]
INFO: [ view_filter ] --END-- [ RunTime:0.000000s ]
INFO: Run Behavior\ParseTemplateBehavior [ RunTime:0.000000s ]
INFO: [ view_parse ] --END-- [ RunTime:0.000000s ]
INFO: [ view_filter ] --START--
INFO: Run Behavior\WriteHtmlCacheBehavior [ RunTime:0.000000s ]
INFO: [ view_filter ] --END-- [ RunTime:0.000000s ]
INFO: [ app_end ] --START--
INFO: Run Behavior\ShowPageTraceBehavior [ RunTime:0.000000s ]
INFO: [ app_end ] --END-- [ RunTime:0.000000s ]

[ 2019-04-27T17:08:40+08:00 ] 127.0.0.1 /sptmcx/index.php
INFO: [ app_init ] --START--
INFO: Run Behavior\BuildLiteBehavior [ RunTime:0.000000s ]
INFO: [ app_init ] --END-- [ RunTime:0.000000s ]
INFO: [ app_begin ] --START--
INFO: Run Behavior\ReadHtmlCacheBehavior [ RunTime:0.000000s ]
INFO: [ app_begin ] --END-- [ RunTime:0.000000s ]
SQL: SHOW COLUMNS FROM `sp_member` [ RunTime:0.0624s ]
SQL: SHOW COLUMNS FROM `sp_banner` [ RunTime:0.0468s ]
SQL: SHOW COLUMNS FROM `sp_news` [ RunTime:0.0754s ]
SQL: SELECT * FROM `sp_news` WHERE ( del=0 AND status=1 ) ORDER BY `displayorder` desc,`addtime` DESC LIMIT 0,3   [ RunTime:0.0488s ]
SQL: SHOW COLUMNS FROM `sp_announce` [ RunTime:0.0624s ]
SQL: SELECT * FROM `sp_announce` WHERE ( del=0 AND status=1 ) ORDER BY `id` DESC LIMIT 0,1   [ RunTime:0.0624s ]
SQL: SHOW COLUMNS FROM `sp_policies` [ RunTime:0.0624s ]
SQL: SELECT * FROM `sp_policies` WHERE ( del=0 AND status=1 ) ORDER BY `id` DESC LIMIT 0,3   [ RunTime:0.0624s ]
NOTIC: [8] Undefined variable: expertlist D:\phpStudy\WWW\sptmcx\Application\Home\Controller\IndexController.class.php 第 62 行.
INFO: [ view_parse ] --START--
INFO: [ template_filter ] --START--
INFO: Run Behavior\ContentReplaceBehavior [ RunTime:0.000000s ]
INFO: [ template_filter ] --END-- [ RunTime:0.000000s ]
NOTIC: [8] Undefined variable: GBTitle D:\phpStudy\WWW\sptmcx\Application\Runtime\Cache\Home\2a94b8bda04ff446dcedd42276fc99ee.php 第 8 行.
NOTIC: [8] Undefined variable: GBMenu D:\phpStudy\WWW\sptmcx\Application\Runtime\Cache\Home\2a94b8bda04ff446dcedd42276fc99ee.php 第 8 行.
NOTIC: [8] Use of undefined constant href - assumed 'href' D:\phpStudy\WWW\sptmcx\Application\Runtime\Cache\Home\2a94b8bda04ff446dcedd42276fc99ee.php 第 54 行.
NOTIC: [8] Use of undefined constant title - assumed 'title' D:\phpStudy\WWW\sptmcx\Application\Runtime\Cache\Home\2a94b8bda04ff446dcedd42276fc99ee.php 第 54 行.
NOTIC: [8] Use of undefined constant href - assumed 'href' D:\phpStudy\WWW\sptmcx\Application\Runtime\Cache\Home\2a94b8bda04ff446dcedd42276fc99ee.php 第 54 行.
NOTIC: [8] Use of undefined constant title - assumed 'title' D:\phpStudy\WWW\sptmcx\Application\Runtime\Cache\Home\2a94b8bda04ff446dcedd42276fc99ee.php 第 54 行.
NOTIC: [8] Undefined variable: newstypelist D:\phpStudy\WWW\sptmcx\Application\Runtime\Cache\Home\2a94b8bda04ff446dcedd42276fc99ee.php 第 133 行.
NOTIC: [8] Use of undefined constant addtime - assumed 'addtime' D:\phpStudy\WWW\sptmcx\Application\Runtime\Cache\Home\2a94b8bda04ff446dcedd42276fc99ee.php 第 134 行.
INFO: [ view_parse ] --START--
INFO: [ template_filter ] --START--
INFO: Run Behavior\ContentReplaceBehavior [ RunTime:0.000000s ]
INFO: [ template_filter ] --END-- [ RunTime:0.000000s ]
INFO: Run Behavior\ParseTemplateBehavior [ RunTime:0.000000s ]
INFO: [ view_parse ] --END-- [ RunTime:0.000000s ]
INFO: [ view_filter ] --START--
INFO: Run Behavior\WriteHtmlCacheBehavior [ RunTime:0.015600s ]
INFO: [ view_filter ] --END-- [ RunTime:0.015600s ]
INFO: Run Behavior\ParseTemplateBehavior [ RunTime:0.015600s ]
INFO: [ view_parse ] --END-- [ RunTime:0.000000s ]
INFO: [ view_filter ] --START--
INFO: Run Behavior\WriteHtmlCacheBehavior [ RunTime:0.000000s ]
INFO: [ view_filter ] --END-- [ RunTime:0.000000s ]
INFO: [ app_end ] --START--
INFO: Run Behavior\ShowPageTraceBehavior [ RunTime:0.000000s ]
INFO: [ app_end ] --END-- [ RunTime:0.000000s ]

[ 2019-04-27T22:12:44+08:00 ] 127.0.0.1 /sptmcx/
INFO: [ app_init ] --START--
INFO: Run Behavior\BuildLiteBehavior [ RunTime:0.000000s ]
INFO: [ app_init ] --END-- [ RunTime:0.001000s ]
INFO: [ app_begin ] --START--
INFO: Run Behavior\ReadHtmlCacheBehavior [ RunTime:0.001000s ]
INFO: [ app_begin ] --END-- [ RunTime:0.001000s ]
SQL: SHOW COLUMNS FROM `sp_member` [ RunTime:0.0638s ]
SQL: SHOW COLUMNS FROM `sp_banner` [ RunTime:0.0630s ]
SQL: SHOW COLUMNS FROM `sp_news` [ RunTime:0.0628s ]
SQL: SELECT * FROM `sp_news` WHERE ( del=0 AND status=1 ) ORDER BY `displayorder` desc,`addtime` DESC LIMIT 0,3   [ RunTime:0.0620s ]
SQL: SHOW COLUMNS FROM `sp_announce` [ RunTime:0.0630s ]
SQL: SELECT * FROM `sp_announce` WHERE ( del=0 AND status=1 ) ORDER BY `id` DESC LIMIT 0,1   [ RunTime:0.0510s ]
SQL: SHOW COLUMNS FROM `sp_policies` [ RunTime:0.0748s ]
SQL: SELECT * FROM `sp_policies` WHERE ( del=0 AND status=1 ) ORDER BY `id` DESC LIMIT 0,3   [ RunTime:0.0590s ]
NOTIC: [8] Undefined variable: expertlist D:\phpStudy\WWW\sptmcx\Application\Home\Controller\IndexController.class.php 第 62 行.
INFO: [ view_parse ] --START--
INFO: [ template_filter ] --START--
INFO: Run Behavior\ContentReplaceBehavior [ RunTime:0.000000s ]
INFO: [ template_filter ] --END-- [ RunTime:0.000000s ]
NOTIC: [8] Undefined variable: GBTitle D:\phpStudy\WWW\sptmcx\Application\Runtime\Cache\Home\2a94b8bda04ff446dcedd42276fc99ee.php 第 8 行.
NOTIC: [8] Undefined variable: GBMenu D:\phpStudy\WWW\sptmcx\Application\Runtime\Cache\Home\2a94b8bda04ff446dcedd42276fc99ee.php 第 8 行.
NOTIC: [8] Use of undefined constant href - assumed 'href' D:\phpStudy\WWW\sptmcx\Application\Runtime\Cache\Home\2a94b8bda04ff446dcedd42276fc99ee.php 第 54 行.
NOTIC: [8] Use of undefined constant title - assumed 'title' D:\phpStudy\WWW\sptmcx\Application\Runtime\Cache\Home\2a94b8bda04ff446dcedd42276fc99ee.php 第 54 行.
NOTIC: [8] Use of undefined constant href - assumed 'href' D:\phpStudy\WWW\sptmcx\Application\Runtime\Cache\Home\2a94b8bda04ff446dcedd42276fc99ee.php 第 54 行.
NOTIC: [8] Use of undefined constant title - assumed 'title' D:\phpStudy\WWW\sptmcx\Application\Runtime\Cache\Home\2a94b8bda04ff446dcedd42276fc99ee.php 第 54 行.
NOTIC: [8] Undefined variable: newstypelist D:\phpStudy\WWW\sptmcx\Application\Runtime\Cache\Home\2a94b8bda04ff446dcedd42276fc99ee.php 第 133 行.
NOTIC: [8] Use of undefined constant addtime - assumed 'addtime' D:\phpStudy\WWW\sptmcx\Application\Runtime\Cache\Home\2a94b8bda04ff446dcedd42276fc99ee.php 第 134 行.
INFO: [ view_parse ] --START--
INFO: [ template_filter ] --START--
INFO: Run Behavior\ContentReplaceBehavior [ RunTime:0.000000s ]
INFO: [ template_filter ] --END-- [ RunTime:-0.015600s ]
INFO: Run Behavior\ParseTemplateBehavior [ RunTime:0.000000s ]
INFO: [ view_parse ] --END-- [ RunTime:0.000000s ]
INFO: [ view_filter ] --START--
INFO: Run Behavior\WriteHtmlCacheBehavior [ RunTime:0.000000s ]
INFO: [ view_filter ] --END-- [ RunTime:0.000000s ]
INFO: Run Behavior\ParseTemplateBehavior [ RunTime:0.000000s ]
INFO: [ view_parse ] --END-- [ RunTime:0.000000s ]
INFO: [ view_filter ] --START--
INFO: Run Behavior\WriteHtmlCacheBehavior [ RunTime:0.000000s ]
INFO: [ view_filter ] --END-- [ RunTime:0.000000s ]
INFO: [ app_end ] --START--
INFO: Run Behavior\ShowPageTraceBehavior [ RunTime:0.000000s ]
INFO: [ app_end ] --END-- [ RunTime:0.000000s ]

[ 2019-04-27T22:14:18+08:00 ] 127.0.0.1 /sptmcx/Home/Servicehall/index.html
INFO: [ app_init ] --START--
INFO: Run Behavior\BuildLiteBehavior [ RunTime:0.000000s ]
INFO: [ app_init ] --END-- [ RunTime:0.000000s ]
INFO: [ app_begin ] --START--
INFO: Run Behavior\ReadHtmlCacheBehavior [ RunTime:0.000000s ]
INFO: [ app_begin ] --END-- [ RunTime:0.000000s ]
SQL: SHOW COLUMNS FROM `sp_member` [ RunTime:0.0600s ]
INFO: [ view_parse ] --START--
INFO: [ template_filter ] --START--
INFO: Run Behavior\ContentReplaceBehavior [ RunTime:0.000000s ]
INFO: [ template_filter ] --END-- [ RunTime:0.000000s ]
NOTIC: [8] Undefined variable: GBTitle D:\phpStudy\WWW\sptmcx\Application\Runtime\Cache\Home\0b2d6e3ee53a1749a615ce0602fdeff3.php 第 8 行.
NOTIC: [8] Undefined variable: GBMenu D:\phpStudy\WWW\sptmcx\Application\Runtime\Cache\Home\0b2d6e3ee53a1749a615ce0602fdeff3.php 第 8 行.
SQL: SHOW COLUMNS FROM `sp_banner` [ RunTime:0.0600s ]
INFO: [ view_parse ] --START--
INFO: [ template_filter ] --START--
INFO: Run Behavior\ContentReplaceBehavior [ RunTime:0.000000s ]
INFO: [ template_filter ] --END-- [ RunTime:-0.067004s ]
NOTIC: [8] Use of undefined constant href - assumed 'href' D:\phpStudy\WWW\sptmcx\Application\Runtime\Cache\Home\4252d938903276e02fb1209078715c89.php 第 4 行.
NOTIC: [8] Use of undefined constant title - assumed 'title' D:\phpStudy\WWW\sptmcx\Application\Runtime\Cache\Home\4252d938903276e02fb1209078715c89.php 第 4 行.
INFO: Run Behavior\ParseTemplateBehavior [ RunTime:0.002000s ]
INFO: [ view_parse ] --END-- [ RunTime:0.002000s ]
INFO: [ view_filter ] --START--
INFO: Run Behavior\WriteHtmlCacheBehavior [ RunTime:0.001000s ]
INFO: [ view_filter ] --END-- [ RunTime:0.001000s ]
INFO: [ view_parse ] --START--
INFO: [ template_filter ] --START--
INFO: Run Behavior\ContentReplaceBehavior [ RunTime:0.000000s ]
INFO: [ template_filter ] --END-- [ RunTime:-0.069004s ]
INFO: Run Behavior\ParseTemplateBehavior [ RunTime:0.001000s ]
INFO: [ view_parse ] --END-- [ RunTime:-0.001000s ]
INFO: [ view_filter ] --START--
INFO: Run Behavior\WriteHtmlCacheBehavior [ RunTime:0.000000s ]
INFO: [ view_filter ] --END-- [ RunTime:-0.001000s ]
INFO: Run Behavior\ParseTemplateBehavior [ RunTime:0.001000s ]
INFO: [ view_parse ] --END-- [ RunTime:-0.001000s ]
INFO: [ view_filter ] --START--
INFO: Run Behavior\WriteHtmlCacheBehavior [ RunTime:0.000000s ]
INFO: [ view_filter ] --END-- [ RunTime:-0.001000s ]
INFO: [ app_end ] --START--
INFO: Run Behavior\ShowPageTraceBehavior [ RunTime:0.001000s ]
INFO: [ app_end ] --END-- [ RunTime:0.001000s ]

[ 2019-04-27T22:19:22+08:00 ] 127.0.0.1 /sptmcx/Home/Servicehall/index.html
INFO: [ app_init ] --START--
INFO: Run Behavior\BuildLiteBehavior [ RunTime:0.000000s ]
INFO: [ app_init ] --END-- [ RunTime:0.001000s ]
INFO: [ app_begin ] --START--
INFO: Run Behavior\ReadHtmlCacheBehavior [ RunTime:0.000000s ]
INFO: [ app_begin ] --END-- [ RunTime:0.000000s ]
SQL: SHOW COLUMNS FROM `sp_member` [ RunTime:0.0704s ]
INFO: [ view_parse ] --START--
INFO: [ template_filter ] --START--
INFO: Run Behavior\ContentReplaceBehavior [ RunTime:0.000000s ]
INFO: [ template_filter ] --END-- [ RunTime:0.000000s ]
NOTIC: [8] Undefined variable: GBTitle D:\phpStudy\WWW\sptmcx\Application\Runtime\Cache\Home\0b2d6e3ee53a1749a615ce0602fdeff3.php 第 8 行.
NOTIC: [8] Undefined variable: GBMenu D:\phpStudy\WWW\sptmcx\Application\Runtime\Cache\Home\0b2d6e3ee53a1749a615ce0602fdeff3.php 第 8 行.
SQL: SHOW COLUMNS FROM `sp_banner` [ RunTime:0.0830s ]
INFO: [ view_parse ] --START--
INFO: [ template_filter ] --START--
INFO: Run Behavior\ContentReplaceBehavior [ RunTime:0.000000s ]
INFO: [ template_filter ] --END-- [ RunTime:-0.083000s ]
NOTIC: [8] Use of undefined constant href - assumed 'href' D:\phpStudy\WWW\sptmcx\Application\Runtime\Cache\Home\4252d938903276e02fb1209078715c89.php 第 4 行.
NOTIC: [8] Use of undefined constant title - assumed 'title' D:\phpStudy\WWW\sptmcx\Application\Runtime\Cache\Home\4252d938903276e02fb1209078715c89.php 第 4 行.
INFO: Run Behavior\ParseTemplateBehavior [ RunTime:0.000000s ]
INFO: [ view_parse ] --END-- [ RunTime:0.000000s ]
INFO: [ view_filter ] --START--
INFO: Run Behavior\WriteHtmlCacheBehavior [ RunTime:0.000000s ]
INFO: [ view_filter ] --END-- [ RunTime:0.000000s ]
INFO: [ view_parse ] --START--
INFO: [ template_filter ] --START--
INFO: Run Behavior\ContentReplaceBehavior [ RunTime:0.000000s ]
INFO: [ template_filter ] --END-- [ RunTime:-0.083000s ]
INFO: Run Behavior\ParseTemplateBehavior [ RunTime:0.000000s ]
INFO: [ view_parse ] --END-- [ RunTime:0.000000s ]
INFO: [ view_filter ] --START--
INFO: Run Behavior\WriteHtmlCacheBehavior [ RunTime:0.000000s ]
INFO: [ view_filter ] --END-- [ RunTime:0.000000s ]
INFO: Run Behavior\ParseTemplateBehavior [ RunTime:0.000000s ]
INFO: [ view_parse ] --END-- [ RunTime:0.000000s ]
INFO: [ view_filter ] --START--
INFO: Run Behavior\WriteHtmlCacheBehavior [ RunTime:0.000000s ]
INFO: [ view_filter ] --END-- [ RunTime:0.000000s ]
INFO: [ app_end ] --START--
INFO: Run Behavior\ShowPageTraceBehavior [ RunTime:0.000000s ]
INFO: [ app_end ] --END-- [ RunTime:0.000000s ]

[ 2019-04-27T22:19:48+08:00 ] 127.0.0.1 /sptmcx/Home/Servicehall/index.html
INFO: [ app_init ] --START--
INFO: Run Behavior\BuildLiteBehavior [ RunTime:0.000000s ]
INFO: [ app_init ] --END-- [ RunTime:0.000000s ]
INFO: [ app_begin ] --START--
INFO: Run Behavior\ReadHtmlCacheBehavior [ RunTime:0.000000s ]
INFO: [ app_begin ] --END-- [ RunTime:0.000000s ]
SQL: SHOW COLUMNS FROM `sp_member` [ RunTime:0.0820s ]
INFO: [ view_parse ] --START--
INFO: [ template_filter ] --START--
INFO: Run Behavior\ContentReplaceBehavior [ RunTime:0.000000s ]
INFO: [ template_filter ] --END-- [ RunTime:0.000000s ]
NOTIC: [8] Undefined variable: GBTitle D:\phpStudy\WWW\sptmcx\Application\Runtime\Cache\Home\0b2d6e3ee53a1749a615ce0602fdeff3.php 第 8 行.
NOTIC: [8] Undefined variable: GBMenu D:\phpStudy\WWW\sptmcx\Application\Runtime\Cache\Home\0b2d6e3ee53a1749a615ce0602fdeff3.php 第 8 行.
SQL: SHOW COLUMNS FROM `sp_banner` [ RunTime:0.0830s ]
INFO: [ view_parse ] --START--
INFO: [ template_filter ] --START--
INFO: Run Behavior\ContentReplaceBehavior [ RunTime:0.000000s ]
INFO: [ template_filter ] --END-- [ RunTime:-0.083001s ]
NOTIC: [8] Use of undefined constant href - assumed 'href' D:\phpStudy\WWW\sptmcx\Application\Runtime\Cache\Home\4252d938903276e02fb1209078715c89.php 第 4 行.
NOTIC: [8] Use of undefined constant title - assumed 'title' D:\phpStudy\WWW\sptmcx\Application\Runtime\Cache\Home\4252d938903276e02fb1209078715c89.php 第 4 行.
INFO: Run Behavior\ParseTemplateBehavior [ RunTime:0.000000s ]
INFO: [ view_parse ] --END-- [ RunTime:0.000000s ]
INFO: [ view_filter ] --START--
INFO: Run Behavior\WriteHtmlCacheBehavior [ RunTime:0.000000s ]
INFO: [ view_filter ] --END-- [ RunTime:0.000000s ]
INFO: [ view_parse ] --START--
INFO: [ template_filter ] --START--
INFO: Run Behavior\ContentReplaceBehavior [ RunTime:0.000000s ]
INFO: [ template_filter ] --END-- [ RunTime:-0.083001s ]
INFO: Run Behavior\ParseTemplateBehavior [ RunTime:0.000000s ]
INFO: [ view_parse ] --END-- [ RunTime:0.000000s ]
INFO: [ view_filter ] --START--
INFO: Run Behavior\WriteHtmlCacheBehavior [ RunTime:0.000000s ]
INFO: [ view_filter ] --END-- [ RunTime:0.000000s ]
INFO: Run Behavior\ParseTemplateBehavior [ RunTime:0.000000s ]
INFO: [ view_parse ] --END-- [ RunTime:0.000000s ]
INFO: [ view_filter ] --START--
INFO: Run Behavior\WriteHtmlCacheBehavior [ RunTime:0.000000s ]
INFO: [ view_filter ] --END-- [ RunTime:0.000000s ]
INFO: [ app_end ] --START--
INFO: Run Behavior\ShowPageTraceBehavior [ RunTime:0.000000s ]
INFO: [ app_end ] --END-- [ RunTime:0.000000s ]

[ 2019-04-27T22:19:49+08:00 ] 127.0.0.1 /sptmcx/Home/Servicehall/index.html
INFO: [ app_init ] --START--
INFO: Run Behavior\BuildLiteBehavior [ RunTime:0.000000s ]
INFO: [ app_init ] --END-- [ RunTime:0.000000s ]
INFO: [ app_begin ] --START--
INFO: Run Behavior\ReadHtmlCacheBehavior [ RunTime:0.000000s ]
INFO: [ app_begin ] --END-- [ RunTime:0.000000s ]
SQL: SHOW COLUMNS FROM `sp_member` [ RunTime:0.0686s ]
INFO: [ view_parse ] --START--
INFO: [ template_filter ] --START--
INFO: Run Behavior\ContentReplaceBehavior [ RunTime:0.000000s ]
INFO: [ template_filter ] --END-- [ RunTime:0.000000s ]
NOTIC: [8] Undefined variable: GBTitle D:\phpStudy\WWW\sptmcx\Application\Runtime\Cache\Home\0b2d6e3ee53a1749a615ce0602fdeff3.php 第 8 行.
NOTIC: [8] Undefined variable: GBMenu D:\phpStudy\WWW\sptmcx\Application\Runtime\Cache\Home\0b2d6e3ee53a1749a615ce0602fdeff3.php 第 8 行.
SQL: SHOW COLUMNS FROM `sp_banner` [ RunTime:0.0610s ]
INFO: [ view_parse ] --START--
INFO: [ template_filter ] --START--
INFO: Run Behavior\ContentReplaceBehavior [ RunTime:0.000000s ]
INFO: [ template_filter ] --END-- [ RunTime:-0.064004s ]
NOTIC: [8] Use of undefined constant href - assumed 'href' D:\phpStudy\WWW\sptmcx\Application\Runtime\Cache\Home\4252d938903276e02fb1209078715c89.php 第 4 行.
NOTIC: [8] Use of undefined constant title - assumed 'title' D:\phpStudy\WWW\sptmcx\Application\Runtime\Cache\Home\4252d938903276e02fb1209078715c89.php 第 4 行.
INFO: Run Behavior\ParseTemplateBehavior [ RunTime:0.002000s ]
INFO: [ view_parse ] --END-- [ RunTime:0.002000s ]
INFO: [ view_filter ] --START--
INFO: Run Behavior\WriteHtmlCacheBehavior [ RunTime:0.001000s ]
INFO: [ view_filter ] --END-- [ RunTime:0.001000s ]
INFO: [ view_parse ] --START--
INFO: [ template_filter ] --START--
INFO: Run Behavior\ContentReplaceBehavior [ RunTime:0.000000s ]
INFO: [ template_filter ] --END-- [ RunTime:-0.066004s ]
INFO: Run Behavior\ParseTemplateBehavior [ RunTime:0.001000s ]
INFO: [ view_parse ] --END-- [ RunTime:-0.001000s ]
INFO: [ view_filter ] --START--
INFO: Run Behavior\WriteHtmlCacheBehavior [ RunTime:0.000000s ]
INFO: [ view_filter ] --END-- [ RunTime:-0.001000s ]
INFO: Run Behavior\ParseTemplateBehavior [ RunTime:0.001000s ]
INFO: [ view_parse ] --END-- [ RunTime:-0.001000s ]
INFO: [ view_filter ] --START--
INFO: Run Behavior\WriteHtmlCacheBehavior [ RunTime:0.000000s ]
INFO: [ view_filter ] --END-- [ RunTime:-0.001000s ]
INFO: [ app_end ] --START--
INFO: Run Behavior\ShowPageTraceBehavior [ RunTime:0.001000s ]
INFO: [ app_end ] --END-- [ RunTime:0.001000s ]

[ 2019-04-27T22:23:31+08:00 ] 127.0.0.1 /sptmcx/Home/Servicehall/index.html
INFO: [ app_init ] --START--
INFO: Run Behavior\BuildLiteBehavior [ RunTime:0.000000s ]
INFO: [ app_init ] --END-- [ RunTime:0.000000s ]
INFO: [ app_begin ] --START--
INFO: Run Behavior\ReadHtmlCacheBehavior [ RunTime:0.000000s ]
INFO: [ app_begin ] --END-- [ RunTime:0.000000s ]
SQL: SHOW COLUMNS FROM `sp_member` [ RunTime:0.0432s ]
INFO: [ view_parse ] --START--
INFO: [ template_filter ] --START--
INFO: Run Behavior\ContentReplaceBehavior [ RunTime:0.000000s ]
INFO: [ template_filter ] --END-- [ RunTime:0.000000s ]
NOTIC: [8] Undefined variable: GBTitle D:\phpStudy\WWW\sptmcx\Application\Runtime\Cache\Home\0b2d6e3ee53a1749a615ce0602fdeff3.php 第 8 行.
NOTIC: [8] Undefined variable: GBMenu D:\phpStudy\WWW\sptmcx\Application\Runtime\Cache\Home\0b2d6e3ee53a1749a615ce0602fdeff3.php 第 8 行.
SQL: SHOW COLUMNS FROM `sp_banner` [ RunTime:0.0352s ]
INFO: [ view_parse ] --START--
INFO: [ template_filter ] --START--
INFO: Run Behavior\ContentReplaceBehavior [ RunTime:0.000000s ]
INFO: [ template_filter ] --END-- [ RunTime:-0.066401s ]
NOTIC: [8] Use of undefined constant href - assumed 'href' D:\phpStudy\WWW\sptmcx\Application\Runtime\Cache\Home\4252d938903276e02fb1209078715c89.php 第 4 行.
NOTIC: [8] Use of undefined constant title - assumed 'title' D:\phpStudy\WWW\sptmcx\Application\Runtime\Cache\Home\4252d938903276e02fb1209078715c89.php 第 4 行.
INFO: Run Behavior\ParseTemplateBehavior [ RunTime:0.015600s ]
INFO: [ view_parse ] --END-- [ RunTime:0.015600s ]
INFO: [ view_filter ] --START--
INFO: Run Behavior\WriteHtmlCacheBehavior [ RunTime:0.000000s ]
INFO: [ view_filter ] --END-- [ RunTime:0.000000s ]
INFO: [ view_parse ] --START--
INFO: [ template_filter ] --START--
INFO: Run Behavior\ContentReplaceBehavior [ RunTime:0.000000s ]
INFO: [ template_filter ] --END-- [ RunTime:-0.066401s ]
INFO: Run Behavior\ParseTemplateBehavior [ RunTime:0.000000s ]
INFO: [ view_parse ] --END-- [ RunTime:0.000000s ]
INFO: [ view_filter ] --START--
INFO: Run Behavior\WriteHtmlCacheBehavior [ RunTime:0.000000s ]
INFO: [ view_filter ] --END-- [ RunTime:0.000000s ]
INFO: Run Behavior\ParseTemplateBehavior [ RunTime:0.000000s ]
INFO: [ view_parse ] --END-- [ RunTime:0.000000s ]
INFO: [ view_filter ] --START--
INFO: Run Behavior\WriteHtmlCacheBehavior [ RunTime:0.000000s ]
INFO: [ view_filter ] --END-- [ RunTime:0.000000s ]
INFO: [ app_end ] --START--
INFO: Run Behavior\ShowPageTraceBehavior [ RunTime:0.000000s ]
INFO: [ app_end ] --END-- [ RunTime:0.000000s ]

[ 2019-04-27T22:23:32+08:00 ] 127.0.0.1 /sptmcx/Home/Servicehall/index.html
INFO: [ app_init ] --START--
INFO: Run Behavior\BuildLiteBehavior [ RunTime:0.000000s ]
INFO: [ app_init ] --END-- [ RunTime:0.000000s ]
INFO: [ app_begin ] --START--
INFO: Run Behavior\ReadHtmlCacheBehavior [ RunTime:0.000000s ]
INFO: [ app_begin ] --END-- [ RunTime:0.000000s ]
SQL: SHOW COLUMNS FROM `sp_member` [ RunTime:0.0858s ]
INFO: [ view_parse ] --START--
INFO: [ template_filter ] --START--
INFO: Run Behavior\ContentReplaceBehavior [ RunTime:0.000000s ]
INFO: [ template_filter ] --END-- [ RunTime:0.000000s ]
NOTIC: [8] Undefined variable: GBTitle D:\phpStudy\WWW\sptmcx\Application\Runtime\Cache\Home\0b2d6e3ee53a1749a615ce0602fdeff3.php 第 8 行.
NOTIC: [8] Undefined variable: GBMenu D:\phpStudy\WWW\sptmcx\Application\Runtime\Cache\Home\0b2d6e3ee53a1749a615ce0602fdeff3.php 第 8 行.
SQL: SHOW COLUMNS FROM `sp_banner` [ RunTime:0.0668s ]
INFO: [ view_parse ] --START--
INFO: [ template_filter ] --START--
INFO: Run Behavior\ContentReplaceBehavior [ RunTime:0.000000s ]
INFO: [ template_filter ] --END-- [ RunTime:-0.066802s ]
NOTIC: [8] Use of undefined constant href - assumed 'href' D:\phpStudy\WWW\sptmcx\Application\Runtime\Cache\Home\4252d938903276e02fb1209078715c89.php 第 4 行.
NOTIC: [8] Use of undefined constant title - assumed 'title' D:\phpStudy\WWW\sptmcx\Application\Runtime\Cache\Home\4252d938903276e02fb1209078715c89.php 第 4 行.
INFO: Run Behavior\ParseTemplateBehavior [ RunTime:0.000000s ]
INFO: [ view_parse ] --END-- [ RunTime:0.015600s ]
INFO: [ view_filter ] --START--
INFO: Run Behavior\WriteHtmlCacheBehavior [ RunTime:0.000000s ]
INFO: [ view_filter ] --END-- [ RunTime:0.000000s ]
INFO: [ view_parse ] --START--
INFO: [ template_filter ] --START--
INFO: Run Behavior\ContentReplaceBehavior [ RunTime:0.000000s ]
INFO: [ template_filter ] --END-- [ RunTime:-0.082402s ]
INFO: Run Behavior\ParseTemplateBehavior [ RunTime:0.000000s ]
INFO: [ view_parse ] --END-- [ RunTime:0.000000s ]
INFO: [ view_filter ] --START--
INFO: Run Behavior\WriteHtmlCacheBehavior [ RunTime:0.000000s ]
INFO: [ view_filter ] --END-- [ RunTime:0.000000s ]
INFO: Run Behavior\ParseTemplateBehavior [ RunTime:0.000000s ]
INFO: [ view_parse ] --END-- [ RunTime:0.000000s ]
INFO: [ view_filter ] --START--
INFO: Run Behavior\WriteHtmlCacheBehavior [ RunTime:0.000000s ]
INFO: [ view_filter ] --END-- [ RunTime:0.000000s ]
INFO: [ app_end ] --START--
INFO: Run Behavior\ShowPageTraceBehavior [ RunTime:0.000000s ]
INFO: [ app_end ] --END-- [ RunTime:0.000000s ]

[ 2019-04-27T22:24:20+08:00 ] 127.0.0.1 /sptmcx/Home/Servicehall/index.html
INFO: [ app_init ] --START--
INFO: Run Behavior\BuildLiteBehavior [ RunTime:0.000000s ]
INFO: [ app_init ] --END-- [ RunTime:0.000000s ]
INFO: [ app_begin ] --START--
INFO: Run Behavior\ReadHtmlCacheBehavior [ RunTime:0.000000s ]
INFO: [ app_begin ] --END-- [ RunTime:0.000000s ]
SQL: SHOW COLUMNS FROM `sp_member` [ RunTime:0.0590s ]
INFO: [ view_parse ] --START--
INFO: [ template_filter ] --START--
INFO: Run Behavior\ContentReplaceBehavior [ RunTime:0.000000s ]
INFO: [ template_filter ] --END-- [ RunTime:0.000000s ]
NOTIC: [8] Undefined variable: GBTitle D:\phpStudy\WWW\sptmcx\Application\Runtime\Cache\Home\0b2d6e3ee53a1749a615ce0602fdeff3.php 第 8 行.
NOTIC: [8] Undefined variable: GBMenu D:\phpStudy\WWW\sptmcx\Application\Runtime\Cache\Home\0b2d6e3ee53a1749a615ce0602fdeff3.php 第 8 行.
SQL: SHOW COLUMNS FROM `sp_banner` [ RunTime:0.0590s ]
INFO: [ view_parse ] --START--
INFO: [ template_filter ] --START--
INFO: Run Behavior\ContentReplaceBehavior [ RunTime:0.001000s ]
INFO: [ template_filter ] --END-- [ RunTime:-0.062003s ]
NOTIC: [8] Use of undefined constant href - assumed 'href' D:\phpStudy\WWW\sptmcx\Application\Runtime\Cache\Home\4252d938903276e02fb1209078715c89.php 第 4 行.
NOTIC: [8] Use of undefined constant title - assumed 'title' D:\phpStudy\WWW\sptmcx\Application\Runtime\Cache\Home\4252d938903276e02fb1209078715c89.php 第 4 行.
INFO: Run Behavior\ParseTemplateBehavior [ RunTime:0.002000s ]
INFO: [ view_parse ] --END-- [ RunTime:0.002000s ]
INFO: [ view_filter ] --START--
INFO: Run Behavior\WriteHtmlCacheBehavior [ RunTime:0.001000s ]
INFO: [ view_filter ] --END-- [ RunTime:0.001000s ]
INFO: [ view_parse ] --START--
INFO: [ template_filter ] --START--
INFO: Run Behavior\ContentReplaceBehavior [ RunTime:0.000000s ]
INFO: [ template_filter ] --END-- [ RunTime:-0.065003s ]
INFO: Run Behavior\ParseTemplateBehavior [ RunTime:0.001000s ]
INFO: [ view_parse ] --END-- [ RunTime:-0.001000s ]
INFO: [ view_filter ] --START--
INFO: Run Behavior\WriteHtmlCacheBehavior [ RunTime:0.000000s ]
INFO: [ view_filter ] --END-- [ RunTime:-0.001000s ]
INFO: Run Behavior\ParseTemplateBehavior [ RunTime:0.001000s ]
INFO: [ view_parse ] --END-- [ RunTime:-0.001000s ]
INFO: [ view_filter ] --START--
INFO: Run Behavior\WriteHtmlCacheBehavior [ RunTime:0.000000s ]
INFO: [ view_filter ] --END-- [ RunTime:-0.001000s ]
INFO: [ app_end ] --START--
INFO: Run Behavior\ShowPageTraceBehavior [ RunTime:0.000000s ]
INFO: [ app_end ] --END-- [ RunTime:0.000000s ]

[ 2019-04-27T22:24:33+08:00 ] 127.0.0.1 /sptmcx/index.php
INFO: [ app_init ] --START--
INFO: Run Behavior\BuildLiteBehavior [ RunTime:0.000000s ]
INFO: [ app_init ] --END-- [ RunTime:0.000000s ]
INFO: [ app_begin ] --START--
INFO: Run Behavior\ReadHtmlCacheBehavior [ RunTime:0.000000s ]
INFO: [ app_begin ] --END-- [ RunTime:0.000000s ]
SQL: SHOW COLUMNS FROM `sp_member` [ RunTime:0.0744s ]
SQL: SHOW COLUMNS FROM `sp_banner` [ RunTime:0.0626s ]
SQL: SHOW COLUMNS FROM `sp_news` [ RunTime:0.0780s ]
SQL: SELECT * FROM `sp_news` WHERE ( del=0 AND status=1 ) ORDER BY `displayorder` desc,`addtime` DESC LIMIT 0,3   [ RunTime:0.0790s ]
SQL: SHOW COLUMNS FROM `sp_announce` [ RunTime:0.0728s ]
SQL: SELECT * FROM `sp_announce` WHERE ( del=0 AND status=1 ) ORDER BY `id` DESC LIMIT 0,1   [ RunTime:0.0644s ]
SQL: SHOW COLUMNS FROM `sp_policies` [ RunTime:0.0780s ]
SQL: SELECT * FROM `sp_policies` WHERE ( del=0 AND status=1 ) ORDER BY `id` DESC LIMIT 0,3   [ RunTime:0.0682s ]
NOTIC: [8] Undefined variable: expertlist D:\phpStudy\WWW\sptmcx\Application\Home\Controller\IndexController.class.php 第 62 行.
INFO: [ view_parse ] --START--
INFO: [ template_filter ] --START--
INFO: Run Behavior\ContentReplaceBehavior [ RunTime:0.000000s ]
INFO: [ template_filter ] --END-- [ RunTime:0.000000s ]
NOTIC: [8] Undefined variable: GBTitle D:\phpStudy\WWW\sptmcx\Application\Runtime\Cache\Home\2a94b8bda04ff446dcedd42276fc99ee.php 第 8 行.
NOTIC: [8] Undefined variable: GBMenu D:\phpStudy\WWW\sptmcx\Application\Runtime\Cache\Home\2a94b8bda04ff446dcedd42276fc99ee.php 第 8 行.
NOTIC: [8] Use of undefined constant href - assumed 'href' D:\phpStudy\WWW\sptmcx\Application\Runtime\Cache\Home\2a94b8bda04ff446dcedd42276fc99ee.php 第 54 行.
NOTIC: [8] Use of undefined constant title - assumed 'title' D:\phpStudy\WWW\sptmcx\Application\Runtime\Cache\Home\2a94b8bda04ff446dcedd42276fc99ee.php 第 54 行.
NOTIC: [8] Use of undefined constant href - assumed 'href' D:\phpStudy\WWW\sptmcx\Application\Runtime\Cache\Home\2a94b8bda04ff446dcedd42276fc99ee.php 第 54 行.
NOTIC: [8] Use of undefined constant title - assumed 'title' D:\phpStudy\WWW\sptmcx\Application\Runtime\Cache\Home\2a94b8bda04ff446dcedd42276fc99ee.php 第 54 行.
NOTIC: [8] Undefined variable: newstypelist D:\phpStudy\WWW\sptmcx\Application\Runtime\Cache\Home\2a94b8bda04ff446dcedd42276fc99ee.php 第 133 行.
NOTIC: [8] Use of undefined constant addtime - assumed 'addtime' D:\phpStudy\WWW\sptmcx\Application\Runtime\Cache\Home\2a94b8bda04ff446dcedd42276fc99ee.php 第 134 行.
INFO: [ view_parse ] --START--
INFO: [ template_filter ] --START--
INFO: Run Behavior\ContentReplaceBehavior [ RunTime:0.000000s ]
INFO: [ template_filter ] --END-- [ RunTime:-0.003000s ]
INFO: Run Behavior\ParseTemplateBehavior [ RunTime:0.001000s ]
INFO: [ view_parse ] --END-- [ RunTime:0.002000s ]
INFO: [ view_filter ] --START--
INFO: Run Behavior\WriteHtmlCacheBehavior [ RunTime:0.000000s ]
INFO: [ view_filter ] --END-- [ RunTime:0.000000s ]
INFO: Run Behavior\ParseTemplateBehavior [ RunTime:0.002000s ]
INFO: [ view_parse ] --END-- [ RunTime:0.002000s ]
INFO: [ view_filter ] --START--
INFO: Run Behavior\WriteHtmlCacheBehavior [ RunTime:0.000000s ]
INFO: [ view_filter ] --END-- [ RunTime:0.000000s ]
INFO: [ app_end ] --START--
INFO: Run Behavior\ShowPageTraceBehavior [ RunTime:0.001000s ]
INFO: [ app_end ] --END-- [ RunTime:0.001000s ]

[ 2019-04-27T22:25:18+08:00 ] 127.0.0.1 /sptmcx/Home/Servicehall/index.html
INFO: [ app_init ] --START--
INFO: Run Behavior\BuildLiteBehavior [ RunTime:0.000000s ]
INFO: [ app_init ] --END-- [ RunTime:0.000000s ]
INFO: [ app_begin ] --START--
INFO: Run Behavior\ReadHtmlCacheBehavior [ RunTime:0.000000s ]
INFO: [ app_begin ] --END-- [ RunTime:0.000000s ]
SQL: SHOW COLUMNS FROM `sp_member` [ RunTime:0.0720s ]
INFO: [ view_parse ] --START--
INFO: [ template_filter ] --START--
INFO: Run Behavior\ContentReplaceBehavior [ RunTime:0.000000s ]
INFO: [ template_filter ] --END-- [ RunTime:0.000000s ]
NOTIC: [8] Undefined variable: GBTitle D:\phpStudy\WWW\sptmcx\Application\Runtime\Cache\Home\0b2d6e3ee53a1749a615ce0602fdeff3.php 第 8 行.
NOTIC: [8] Undefined variable: GBMenu D:\phpStudy\WWW\sptmcx\Application\Runtime\Cache\Home\0b2d6e3ee53a1749a615ce0602fdeff3.php 第 8 行.
SQL: SHOW COLUMNS FROM `sp_banner` [ RunTime:0.0720s ]
INFO: [ view_parse ] --START--
INFO: [ template_filter ] --START--
INFO: Run Behavior\ContentReplaceBehavior [ RunTime:0.001000s ]
INFO: [ template_filter ] --END-- [ RunTime:-0.075004s ]
NOTIC: [8] Use of undefined constant href - assumed 'href' D:\phpStudy\WWW\sptmcx\Application\Runtime\Cache\Home\4252d938903276e02fb1209078715c89.php 第 4 行.
NOTIC: [8] Use of undefined constant title - assumed 'title' D:\phpStudy\WWW\sptmcx\Application\Runtime\Cache\Home\4252d938903276e02fb1209078715c89.php 第 4 行.
INFO: Run Behavior\ParseTemplateBehavior [ RunTime:0.002000s ]
INFO: [ view_parse ] --END-- [ RunTime:0.002000s ]
INFO: [ view_filter ] --START--
INFO: Run Behavior\WriteHtmlCacheBehavior [ RunTime:0.001000s ]
INFO: [ view_filter ] --END-- [ RunTime:0.001000s ]
INFO: [ view_parse ] --START--
INFO: [ template_filter ] --START--
INFO: Run Behavior\ContentReplaceBehavior [ RunTime:0.000000s ]
INFO: [ template_filter ] --END-- [ RunTime:-0.078004s ]
INFO: Run Behavior\ParseTemplateBehavior [ RunTime:0.001000s ]
INFO: [ view_parse ] --END-- [ RunTime:-0.001000s ]
INFO: [ view_filter ] --START--
INFO: Run Behavior\WriteHtmlCacheBehavior [ RunTime:0.000000s ]
INFO: [ view_filter ] --END-- [ RunTime:-0.001000s ]
INFO: Run Behavior\ParseTemplateBehavior [ RunTime:0.002000s ]
INFO: [ view_parse ] --END-- [ RunTime:-0.001000s ]
INFO: [ view_filter ] --START--
INFO: Run Behavior\WriteHtmlCacheBehavior [ RunTime:0.000000s ]
INFO: [ view_filter ] --END-- [ RunTime:-0.002000s ]
INFO: [ app_end ] --START--
INFO: Run Behavior\ShowPageTraceBehavior [ RunTime:0.000000s ]
INFO: [ app_end ] --END-- [ RunTime:0.000000s ]

[ 2019-04-27T22:26:13+08:00 ] 127.0.0.1 /sptmcx/Home/Servicehall/index.html
INFO: [ app_init ] --START--
INFO: Run Behavior\BuildLiteBehavior [ RunTime:0.000000s ]
INFO: [ app_init ] --END-- [ RunTime:0.000000s ]
INFO: [ app_begin ] --START--
INFO: Run Behavior\ReadHtmlCacheBehavior [ RunTime:0.000000s ]
INFO: [ app_begin ] --END-- [ RunTime:0.000000s ]
SQL: SHOW COLUMNS FROM `sp_member` [ RunTime:0.0630s ]
INFO: [ view_parse ] --START--
INFO: [ template_filter ] --START--
INFO: Run Behavior\ContentReplaceBehavior [ RunTime:0.000000s ]
INFO: [ template_filter ] --END-- [ RunTime:0.000000s ]
NOTIC: [8] Undefined variable: GBTitle D:\phpStudy\WWW\sptmcx\Application\Runtime\Cache\Home\0b2d6e3ee53a1749a615ce0602fdeff3.php 第 8 行.
NOTIC: [8] Undefined variable: GBMenu D:\phpStudy\WWW\sptmcx\Application\Runtime\Cache\Home\0b2d6e3ee53a1749a615ce0602fdeff3.php 第 8 行.
SQL: SHOW COLUMNS FROM `sp_banner` [ RunTime:0.0620s ]
INFO: [ view_parse ] --START--
INFO: [ template_filter ] --START--
INFO: Run Behavior\ContentReplaceBehavior [ RunTime:0.000000s ]
INFO: [ template_filter ] --END-- [ RunTime:-0.067004s ]
NOTIC: [8] Use of undefined constant href - assumed 'href' D:\phpStudy\WWW\sptmcx\Application\Runtime\Cache\Home\4252d938903276e02fb1209078715c89.php 第 4 行.
NOTIC: [8] Use of undefined constant title - assumed 'title' D:\phpStudy\WWW\sptmcx\Application\Runtime\Cache\Home\4252d938903276e02fb1209078715c89.php 第 4 行.
INFO: Run Behavior\ParseTemplateBehavior [ RunTime:0.002000s ]
INFO: [ view_parse ] --END-- [ RunTime:0.002000s ]
INFO: [ view_filter ] --START--
INFO: Run Behavior\WriteHtmlCacheBehavior [ RunTime:0.000000s ]
INFO: [ view_filter ] --END-- [ RunTime:0.000000s ]
INFO: [ view_parse ] --START--
INFO: [ template_filter ] --START--
INFO: Run Behavior\ContentReplaceBehavior [ RunTime:0.000000s ]
INFO: [ template_filter ] --END-- [ RunTime:-0.069004s ]
INFO: Run Behavior\ParseTemplateBehavior [ RunTime:0.002000s ]
INFO: [ view_parse ] --END-- [ RunTime:0.000000s ]
INFO: [ view_filter ] --START--
INFO: Run Behavior\WriteHtmlCacheBehavior [ RunTime:0.000000s ]
INFO: [ view_filter ] --END-- [ RunTime:-0.002000s ]
INFO: Run Behavior\ParseTemplateBehavior [ RunTime:0.002000s ]
INFO: [ view_parse ] --END-- [ RunTime:0.000000s ]
INFO: [ view_filter ] --START--
INFO: Run Behavior\WriteHtmlCacheBehavior [ RunTime:0.000000s ]
INFO: [ view_filter ] --END-- [ RunTime:-0.002000s ]
INFO: [ app_end ] --START--
INFO: Run Behavior\ShowPageTraceBehavior [ RunTime:0.001000s ]
INFO: [ app_end ] --END-- [ RunTime:0.001000s ]

[ 2019-04-27T22:28:57+08:00 ] 127.0.0.1 /sptmcx/Home/Servicehall/index.html
INFO: [ app_init ] --START--
INFO: Run Behavior\BuildLiteBehavior [ RunTime:0.000000s ]
INFO: [ app_init ] --END-- [ RunTime:0.001000s ]
INFO: [ app_begin ] --START--
INFO: Run Behavior\ReadHtmlCacheBehavior [ RunTime:0.000000s ]
INFO: [ app_begin ] --END-- [ RunTime:0.000000s ]
SQL: SHOW COLUMNS FROM `sp_member` [ RunTime:0.0630s ]
INFO: [ view_parse ] --START--
INFO: [ template_filter ] --START--
INFO: Run Behavior\ContentReplaceBehavior [ RunTime:0.000000s ]
INFO: [ template_filter ] --END-- [ RunTime:0.000000s ]
NOTIC: [8] Undefined variable: GBTitle D:\phpStudy\WWW\sptmcx\Application\Runtime\Cache\Home\0b2d6e3ee53a1749a615ce0602fdeff3.php 第 8 行.
NOTIC: [8] Undefined variable: GBMenu D:\phpStudy\WWW\sptmcx\Application\Runtime\Cache\Home\0b2d6e3ee53a1749a615ce0602fdeff3.php 第 8 行.
SQL: SHOW COLUMNS FROM `sp_banner` [ RunTime:0.0630s ]
INFO: [ view_parse ] --START--
INFO: [ template_filter ] --START--
INFO: Run Behavior\ContentReplaceBehavior [ RunTime:0.000000s ]
INFO: [ template_filter ] --END-- [ RunTime:-0.066004s ]
NOTIC: [8] Use of undefined constant href - assumed 'href' D:\phpStudy\WWW\sptmcx\Application\Runtime\Cache\Home\4252d938903276e02fb1209078715c89.php 第 4 行.
NOTIC: [8] Use of undefined constant title - assumed 'title' D:\phpStudy\WWW\sptmcx\Application\Runtime\Cache\Home\4252d938903276e02fb1209078715c89.php 第 4 行.
INFO: Run Behavior\ParseTemplateBehavior [ RunTime:0.002000s ]
INFO: [ view_parse ] --END-- [ RunTime:0.002000s ]
INFO: [ view_filter ] --START--
INFO: Run Behavior\WriteHtmlCacheBehavior [ RunTime:0.001000s ]
INFO: [ view_filter ] --END-- [ RunTime:0.001000s ]
INFO: [ view_parse ] --START--
INFO: [ template_filter ] --START--
INFO: Run Behavior\ContentReplaceBehavior [ RunTime:0.000000s ]
INFO: [ template_filter ] --END-- [ RunTime:-0.069004s ]
INFO: Run Behavior\ParseTemplateBehavior [ RunTime:0.001000s ]
INFO: [ view_parse ] --END-- [ RunTime:-0.001000s ]
INFO: [ view_filter ] --START--
INFO: Run Behavior\WriteHtmlCacheBehavior [ RunTime:0.000000s ]
INFO: [ view_filter ] --END-- [ RunTime:-0.001000s ]
INFO: Run Behavior\ParseTemplateBehavior [ RunTime:0.001000s ]
INFO: [ view_parse ] --END-- [ RunTime:-0.001000s ]
INFO: [ view_filter ] --START--
INFO: Run Behavior\WriteHtmlCacheBehavior [ RunTime:0.000000s ]
INFO: [ view_filter ] --END-- [ RunTime:-0.002000s ]
INFO: [ app_end ] --START--
INFO: Run Behavior\ShowPageTraceBehavior [ RunTime:0.000000s ]
INFO: [ app_end ] --END-- [ RunTime:0.000000s ]

[ 2019-04-27T22:29:57+08:00 ] 127.0.0.1 /sptmcx/Home/Servicehall/index.html
INFO: [ app_init ] --START--
INFO: Run Behavior\BuildLiteBehavior [ RunTime:0.000000s ]
INFO: [ app_init ] --END-- [ RunTime:0.000000s ]
INFO: [ app_begin ] --START--
INFO: Run Behavior\ReadHtmlCacheBehavior [ RunTime:0.000000s ]
INFO: [ app_begin ] --END-- [ RunTime:0.000000s ]
SQL: SHOW COLUMNS FROM `sp_member` [ RunTime:0.0720s ]
INFO: [ view_parse ] --START--
INFO: [ template_filter ] --START--
INFO: Run Behavior\ContentReplaceBehavior [ RunTime:0.000000s ]
INFO: [ template_filter ] --END-- [ RunTime:0.000000s ]
NOTIC: [8] Undefined variable: GBTitle D:\phpStudy\WWW\sptmcx\Application\Runtime\Cache\Home\0b2d6e3ee53a1749a615ce0602fdeff3.php 第 8 行.
NOTIC: [8] Undefined variable: GBMenu D:\phpStudy\WWW\sptmcx\Application\Runtime\Cache\Home\0b2d6e3ee53a1749a615ce0602fdeff3.php 第 8 行.
SQL: SHOW COLUMNS FROM `sp_banner` [ RunTime:0.0740s ]
INFO: [ view_parse ] --START--
INFO: [ template_filter ] --START--
INFO: Run Behavior\ContentReplaceBehavior [ RunTime:0.000000s ]
INFO: [ template_filter ] --END-- [ RunTime:-0.078005s ]
NOTIC: [8] Use of undefined constant href - assumed 'href' D:\phpStudy\WWW\sptmcx\Application\Runtime\Cache\Home\4252d938903276e02fb1209078715c89.php 第 4 行.
NOTIC: [8] Use of undefined constant title - assumed 'title' D:\phpStudy\WWW\sptmcx\Application\Runtime\Cache\Home\4252d938903276e02fb1209078715c89.php 第 4 行.
INFO: Run Behavior\ParseTemplateBehavior [ RunTime:0.002000s ]
INFO: [ view_parse ] --END-- [ RunTime:0.002000s ]
INFO: [ view_filter ] --START--
INFO: Run Behavior\WriteHtmlCacheBehavior [ RunTime:0.000000s ]
INFO: [ view_filter ] --END-- [ RunTime:0.000000s ]
INFO: [ view_parse ] --START--
INFO: [ template_filter ] --START--
INFO: Run Behavior\ContentReplaceBehavior [ RunTime:0.000000s ]
INFO: [ template_filter ] --END-- [ RunTime:-0.080005s ]
INFO: Run Behavior\ParseTemplateBehavior [ RunTime:0.002000s ]
INFO: [ view_parse ] --END-- [ RunTime:0.000000s ]
INFO: [ view_filter ] --START--
INFO: Run Behavior\WriteHtmlCacheBehavior [ RunTime:0.000000s ]
INFO: [ view_filter ] --END-- [ RunTime:-0.002000s ]
INFO: Run Behavior\ParseTemplateBehavior [ RunTime:0.002000s ]
INFO: [ view_parse ] --END-- [ RunTime:0.000000s ]
INFO: [ view_filter ] --START--
INFO: Run Behavior\WriteHtmlCacheBehavior [ RunTime:0.000000s ]
INFO: [ view_filter ] --END-- [ RunTime:-0.002000s ]
INFO: [ app_end ] --START--
INFO: Run Behavior\ShowPageTraceBehavior [ RunTime:0.001000s ]
INFO: [ app_end ] --END-- [ RunTime:0.001000s ]

[ 2019-04-27T22:34:42+08:00 ] 127.0.0.1 /sptmcx/Home/Servicehall/index.html
INFO: [ app_init ] --START--
INFO: Run Behavior\BuildLiteBehavior [ RunTime:0.000000s ]
INFO: [ app_init ] --END-- [ RunTime:0.001000s ]
INFO: [ app_begin ] --START--
INFO: Run Behavior\ReadHtmlCacheBehavior [ RunTime:0.000000s ]
INFO: [ app_begin ] --END-- [ RunTime:0.000000s ]
SQL: SHOW COLUMNS FROM `sp_member` [ RunTime:0.0630s ]
INFO: [ view_parse ] --START--
INFO: [ template_filter ] --START--
INFO: Run Behavior\ContentReplaceBehavior [ RunTime:0.000000s ]
INFO: [ template_filter ] --END-- [ RunTime:0.000000s ]
NOTIC: [8] Undefined variable: GBTitle D:\phpStudy\WWW\sptmcx\Application\Runtime\Cache\Home\0b2d6e3ee53a1749a615ce0602fdeff3.php 第 8 行.
NOTIC: [8] Undefined variable: GBMenu D:\phpStudy\WWW\sptmcx\Application\Runtime\Cache\Home\0b2d6e3ee53a1749a615ce0602fdeff3.php 第 8 行.
SQL: SHOW COLUMNS FROM `sp_banner` [ RunTime:0.0630s ]
INFO: [ view_parse ] --START--
INFO: [ template_filter ] --START--
INFO: Run Behavior\ContentReplaceBehavior [ RunTime:0.000000s ]
INFO: [ template_filter ] --END-- [ RunTime:-0.066004s ]
NOTIC: [8] Use of undefined constant href - assumed 'href' D:\phpStudy\WWW\sptmcx\Application\Runtime\Cache\Home\4252d938903276e02fb1209078715c89.php 第 4 行.
NOTIC: [8] Use of undefined constant title - assumed 'title' D:\phpStudy\WWW\sptmcx\Application\Runtime\Cache\Home\4252d938903276e02fb1209078715c89.php 第 4 行.
INFO: Run Behavior\ParseTemplateBehavior [ RunTime:0.002000s ]
INFO: [ view_parse ] --END-- [ RunTime:0.002000s ]
INFO: [ view_filter ] --START--
INFO: Run Behavior\WriteHtmlCacheBehavior [ RunTime:0.001000s ]
INFO: [ view_filter ] --END-- [ RunTime:0.001000s ]
INFO: [ view_parse ] --START--
INFO: [ template_filter ] --START--
INFO: Run Behavior\ContentReplaceBehavior [ RunTime:0.001000s ]
INFO: [ template_filter ] --END-- [ RunTime:-0.068004s ]
INFO: Run Behavior\ParseTemplateBehavior [ RunTime:0.001000s ]
INFO: [ view_parse ] --END-- [ RunTime:-0.001000s ]
INFO: [ view_filter ] --START--
INFO: Run Behavior\WriteHtmlCacheBehavior [ RunTime:0.000000s ]
INFO: [ view_filter ] --END-- [ RunTime:-0.001000s ]
INFO: Run Behavior\ParseTemplateBehavior [ RunTime:0.001000s ]
INFO: [ view_parse ] --END-- [ RunTime:-0.001000s ]
INFO: [ view_filter ] --START--
INFO: Run Behavior\WriteHtmlCacheBehavior [ RunTime:0.000000s ]
INFO: [ view_filter ] --END-- [ RunTime:-0.001000s ]
INFO: [ app_end ] --START--
INFO: Run Behavior\ShowPageTraceBehavior [ RunTime:0.000000s ]
INFO: [ app_end ] --END-- [ RunTime:0.001000s ]

[ 2019-04-27T22:34:43+08:00 ] 127.0.0.1 /sptmcx/Home/Ugoods/add.html
INFO: [ app_init ] --START--
INFO: Run Behavior\BuildLiteBehavior [ RunTime:0.000000s ]
INFO: [ app_init ] --END-- [ RunTime:0.000000s ]
INFO: [ app_begin ] --START--
INFO: Run Behavior\ReadHtmlCacheBehavior [ RunTime:0.001000s ]
INFO: [ app_begin ] --END-- [ RunTime:0.001000s ]

[ 2019-04-27T22:34:43+08:00 ] 127.0.0.1 /sptmcx/Home/Login/index.html
INFO: [ app_init ] --START--
INFO: Run Behavior\BuildLiteBehavior [ RunTime:0.000000s ]
INFO: [ app_init ] --END-- [ RunTime:0.000000s ]
INFO: [ app_begin ] --START--
INFO: Run Behavior\ReadHtmlCacheBehavior [ RunTime:0.000000s ]
INFO: [ app_begin ] --END-- [ RunTime:0.000000s ]
SQL: SHOW COLUMNS FROM `sp_member` [ RunTime:0.0610s ]
INFO: [ view_parse ] --START--
INFO: [ template_filter ] --START--
INFO: Run Behavior\ContentReplaceBehavior [ RunTime:0.000000s ]
INFO: [ template_filter ] --END-- [ RunTime:0.000000s ]
NOTIC: [8] Undefined variable: GBTitle D:\phpStudy\WWW\sptmcx\Application\Runtime\Cache\Home\5b6adcb62ad2b5dfc2abc2cd5e11dc99.php 第 8 行.
NOTIC: [8] Undefined variable: GBMenu D:\phpStudy\WWW\sptmcx\Application\Runtime\Cache\Home\5b6adcb62ad2b5dfc2abc2cd5e11dc99.php 第 8 行.
INFO: [ view_parse ] --START--
INFO: [ template_filter ] --START--
INFO: Run Behavior\ContentReplaceBehavior [ RunTime:0.000000s ]
INFO: [ template_filter ] --END-- [ RunTime:-0.003000s ]
INFO: Run Behavior\ParseTemplateBehavior [ RunTime:0.002000s ]
INFO: [ view_parse ] --END-- [ RunTime:0.002000s ]
INFO: [ view_filter ] --START--
INFO: Run Behavior\WriteHtmlCacheBehavior [ RunTime:0.000000s ]
INFO: [ view_filter ] --END-- [ RunTime:0.000000s ]
INFO: Run Behavior\ParseTemplateBehavior [ RunTime:0.002000s ]
INFO: [ view_parse ] --END-- [ RunTime:0.002000s ]
INFO: [ view_filter ] --START--
INFO: Run Behavior\WriteHtmlCacheBehavior [ RunTime:0.000000s ]
INFO: [ view_filter ] --END-- [ RunTime:0.000000s ]
INFO: [ app_end ] --START--
INFO: Run Behavior\ShowPageTraceBehavior [ RunTime:0.001000s ]
INFO: [ app_end ] --END-- [ RunTime:0.001000s ]

[ 2019-04-27T22:36:55+08:00 ] 127.0.0.1 /sptmcx/Home/Login/index.html
INFO: [ app_init ] --START--
INFO: Run Behavior\BuildLiteBehavior [ RunTime:0.000000s ]
INFO: [ app_init ] --END-- [ RunTime:0.000000s ]
INFO: [ app_begin ] --START--
INFO: Run Behavior\ReadHtmlCacheBehavior [ RunTime:0.000000s ]
INFO: [ app_begin ] --END-- [ RunTime:0.000000s ]
SQL: SHOW COLUMNS FROM `sp_member` [ RunTime:0.0640s ]
NOTIC: [8] Use of undefined constant username - assumed 'username' D:\phpStudy\WWW\sptmcx\Application\Common\Model\MemberModel.class.php 第 109 行.
NOTIC: [8] Use of undefined constant username - assumed 'username' D:\phpStudy\WWW\sptmcx\Application\Common\Model\MemberModel.class.php 第 109 行.
NOTIC: [8] Use of undefined constant username - assumed 'username' D:\phpStudy\WWW\sptmcx\Application\Common\Model\MemberModel.class.php 第 109 行.
NOTIC: [8] Use of undefined constant password - assumed 'password' D:\phpStudy\WWW\sptmcx\Application\Common\Model\MemberModel.class.php 第 109 行.
SQL: SELECT * FROM `sp_member` WHERE ( (username='13637972799' OR email='13637972799' OR mobile='13637972799') AND password='d29f5ddf0b132ef25c471ffe6e032b90' ) LIMIT 1   [ RunTime:0.0640s ]

[ 2019-04-27T22:37:07+08:00 ] 127.0.0.1 /sptmcx/Home/Login/index.html
INFO: [ app_init ] --START--
INFO: Run Behavior\BuildLiteBehavior [ RunTime:0.000000s ]
INFO: [ app_init ] --END-- [ RunTime:0.001000s ]
INFO: [ app_begin ] --START--
INFO: Run Behavior\ReadHtmlCacheBehavior [ RunTime:0.001000s ]
INFO: [ app_begin ] --END-- [ RunTime:0.001000s ]
SQL: SHOW COLUMNS FROM `sp_member` [ RunTime:0.0750s ]
NOTIC: [8] Use of undefined constant username - assumed 'username' D:\phpStudy\WWW\sptmcx\Application\Common\Model\MemberModel.class.php 第 109 行.
NOTIC: [8] Use of undefined constant username - assumed 'username' D:\phpStudy\WWW\sptmcx\Application\Common\Model\MemberModel.class.php 第 109 行.
NOTIC: [8] Use of undefined constant username - assumed 'username' D:\phpStudy\WWW\sptmcx\Application\Common\Model\MemberModel.class.php 第 109 行.
NOTIC: [8] Use of undefined constant password - assumed 'password' D:\phpStudy\WWW\sptmcx\Application\Common\Model\MemberModel.class.php 第 109 行.
SQL: SELECT * FROM `sp_member` WHERE ( (username='13637972799' OR email='13637972799' OR mobile='13637972799') AND password='67a4c5bbcecc25f0071788b662338192' ) LIMIT 1   [ RunTime:0.0750s ]

[ 2019-04-27T22:37:59+08:00 ] 127.0.0.1 /sptmcx/Home/Login/index.html
INFO: [ app_init ] --START--
INFO: Run Behavior\BuildLiteBehavior [ RunTime:0.000000s ]
INFO: [ app_init ] --END-- [ RunTime:0.001000s ]
INFO: [ app_begin ] --START--
INFO: Run Behavior\ReadHtmlCacheBehavior [ RunTime:0.001000s ]
INFO: [ app_begin ] --END-- [ RunTime:0.001000s ]
SQL: SHOW COLUMNS FROM `sp_member` [ RunTime:0.0640s ]
NOTIC: [8] Use of undefined constant username - assumed 'username' D:\phpStudy\WWW\sptmcx\Application\Common\Model\MemberModel.class.php 第 109 行.
NOTIC: [8] Use of undefined constant username - assumed 'username' D:\phpStudy\WWW\sptmcx\Application\Common\Model\MemberModel.class.php 第 109 行.
NOTIC: [8] Use of undefined constant username - assumed 'username' D:\phpStudy\WWW\sptmcx\Application\Common\Model\MemberModel.class.php 第 109 行.
NOTIC: [8] Use of undefined constant password - assumed 'password' D:\phpStudy\WWW\sptmcx\Application\Common\Model\MemberModel.class.php 第 109 行.
SQL: SELECT * FROM `sp_member` WHERE ( (username='13637972799' OR email='13637972799' OR mobile='13637972799') AND password='64d6bceb715ca185913302a07c8f1b1d' ) LIMIT 1   [ RunTime:0.0640s ]
SQL: SHOW COLUMNS FROM `sp_member_loginlog` [ RunTime:0.0630s ]
SQL: INSERT INTO `sp_member_loginlog` (`uid`,`loginip`,`logintime`) VALUES ('10','127.0.0.1','1556375878') [ RunTime:0.0660s ]

[ 2019-04-27T22:38:01+08:00 ] 127.0.0.1 /sptmcx/Home/Index/index.html
INFO: [ app_init ] --START--
INFO: Run Behavior\BuildLiteBehavior [ RunTime:0.000000s ]
INFO: [ app_init ] --END-- [ RunTime:0.001000s ]
INFO: [ app_begin ] --START--
INFO: Run Behavior\ReadHtmlCacheBehavior [ RunTime:0.000000s ]
INFO: [ app_begin ] --END-- [ RunTime:0.001000s ]
SQL: SHOW COLUMNS FROM `sp_member` [ RunTime:0.0610s ]
SQL: SELECT * FROM `sp_member` WHERE ( id='10' ) LIMIT 1   [ RunTime:0.0610s ]
SQL: SHOW COLUMNS FROM `sp_banner` [ RunTime:0.0600s ]
SQL: SHOW COLUMNS FROM `sp_news` [ RunTime:0.0600s ]
SQL: SELECT * FROM `sp_news` WHERE ( del=0 AND status=1 ) ORDER BY `displayorder` desc,`addtime` DESC LIMIT 0,3   [ RunTime:0.0600s ]
SQL: SHOW COLUMNS FROM `sp_announce` [ RunTime:0.0640s ]
SQL: SELECT * FROM `sp_announce` WHERE ( del=0 AND status=1 ) ORDER BY `id` DESC LIMIT 0,1   [ RunTime:0.0600s ]
SQL: SHOW COLUMNS FROM `sp_policies` [ RunTime:0.0610s ]
SQL: SELECT * FROM `sp_policies` WHERE ( del=0 AND status=1 ) ORDER BY `id` DESC LIMIT 0,3   [ RunTime:0.0600s ]
NOTIC: [8] Undefined variable: expertlist D:\phpStudy\WWW\sptmcx\Application\Home\Controller\IndexController.class.php 第 62 行.
INFO: [ view_parse ] --START--
INFO: [ template_filter ] --START--
INFO: Run Behavior\ContentReplaceBehavior [ RunTime:0.000000s ]
INFO: [ template_filter ] --END-- [ RunTime:0.000000s ]
NOTIC: [8] Undefined variable: GBTitle D:\phpStudy\WWW\sptmcx\Application\Runtime\Cache\Home\2a94b8bda04ff446dcedd42276fc99ee.php 第 8 行.
NOTIC: [8] Undefined variable: GBMenu D:\phpStudy\WWW\sptmcx\Application\Runtime\Cache\Home\2a94b8bda04ff446dcedd42276fc99ee.php 第 8 行.
NOTIC: [8] Use of undefined constant href - assumed 'href' D:\phpStudy\WWW\sptmcx\Application\Runtime\Cache\Home\2a94b8bda04ff446dcedd42276fc99ee.php 第 54 行.
NOTIC: [8] Use of undefined constant title - assumed 'title' D:\phpStudy\WWW\sptmcx\Application\Runtime\Cache\Home\2a94b8bda04ff446dcedd42276fc99ee.php 第 54 行.
NOTIC: [8] Use of undefined constant href - assumed 'href' D:\phpStudy\WWW\sptmcx\Application\Runtime\Cache\Home\2a94b8bda04ff446dcedd42276fc99ee.php 第 54 行.
NOTIC: [8] Use of undefined constant title - assumed 'title' D:\phpStudy\WWW\sptmcx\Application\Runtime\Cache\Home\2a94b8bda04ff446dcedd42276fc99ee.php 第 54 行.
NOTIC: [8] Undefined variable: newstypelist D:\phpStudy\WWW\sptmcx\Application\Runtime\Cache\Home\2a94b8bda04ff446dcedd42276fc99ee.php 第 133 行.
NOTIC: [8] Use of undefined constant addtime - assumed 'addtime' D:\phpStudy\WWW\sptmcx\Application\Runtime\Cache\Home\2a94b8bda04ff446dcedd42276fc99ee.php 第 134 行.
INFO: [ view_parse ] --START--
INFO: [ template_filter ] --START--
INFO: Run Behavior\ContentReplaceBehavior [ RunTime:0.000000s ]
INFO: [ template_filter ] --END-- [ RunTime:-0.003000s ]
INFO: Run Behavior\ParseTemplateBehavior [ RunTime:0.001000s ]
INFO: [ view_parse ] --END-- [ RunTime:0.001000s ]
INFO: [ view_filter ] --START--
INFO: Run Behavior\WriteHtmlCacheBehavior [ RunTime:0.000000s ]
INFO: [ view_filter ] --END-- [ RunTime:0.000000s ]
INFO: Run Behavior\ParseTemplateBehavior [ RunTime:0.002000s ]
INFO: [ view_parse ] --END-- [ RunTime:0.001000s ]
INFO: [ view_filter ] --START--
INFO: Run Behavior\WriteHtmlCacheBehavior [ RunTime:0.000000s ]
INFO: [ view_filter ] --END-- [ RunTime:-0.001000s ]
INFO: [ app_end ] --START--
INFO: Run Behavior\ShowPageTraceBehavior [ RunTime:0.000000s ]
INFO: [ app_end ] --END-- [ RunTime:0.000000s ]

[ 2019-04-27T22:38:05+08:00 ] 127.0.0.1 /sptmcx/Home/Servicehall/index.html
INFO: [ app_init ] --START--
INFO: Run Behavior\BuildLiteBehavior [ RunTime:0.000000s ]
INFO: [ app_init ] --END-- [ RunTime:0.000000s ]
INFO: [ app_begin ] --START--
INFO: Run Behavior\ReadHtmlCacheBehavior [ RunTime:0.000000s ]
INFO: [ app_begin ] --END-- [ RunTime:0.000000s ]
SQL: SHOW COLUMNS FROM `sp_member` [ RunTime:0.0610s ]
SQL: SELECT * FROM `sp_member` WHERE ( id='10' ) LIMIT 1   [ RunTime:0.0610s ]
INFO: [ view_parse ] --START--
INFO: [ template_filter ] --START--
INFO: Run Behavior\ContentReplaceBehavior [ RunTime:0.000000s ]
INFO: [ template_filter ] --END-- [ RunTime:0.000000s ]
NOTIC: [8] Undefined variable: GBTitle D:\phpStudy\WWW\sptmcx\Application\Runtime\Cache\Home\0b2d6e3ee53a1749a615ce0602fdeff3.php 第 8 行.
NOTIC: [8] Undefined variable: GBMenu D:\phpStudy\WWW\sptmcx\Application\Runtime\Cache\Home\0b2d6e3ee53a1749a615ce0602fdeff3.php 第 8 行.
SQL: SHOW COLUMNS FROM `sp_banner` [ RunTime:0.0610s ]
INFO: [ view_parse ] --START--
INFO: [ template_filter ] --START--
INFO: Run Behavior\ContentReplaceBehavior [ RunTime:0.000000s ]
INFO: [ template_filter ] --END-- [ RunTime:-0.064004s ]
NOTIC: [8] Use of undefined constant href - assumed 'href' D:\phpStudy\WWW\sptmcx\Application\Runtime\Cache\Home\4252d938903276e02fb1209078715c89.php 第 4 行.
NOTIC: [8] Use of undefined constant title - assumed 'title' D:\phpStudy\WWW\sptmcx\Application\Runtime\Cache\Home\4252d938903276e02fb1209078715c89.php 第 4 行.
INFO: Run Behavior\ParseTemplateBehavior [ RunTime:0.002000s ]
INFO: [ view_parse ] --END-- [ RunTime:0.002000s ]
INFO: [ view_filter ] --START--
INFO: Run Behavior\WriteHtmlCacheBehavior [ RunTime:0.001000s ]
INFO: [ view_filter ] --END-- [ RunTime:0.001000s ]
INFO: [ view_parse ] --START--
INFO: [ template_filter ] --START--
INFO: Run Behavior\ContentReplaceBehavior [ RunTime:0.000000s ]
INFO: [ template_filter ] --END-- [ RunTime:-0.067004s ]
INFO: Run Behavior\ParseTemplateBehavior [ RunTime:0.001000s ]
INFO: [ view_parse ] --END-- [ RunTime:-0.001000s ]
INFO: [ view_filter ] --START--
INFO: Run Behavior\WriteHtmlCacheBehavior [ RunTime:0.000000s ]
INFO: [ view_filter ] --END-- [ RunTime:-0.001000s ]
INFO: Run Behavior\ParseTemplateBehavior [ RunTime:0.002000s ]
INFO: [ view_parse ] --END-- [ RunTime:-0.001000s ]
INFO: [ view_filter ] --START--
INFO: Run Behavior\WriteHtmlCacheBehavior [ RunTime:0.000000s ]
INFO: [ view_filter ] --END-- [ RunTime:-0.002000s ]
INFO: [ app_end ] --START--
INFO: Run Behavior\ShowPageTraceBehavior [ RunTime:0.000000s ]
INFO: [ app_end ] --END-- [ RunTime:0.000000s ]

[ 2019-04-27T22:38:07+08:00 ] 127.0.0.1 /sptmcx/Home/Ugoods/add.html
INFO: [ app_init ] --START--
INFO: Run Behavior\BuildLiteBehavior [ RunTime:0.000000s ]
INFO: [ app_init ] --END-- [ RunTime:0.000000s ]
INFO: [ app_begin ] --START--
INFO: Run Behavior\ReadHtmlCacheBehavior [ RunTime:0.001000s ]
INFO: [ app_begin ] --END-- [ RunTime:0.001000s ]
SQL: SHOW COLUMNS FROM `sp_member` [ RunTime:0.0620s ]
SQL: SELECT * FROM `sp_member` WHERE ( id='10' ) LIMIT 1   [ RunTime:0.0610s ]
SQL: SELECT * FROM `sp_member` WHERE ( id='10' ) LIMIT 1   [ RunTime:0.0610s ]
INFO: [ view_parse ] --START--
INFO: [ template_filter ] --START--
INFO: Run Behavior\ContentReplaceBehavior [ RunTime:0.000000s ]
INFO: [ template_filter ] --END-- [ RunTime:0.000000s ]
NOTIC: [8] Undefined variable: GBTitle D:\phpStudy\WWW\sptmcx\Application\Runtime\Cache\Home\1323fa8277a27ebfaf01b00c72e05c95.php 第 8 行.
NOTIC: [8] Undefined variable: GBMenu D:\phpStudy\WWW\sptmcx\Application\Runtime\Cache\Home\1323fa8277a27ebfaf01b00c72e05c95.php 第 8 行.
INFO: [ view_parse ] --START--
INFO: [ template_filter ] --START--
INFO: Run Behavior\ContentReplaceBehavior [ RunTime:0.000000s ]
INFO: [ template_filter ] --END-- [ RunTime:-0.002000s ]
INFO: Run Behavior\ParseTemplateBehavior [ RunTime:0.001000s ]
INFO: [ view_parse ] --END-- [ RunTime:0.001000s ]
INFO: [ view_filter ] --START--
INFO: Run Behavior\WriteHtmlCacheBehavior [ RunTime:0.000000s ]
INFO: [ view_filter ] --END-- [ RunTime:0.000000s ]
INFO: Run Behavior\ParseTemplateBehavior [ RunTime:0.001000s ]
INFO: [ view_parse ] --END-- [ RunTime:0.001000s ]
INFO: [ view_filter ] --START--
INFO: Run Behavior\WriteHtmlCacheBehavior [ RunTime:0.000000s ]
INFO: [ view_filter ] --END-- [ RunTime:0.000000s ]
INFO: [ app_end ] --START--
INFO: Run Behavior\ShowPageTraceBehavior [ RunTime:0.000000s ]
INFO: [ app_end ] --END-- [ RunTime:0.001000s ]

[ 2019-04-27T22:39:26+08:00 ] 127.0.0.1 /sptmcx/Home/Ugoods/add.html
INFO: [ app_init ] --START--
INFO: Run Behavior\BuildLiteBehavior [ RunTime:0.000000s ]
INFO: [ app_init ] --END-- [ RunTime:0.001000s ]
INFO: [ app_begin ] --START--
INFO: Run Behavior\ReadHtmlCacheBehavior [ RunTime:0.001000s ]
INFO: [ app_begin ] --END-- [ RunTime:0.001000s ]
SQL: SHOW COLUMNS FROM `sp_member` [ RunTime:0.0610s ]
SQL: SELECT * FROM `sp_member` WHERE ( id='10' ) LIMIT 1   [ RunTime:0.0610s ]
SQL: SELECT * FROM `sp_member` WHERE ( id='10' ) LIMIT 1   [ RunTime:0.0610s ]
INFO: [ view_parse ] --START--
INFO: [ template_filter ] --START--
INFO: Run Behavior\ContentReplaceBehavior [ RunTime:0.000000s ]
INFO: [ template_filter ] --END-- [ RunTime:0.001000s ]
NOTIC: [8] Undefined variable: GBTitle D:\phpStudy\WWW\sptmcx\Application\Runtime\Cache\Home\1323fa8277a27ebfaf01b00c72e05c95.php 第 8 行.
NOTIC: [8] Undefined variable: GBMenu D:\phpStudy\WWW\sptmcx\Application\Runtime\Cache\Home\1323fa8277a27ebfaf01b00c72e05c95.php 第 8 行.
INFO: [ view_parse ] --START--
INFO: [ template_filter ] --START--
INFO: Run Behavior\ContentReplaceBehavior [ RunTime:0.000000s ]
INFO: [ template_filter ] --END-- [ RunTime:-0.002000s ]
INFO: Run Behavior\ParseTemplateBehavior [ RunTime:0.001000s ]
INFO: [ view_parse ] --END-- [ RunTime:0.001000s ]
INFO: [ view_filter ] --START--
INFO: Run Behavior\WriteHtmlCacheBehavior [ RunTime:0.001000s ]
INFO: [ view_filter ] --END-- [ RunTime:0.001000s ]
INFO: Run Behavior\ParseTemplateBehavior [ RunTime:0.002000s ]
INFO: [ view_parse ] --END-- [ RunTime:0.001000s ]
INFO: [ view_filter ] --START--
INFO: Run Behavior\WriteHtmlCacheBehavior [ RunTime:0.000000s ]
INFO: [ view_filter ] --END-- [ RunTime:0.000000s ]
INFO: [ app_end ] --START--
INFO: Run Behavior\ShowPageTraceBehavior [ RunTime:0.001000s ]
INFO: [ app_end ] --END-- [ RunTime:0.001000s ]

[ 2019-04-27T22:42:59+08:00 ] 127.0.0.1 /sptmcx/Home/Ugoods/add.html
INFO: [ app_init ] --START--
INFO: Run Behavior\BuildLiteBehavior [ RunTime:0.000000s ]
INFO: [ app_init ] --END-- [ RunTime:0.000000s ]
INFO: [ app_begin ] --START--
INFO: Run Behavior\ReadHtmlCacheBehavior [ RunTime:0.001000s ]
INFO: [ app_begin ] --END-- [ RunTime:0.001000s ]
SQL: SHOW COLUMNS FROM `sp_member` [ RunTime:0.0730s ]
SQL: SELECT * FROM `sp_member` WHERE ( id='10' ) LIMIT 1   [ RunTime:0.0730s ]
SQL: SELECT * FROM `sp_member` WHERE ( id='10' ) LIMIT 1   [ RunTime:0.0730s ]
INFO: [ view_parse ] --START--
INFO: [ template_filter ] --START--
INFO: Run Behavior\ContentReplaceBehavior [ RunTime:0.000000s ]
INFO: [ template_filter ] --END-- [ RunTime:0.000000s ]
NOTIC: [8] Undefined variable: GBTitle D:\phpStudy\WWW\sptmcx\Application\Runtime\Cache\Home\1323fa8277a27ebfaf01b00c72e05c95.php 第 8 行.
NOTIC: [8] Undefined variable: GBMenu D:\phpStudy\WWW\sptmcx\Application\Runtime\Cache\Home\1323fa8277a27ebfaf01b00c72e05c95.php 第 8 行.
INFO: [ view_parse ] --START--
INFO: [ template_filter ] --START--
INFO: Run Behavior\ContentReplaceBehavior [ RunTime:0.000000s ]
INFO: [ template_filter ] --END-- [ RunTime:-0.002000s ]
INFO: Run Behavior\ParseTemplateBehavior [ RunTime:0.001000s ]
INFO: [ view_parse ] --END-- [ RunTime:0.001000s ]
INFO: [ view_filter ] --START--
INFO: Run Behavior\WriteHtmlCacheBehavior [ RunTime:0.000000s ]
INFO: [ view_filter ] --END-- [ RunTime:0.001000s ]
INFO: Run Behavior\ParseTemplateBehavior [ RunTime:0.002000s ]
INFO: [ view_parse ] --END-- [ RunTime:0.001000s ]
INFO: [ view_filter ] --START--
INFO: Run Behavior\WriteHtmlCacheBehavior [ RunTime:0.000000s ]
INFO: [ view_filter ] --END-- [ RunTime:0.000000s ]
INFO: [ app_end ] --START--
INFO: Run Behavior\ShowPageTraceBehavior [ RunTime:0.000000s ]
INFO: [ app_end ] --END-- [ RunTime:0.000000s ]

[ 2019-04-27T22:44:10+08:00 ] 127.0.0.1 /sptmcx/Home/Ugoods/add.html
INFO: [ app_init ] --START--
INFO: Run Behavior\BuildLiteBehavior [ RunTime:0.000000s ]
INFO: [ app_init ] --END-- [ RunTime:0.000000s ]
INFO: [ app_begin ] --START--
INFO: Run Behavior\ReadHtmlCacheBehavior [ RunTime:0.000000s ]
INFO: [ app_begin ] --END-- [ RunTime:0.000000s ]
SQL: SHOW COLUMNS FROM `sp_member` [ RunTime:0.0720s ]
SQL: SELECT * FROM `sp_member` WHERE ( id='10' ) LIMIT 1   [ RunTime:0.0730s ]
SQL: SELECT * FROM `sp_member` WHERE ( id='10' ) LIMIT 1   [ RunTime:0.0720s ]
INFO: [ view_parse ] --START--
INFO: [ template_filter ] --START--
INFO: Run Behavior\ContentReplaceBehavior [ RunTime:0.000000s ]
INFO: [ template_filter ] --END-- [ RunTime:0.000000s ]
NOTIC: [8] Undefined variable: GBTitle D:\phpStudy\WWW\sptmcx\Application\Runtime\Cache\Home\1323fa8277a27ebfaf01b00c72e05c95.php 第 8 行.
NOTIC: [8] Undefined variable: GBMenu D:\phpStudy\WWW\sptmcx\Application\Runtime\Cache\Home\1323fa8277a27ebfaf01b00c72e05c95.php 第 8 行.
INFO: [ view_parse ] --START--
INFO: [ template_filter ] --START--
INFO: Run Behavior\ContentReplaceBehavior [ RunTime:0.000000s ]
INFO: [ template_filter ] --END-- [ RunTime:-0.003000s ]
INFO: Run Behavior\ParseTemplateBehavior [ RunTime:0.001000s ]
INFO: [ view_parse ] --END-- [ RunTime:0.001000s ]
INFO: [ view_filter ] --START--
INFO: Run Behavior\WriteHtmlCacheBehavior [ RunTime:0.001000s ]
INFO: [ view_filter ] --END-- [ RunTime:0.001000s ]
INFO: Run Behavior\ParseTemplateBehavior [ RunTime:0.002000s ]
INFO: [ view_parse ] --END-- [ RunTime:0.001000s ]
INFO: [ view_filter ] --START--
INFO: Run Behavior\WriteHtmlCacheBehavior [ RunTime:0.000000s ]
INFO: [ view_filter ] --END-- [ RunTime:0.000000s ]
INFO: [ app_end ] --START--
INFO: Run Behavior\ShowPageTraceBehavior [ RunTime:0.001000s ]
INFO: [ app_end ] --END-- [ RunTime:0.001000s ]

[ 2019-04-27T22:44:48+08:00 ] 127.0.0.1 /sptmcx/Home/Ugoods/add.html
INFO: [ app_init ] --START--
INFO: Run Behavior\BuildLiteBehavior [ RunTime:0.000000s ]
INFO: [ app_init ] --END-- [ RunTime:0.000000s ]
INFO: [ app_begin ] --START--
INFO: Run Behavior\ReadHtmlCacheBehavior [ RunTime:0.001000s ]
INFO: [ app_begin ] --END-- [ RunTime:0.001000s ]
SQL: SHOW COLUMNS FROM `sp_member` [ RunTime:0.0740s ]
SQL: SELECT * FROM `sp_member` WHERE ( id='10' ) LIMIT 1   [ RunTime:0.0740s ]
SQL: SELECT * FROM `sp_member` WHERE ( id='10' ) LIMIT 1   [ RunTime:0.0740s ]
INFO: [ view_parse ] --START--
INFO: [ template_filter ] --START--
INFO: Run Behavior\ContentReplaceBehavior [ RunTime:0.000000s ]
INFO: [ template_filter ] --END-- [ RunTime:0.001000s ]
NOTIC: [8] Undefined variable: GBTitle D:\phpStudy\WWW\sptmcx\Application\Runtime\Cache\Home\1323fa8277a27ebfaf01b00c72e05c95.php 第 8 行.
NOTIC: [8] Undefined variable: GBMenu D:\phpStudy\WWW\sptmcx\Application\Runtime\Cache\Home\1323fa8277a27ebfaf01b00c72e05c95.php 第 8 行.
INFO: [ view_parse ] --START--
INFO: [ template_filter ] --START--
INFO: Run Behavior\ContentReplaceBehavior [ RunTime:0.000000s ]
INFO: [ template_filter ] --END-- [ RunTime:-0.002000s ]
INFO: Run Behavior\ParseTemplateBehavior [ RunTime:0.001000s ]
INFO: [ view_parse ] --END-- [ RunTime:0.001000s ]
INFO: [ view_filter ] --START--
INFO: Run Behavior\WriteHtmlCacheBehavior [ RunTime:0.001000s ]
INFO: [ view_filter ] --END-- [ RunTime:0.001000s ]
INFO: Run Behavior\ParseTemplateBehavior [ RunTime:0.002000s ]
INFO: [ view_parse ] --END-- [ RunTime:0.001000s ]
INFO: [ view_filter ] --START--
INFO: Run Behavior\WriteHtmlCacheBehavior [ RunTime:0.000000s ]
INFO: [ view_filter ] --END-- [ RunTime:0.000000s ]
INFO: [ app_end ] --START--
INFO: Run Behavior\ShowPageTraceBehavior [ RunTime:0.001000s ]
INFO: [ app_end ] --END-- [ RunTime:0.001000s ]

[ 2019-04-27T22:46:37+08:00 ] 127.0.0.1 /sptmcx/Home/Ugoods/add.html
INFO: [ app_init ] --START--
INFO: Run Behavior\BuildLiteBehavior [ RunTime:0.000000s ]
INFO: [ app_init ] --END-- [ RunTime:0.000000s ]
INFO: [ app_begin ] --START--
INFO: Run Behavior\ReadHtmlCacheBehavior [ RunTime:0.001000s ]
INFO: [ app_begin ] --END-- [ RunTime:0.001000s ]
SQL: SHOW COLUMNS FROM `sp_member` [ RunTime:0.0730s ]
SQL: SELECT * FROM `sp_member` WHERE ( id='10' ) LIMIT 1   [ RunTime:0.0730s ]
SQL: SELECT * FROM `sp_member` WHERE ( id='10' ) LIMIT 1   [ RunTime:0.0730s ]
INFO: [ view_parse ] --START--
INFO: [ template_filter ] --START--
INFO: Run Behavior\ContentReplaceBehavior [ RunTime:0.000000s ]
INFO: [ template_filter ] --END-- [ RunTime:0.000000s ]
NOTIC: [8] Undefined variable: GBTitle D:\phpStudy\WWW\sptmcx\Application\Runtime\Cache\Home\1323fa8277a27ebfaf01b00c72e05c95.php 第 8 行.
NOTIC: [8] Undefined variable: GBMenu D:\phpStudy\WWW\sptmcx\Application\Runtime\Cache\Home\1323fa8277a27ebfaf01b00c72e05c95.php 第 8 行.
INFO: [ view_parse ] --START--
INFO: [ template_filter ] --START--
INFO: Run Behavior\ContentReplaceBehavior [ RunTime:0.000000s ]
INFO: [ template_filter ] --END-- [ RunTime:-0.003000s ]
INFO: Run Behavior\ParseTemplateBehavior [ RunTime:0.002000s ]
INFO: [ view_parse ] --END-- [ RunTime:0.002000s ]
INFO: [ view_filter ] --START--
INFO: Run Behavior\WriteHtmlCacheBehavior [ RunTime:0.000000s ]
INFO: [ view_filter ] --END-- [ RunTime:0.000000s ]
INFO: Run Behavior\ParseTemplateBehavior [ RunTime:0.002000s ]
INFO: [ view_parse ] --END-- [ RunTime:0.002000s ]
INFO: [ view_filter ] --START--
INFO: Run Behavior\WriteHtmlCacheBehavior [ RunTime:0.000000s ]
INFO: [ view_filter ] --END-- [ RunTime:0.000000s ]
INFO: [ app_end ] --START--
INFO: Run Behavior\ShowPageTraceBehavior [ RunTime:0.001000s ]
INFO: [ app_end ] --END-- [ RunTime:0.001000s ]

[ 2019-04-27T22:46:53+08:00 ] 127.0.0.1 /sptmcx/Home/Ugoods/add.html
INFO: [ app_init ] --START--
INFO: Run Behavior\BuildLiteBehavior [ RunTime:0.000000s ]
INFO: [ app_init ] --END-- [ RunTime:0.000000s ]
INFO: [ app_begin ] --START--
INFO: Run Behavior\ReadHtmlCacheBehavior [ RunTime:0.000000s ]
INFO: [ app_begin ] --END-- [ RunTime:0.000000s ]
SQL: SHOW COLUMNS FROM `sp_member` [ RunTime:0.0740s ]
SQL: SELECT * FROM `sp_member` WHERE ( id='10' ) LIMIT 1   [ RunTime:0.0740s ]
SQL: SELECT * FROM `sp_member` WHERE ( id='10' ) LIMIT 1   [ RunTime:0.0740s ]
INFO: [ view_parse ] --START--
INFO: [ template_filter ] --START--
INFO: Run Behavior\ContentReplaceBehavior [ RunTime:0.000000s ]
INFO: [ template_filter ] --END-- [ RunTime:0.000000s ]
NOTIC: [8] Undefined variable: GBTitle D:\phpStudy\WWW\sptmcx\Application\Runtime\Cache\Home\1323fa8277a27ebfaf01b00c72e05c95.php 第 8 行.
NOTIC: [8] Undefined variable: GBMenu D:\phpStudy\WWW\sptmcx\Application\Runtime\Cache\Home\1323fa8277a27ebfaf01b00c72e05c95.php 第 8 行.
INFO: [ view_parse ] --START--
INFO: [ template_filter ] --START--
INFO: Run Behavior\ContentReplaceBehavior [ RunTime:0.000000s ]
INFO: [ template_filter ] --END-- [ RunTime:-0.002000s ]
INFO: Run Behavior\ParseTemplateBehavior [ RunTime:0.001000s ]
INFO: [ view_parse ] --END-- [ RunTime:0.001000s ]
INFO: [ view_filter ] --START--
INFO: Run Behavior\WriteHtmlCacheBehavior [ RunTime:0.000000s ]
INFO: [ view_filter ] --END-- [ RunTime:0.000000s ]
INFO: Run Behavior\ParseTemplateBehavior [ RunTime:0.002000s ]
INFO: [ view_parse ] --END-- [ RunTime:0.001000s ]
INFO: [ view_filter ] --START--
INFO: Run Behavior\WriteHtmlCacheBehavior [ RunTime:0.000000s ]
INFO: [ view_filter ] --END-- [ RunTime:-0.001000s ]
INFO: [ app_end ] --START--
INFO: Run Behavior\ShowPageTraceBehavior [ RunTime:0.000000s ]
INFO: [ app_end ] --END-- [ RunTime:0.000000s ]

[ 2019-04-27T22:58:09+08:00 ] 127.0.0.1 /sptmcx/Home/Ugoods/add.html
INFO: [ app_init ] --START--
INFO: Run Behavior\BuildLiteBehavior [ RunTime:0.000000s ]
INFO: [ app_init ] --END-- [ RunTime:0.001000s ]
INFO: [ app_begin ] --START--
INFO: Run Behavior\ReadHtmlCacheBehavior [ RunTime:0.001000s ]
INFO: [ app_begin ] --END-- [ RunTime:0.001000s ]
SQL: SHOW COLUMNS FROM `sp_member` [ RunTime:0.0650s ]
SQL: SELECT * FROM `sp_member` WHERE ( id='10' ) LIMIT 1   [ RunTime:0.0640s ]
SQL: SELECT * FROM `sp_member` WHERE ( id='10' ) LIMIT 1   [ RunTime:0.0640s ]
SQL: SHOW COLUMNS FROM `sp_member_unit` [ RunTime:0.0630s ]
SQL: SELECT * FROM `sp_member_unit` WHERE ( id='0' ) LIMIT 1   [ RunTime:0.0630s ]
INFO: [ view_parse ] --START--
INFO: [ template_filter ] --START--
INFO: Run Behavior\ContentReplaceBehavior [ RunTime:0.000000s ]
INFO: [ template_filter ] --END-- [ RunTime:0.000000s ]
NOTIC: [8] Undefined variable: GBTitle D:\phpStudy\WWW\sptmcx\Application\Runtime\Cache\Home\1323fa8277a27ebfaf01b00c72e05c95.php 第 8 行.
NOTIC: [8] Undefined variable: GBMenu D:\phpStudy\WWW\sptmcx\Application\Runtime\Cache\Home\1323fa8277a27ebfaf01b00c72e05c95.php 第 8 行.
INFO: [ view_parse ] --START--
INFO: [ template_filter ] --START--
INFO: Run Behavior\ContentReplaceBehavior [ RunTime:0.000000s ]
INFO: [ template_filter ] --END-- [ RunTime:-0.003001s ]
INFO: Run Behavior\ParseTemplateBehavior [ RunTime:0.001000s ]
INFO: [ view_parse ] --END-- [ RunTime:0.001000s ]
INFO: [ view_filter ] --START--
INFO: Run Behavior\WriteHtmlCacheBehavior [ RunTime:0.000000s ]
INFO: [ view_filter ] --END-- [ RunTime:0.000000s ]
INFO: Run Behavior\ParseTemplateBehavior [ RunTime:0.001000s ]
INFO: [ view_parse ] --END-- [ RunTime:0.001000s ]
INFO: [ view_filter ] --START--
INFO: Run Behavior\WriteHtmlCacheBehavior [ RunTime:0.000000s ]
INFO: [ view_filter ] --END-- [ RunTime:0.000000s ]
INFO: [ app_end ] --START--
INFO: Run Behavior\ShowPageTraceBehavior [ RunTime:0.001000s ]
INFO: [ app_end ] --END-- [ RunTime:0.001000s ]

[ 2019-04-27T22:59:41+08:00 ] 127.0.0.1 /sptmcx/Home/Ugoods/add.html
INFO: [ app_init ] --START--
INFO: Run Behavior\BuildLiteBehavior [ RunTime:0.000000s ]
INFO: [ app_init ] --END-- [ RunTime:0.000000s ]
INFO: [ app_begin ] --START--
INFO: Run Behavior\ReadHtmlCacheBehavior [ RunTime:0.001000s ]
INFO: [ app_begin ] --END-- [ RunTime:0.001000s ]
SQL: SHOW COLUMNS FROM `sp_member` [ RunTime:0.0730s ]
SQL: SELECT * FROM `sp_member` WHERE ( id='10' ) LIMIT 1   [ RunTime:0.0740s ]
SQL: SELECT * FROM `sp_member` WHERE ( id='10' ) LIMIT 1   [ RunTime:0.0730s ]
SQL: SHOW COLUMNS FROM `sp_member_unit` [ RunTime:0.0730s ]

[ 2019-04-27T23:11:58+08:00 ] 127.0.0.1 /sptmcx/Home/Ugoods/add.html
INFO: [ app_init ] --START--
INFO: Run Behavior\BuildLiteBehavior [ RunTime:0.000000s ]
INFO: [ app_init ] --END-- [ RunTime:0.001000s ]
INFO: [ app_begin ] --START--
INFO: Run Behavior\ReadHtmlCacheBehavior [ RunTime:0.000000s ]
INFO: [ app_begin ] --END-- [ RunTime:0.001000s ]
SQL: SHOW COLUMNS FROM `sp_member` [ RunTime:0.0640s ]
SQL: SELECT * FROM `sp_member` WHERE ( id='10' ) LIMIT 1   [ RunTime:0.0640s ]
SQL: SELECT * FROM `sp_member` WHERE ( id='10' ) LIMIT 1   [ RunTime:0.0640s ]
SQL: SHOW COLUMNS FROM `sp_member_unit` [ RunTime:0.0630s ]

[ 2019-04-27T23:12:21+08:00 ] 127.0.0.1 /sptmcx/Home/Ugoods/add.html
INFO: [ app_init ] --START--
INFO: Run Behavior\BuildLiteBehavior [ RunTime:0.000000s ]
INFO: [ app_init ] --END-- [ RunTime:0.000000s ]
INFO: [ app_begin ] --START--
INFO: Run Behavior\ReadHtmlCacheBehavior [ RunTime:0.000000s ]
INFO: [ app_begin ] --END-- [ RunTime:0.000000s ]
SQL: SHOW COLUMNS FROM `sp_member` [ RunTime:0.0630s ]
SQL: SELECT * FROM `sp_member` WHERE ( id='10' ) LIMIT 1   [ RunTime:0.0630s ]
SQL: SELECT * FROM `sp_member` WHERE ( id='10' ) LIMIT 1   [ RunTime:0.0630s ]
SQL: SHOW COLUMNS FROM `sp_member_unit` [ RunTime:0.0630s ]
SQL: SELECT * FROM `sp_member_unit` WHERE ( id='191' ) LIMIT 1   [ RunTime:0.0630s ]
INFO: [ view_parse ] --START--
INFO: [ template_filter ] --START--
INFO: Run Behavior\ContentReplaceBehavior [ RunTime:0.000000s ]
INFO: [ template_filter ] --END-- [ RunTime:0.000000s ]
NOTIC: [8] Undefined variable: GBTitle D:\phpStudy\WWW\sptmcx\Application\Runtime\Cache\Home\1323fa8277a27ebfaf01b00c72e05c95.php 第 8 行.
NOTIC: [8] Undefined variable: GBMenu D:\phpStudy\WWW\sptmcx\Application\Runtime\Cache\Home\1323fa8277a27ebfaf01b00c72e05c95.php 第 8 行.
INFO: [ view_parse ] --START--
INFO: [ template_filter ] --START--
INFO: Run Behavior\ContentReplaceBehavior [ RunTime:0.000000s ]
INFO: [ template_filter ] --END-- [ RunTime:-0.003000s ]
INFO: Run Behavior\ParseTemplateBehavior [ RunTime:0.001000s ]
INFO: [ view_parse ] --END-- [ RunTime:0.001000s ]
INFO: [ view_filter ] --START--
INFO: Run Behavior\WriteHtmlCacheBehavior [ RunTime:0.001000s ]
INFO: [ view_filter ] --END-- [ RunTime:0.001000s ]
INFO: Run Behavior\ParseTemplateBehavior [ RunTime:0.002000s ]
INFO: [ view_parse ] --END-- [ RunTime:0.001000s ]
INFO: [ view_filter ] --START--
INFO: Run Behavior\WriteHtmlCacheBehavior [ RunTime:0.000000s ]
INFO: [ view_filter ] --END-- [ RunTime:0.000000s ]
INFO: [ app_end ] --START--
INFO: Run Behavior\ShowPageTraceBehavior [ RunTime:0.001000s ]
INFO: [ app_end ] --END-- [ RunTime:0.001000s ]

[ 2019-04-27T23:12:56+08:00 ] 127.0.0.1 /sptmcx/Home/Ugoods/add.html
INFO: [ app_init ] --START--
INFO: Run Behavior\BuildLiteBehavior [ RunTime:0.000000s ]
INFO: [ app_init ] --END-- [ RunTime:0.000000s ]
INFO: [ app_begin ] --START--
INFO: Run Behavior\ReadHtmlCacheBehavior [ RunTime:0.000000s ]
INFO: [ app_begin ] --END-- [ RunTime:0.000000s ]
SQL: SHOW COLUMNS FROM `sp_member` [ RunTime:0.0640s ]
SQL: SELECT * FROM `sp_member` WHERE ( id='10' ) LIMIT 1   [ RunTime:0.0640s ]
SQL: SELECT * FROM `sp_member` WHERE ( id='10' ) LIMIT 1   [ RunTime:0.0650s ]
SQL: SHOW COLUMNS FROM `sp_member_unit` [ RunTime:0.0640s ]
SQL: SELECT * FROM `sp_member_unit` WHERE ( id='191' ) LIMIT 1   [ RunTime:0.0640s ]
INFO: [ view_parse ] --START--
INFO: [ template_filter ] --START--
INFO: Run Behavior\ContentReplaceBehavior [ RunTime:0.000000s ]
INFO: [ template_filter ] --END-- [ RunTime:0.000000s ]
NOTIC: [8] Undefined variable: GBTitle D:\phpStudy\WWW\sptmcx\Application\Runtime\Cache\Home\1323fa8277a27ebfaf01b00c72e05c95.php 第 8 行.
NOTIC: [8] Undefined variable: GBMenu D:\phpStudy\WWW\sptmcx\Application\Runtime\Cache\Home\1323fa8277a27ebfaf01b00c72e05c95.php 第 8 行.
INFO: [ view_parse ] --START--
INFO: [ template_filter ] --START--
INFO: Run Behavior\ContentReplaceBehavior [ RunTime:0.000000s ]
INFO: [ template_filter ] --END-- [ RunTime:-0.003000s ]
INFO: Run Behavior\ParseTemplateBehavior [ RunTime:0.001000s ]
INFO: [ view_parse ] --END-- [ RunTime:0.001000s ]
INFO: [ view_filter ] --START--
INFO: Run Behavior\WriteHtmlCacheBehavior [ RunTime:0.001000s ]
INFO: [ view_filter ] --END-- [ RunTime:0.001000s ]
INFO: Run Behavior\ParseTemplateBehavior [ RunTime:0.002000s ]
INFO: [ view_parse ] --END-- [ RunTime:0.001000s ]
INFO: [ view_filter ] --START--
INFO: Run Behavior\WriteHtmlCacheBehavior [ RunTime:0.000000s ]
INFO: [ view_filter ] --END-- [ RunTime:0.000000s ]
INFO: [ app_end ] --START--
INFO: Run Behavior\ShowPageTraceBehavior [ RunTime:0.001000s ]
INFO: [ app_end ] --END-- [ RunTime:0.001000s ]

[ 2019-04-27T23:13:55+08:00 ] 127.0.0.1 /sptmcx/Home/Goods/index.html
INFO: [ app_init ] --START--
INFO: Run Behavior\BuildLiteBehavior [ RunTime:0.000000s ]
INFO: [ app_init ] --END-- [ RunTime:0.000000s ]
INFO: [ app_begin ] --START--
INFO: Run Behavior\ReadHtmlCacheBehavior [ RunTime:0.001000s ]
INFO: [ app_begin ] --END-- [ RunTime:0.001000s ]
SQL: SHOW COLUMNS FROM `sp_member` [ RunTime:0.0630s ]
SQL: SELECT * FROM `sp_member` WHERE ( id='10' ) LIMIT 1   [ RunTime:0.0630s ]
INFO: [ view_parse ] --START--
INFO: [ template_filter ] --START--
INFO: Run Behavior\ContentReplaceBehavior [ RunTime:0.000000s ]
INFO: [ template_filter ] --END-- [ RunTime:0.000000s ]
NOTIC: [8] Undefined variable: GBTitle D:\phpStudy\WWW\sptmcx\Application\Runtime\Cache\Home\63839bc489ada1b251c78e0251f28b7d.php 第 8 行.
NOTIC: [8] Undefined variable: GBMenu D:\phpStudy\WWW\sptmcx\Application\Runtime\Cache\Home\63839bc489ada1b251c78e0251f28b7d.php 第 8 行.
SQL: SHOW COLUMNS FROM `sp_banner` [ RunTime:0.0630s ]
INFO: [ view_parse ] --START--
INFO: [ template_filter ] --START--
INFO: Run Behavior\ContentReplaceBehavior [ RunTime:0.000000s ]
INFO: [ template_filter ] --END-- [ RunTime:-0.068004s ]
NOTIC: [8] Use of undefined constant href - assumed 'href' D:\phpStudy\WWW\sptmcx\Application\Runtime\Cache\Home\4252d938903276e02fb1209078715c89.php 第 4 行.
NOTIC: [8] Use of undefined constant title - assumed 'title' D:\phpStudy\WWW\sptmcx\Application\Runtime\Cache\Home\4252d938903276e02fb1209078715c89.php 第 4 行.
INFO: Run Behavior\ParseTemplateBehavior [ RunTime:0.002000s ]
INFO: [ view_parse ] --END-- [ RunTime:0.002000s ]
INFO: [ view_filter ] --START--
INFO: Run Behavior\WriteHtmlCacheBehavior [ RunTime:0.001000s ]
INFO: [ view_filter ] --END-- [ RunTime:0.001000s ]
INFO: [ view_parse ] --START--
INFO: [ template_filter ] --START--
INFO: Run Behavior\ContentReplaceBehavior [ RunTime:0.000000s ]
INFO: [ template_filter ] --END-- [ RunTime:-0.070004s ]
INFO: Run Behavior\ParseTemplateBehavior [ RunTime:0.001000s ]
INFO: [ view_parse ] --END-- [ RunTime:-0.001000s ]
INFO: [ view_filter ] --START--
INFO: Run Behavior\WriteHtmlCacheBehavior [ RunTime:0.000000s ]
INFO: [ view_filter ] --END-- [ RunTime:-0.001000s ]
INFO: Run Behavior\ParseTemplateBehavior [ RunTime:0.001000s ]
INFO: [ view_parse ] --END-- [ RunTime:-0.001000s ]
INFO: [ view_filter ] --START--
INFO: Run Behavior\WriteHtmlCacheBehavior [ RunTime:0.000000s ]
INFO: [ view_filter ] --END-- [ RunTime:-0.001000s ]
INFO: [ app_end ] --START--
INFO: Run Behavior\ShowPageTraceBehavior [ RunTime:0.001000s ]
INFO: [ app_end ] --END-- [ RunTime:0.001000s ]

[ 2019-04-27T23:14:28+08:00 ] 127.0.0.1 /sptmcx/Home/Goods/index.html
INFO: [ app_init ] --START--
INFO: Run Behavior\BuildLiteBehavior [ RunTime:0.000000s ]
INFO: [ app_init ] --END-- [ RunTime:0.001000s ]
INFO: [ app_begin ] --START--
INFO: Run Behavior\ReadHtmlCacheBehavior [ RunTime:0.000000s ]
INFO: [ app_begin ] --END-- [ RunTime:0.000000s ]
SQL: SHOW COLUMNS FROM `sp_member` [ RunTime:0.0610s ]
SQL: SELECT * FROM `sp_member` WHERE ( id='10' ) LIMIT 1   [ RunTime:0.0610s ]
INFO: [ view_parse ] --START--
INFO: [ template_filter ] --START--
INFO: Run Behavior\ContentReplaceBehavior [ RunTime:0.000000s ]
INFO: [ template_filter ] --END-- [ RunTime:0.000000s ]
NOTIC: [8] Undefined variable: GBTitle D:\phpStudy\WWW\sptmcx\Application\Runtime\Cache\Home\63839bc489ada1b251c78e0251f28b7d.php 第 8 行.
NOTIC: [8] Undefined variable: GBMenu D:\phpStudy\WWW\sptmcx\Application\Runtime\Cache\Home\63839bc489ada1b251c78e0251f28b7d.php 第 8 行.
SQL: SHOW COLUMNS FROM `sp_banner` [ RunTime:0.0600s ]
INFO: [ view_parse ] --START--
INFO: [ template_filter ] --START--
INFO: Run Behavior\ContentReplaceBehavior [ RunTime:0.000000s ]
INFO: [ template_filter ] --END-- [ RunTime:-0.064004s ]
NOTIC: [8] Use of undefined constant href - assumed 'href' D:\phpStudy\WWW\sptmcx\Application\Runtime\Cache\Home\4252d938903276e02fb1209078715c89.php 第 4 行.
NOTIC: [8] Use of undefined constant title - assumed 'title' D:\phpStudy\WWW\sptmcx\Application\Runtime\Cache\Home\4252d938903276e02fb1209078715c89.php 第 4 行.
INFO: Run Behavior\ParseTemplateBehavior [ RunTime:0.002000s ]
INFO: [ view_parse ] --END-- [ RunTime:0.002000s ]
INFO: [ view_filter ] --START--
INFO: Run Behavior\WriteHtmlCacheBehavior [ RunTime:0.000000s ]
INFO: [ view_filter ] --END-- [ RunTime:0.000000s ]
INFO: [ view_parse ] --START--
INFO: [ template_filter ] --START--
INFO: Run Behavior\ContentReplaceBehavior [ RunTime:0.000000s ]
INFO: [ template_filter ] --END-- [ RunTime:-0.066004s ]
INFO: Run Behavior\ParseTemplateBehavior [ RunTime:0.001000s ]
INFO: [ view_parse ] --END-- [ RunTime:-0.001000s ]
INFO: [ view_filter ] --START--
INFO: Run Behavior\WriteHtmlCacheBehavior [ RunTime:0.000000s ]
INFO: [ view_filter ] --END-- [ RunTime:-0.002000s ]
INFO: Run Behavior\ParseTemplateBehavior [ RunTime:0.001000s ]
INFO: [ view_parse ] --END-- [ RunTime:-0.001000s ]
INFO: [ view_filter ] --START--
INFO: Run Behavior\WriteHtmlCacheBehavior [ RunTime:0.000000s ]
INFO: [ view_filter ] --END-- [ RunTime:-0.002000s ]
INFO: [ app_end ] --START--
INFO: Run Behavior\ShowPageTraceBehavior [ RunTime:0.001000s ]
INFO: [ app_end ] --END-- [ RunTime:0.001000s ]

[ 2019-04-27T23:16:43+08:00 ] 127.0.0.1 /sptmcx/Home/Goods/index.html
INFO: [ app_init ] --START--
INFO: Run Behavior\BuildLiteBehavior [ RunTime:0.000000s ]
INFO: [ app_init ] --END-- [ RunTime:0.001000s ]
INFO: [ app_begin ] --START--
INFO: Run Behavior\ReadHtmlCacheBehavior [ RunTime:0.000000s ]
INFO: [ app_begin ] --END-- [ RunTime:0.000000s ]
SQL: SHOW COLUMNS FROM `sp_member` [ RunTime:0.0510s ]
SQL: SELECT * FROM `sp_member` WHERE ( id='10' ) LIMIT 1   [ RunTime:0.0510s ]
INFO: [ view_parse ] --START--
INFO: [ template_filter ] --START--
INFO: Run Behavior\ContentReplaceBehavior [ RunTime:0.000000s ]
INFO: [ template_filter ] --END-- [ RunTime:0.000000s ]
NOTIC: [8] Undefined variable: GBTitle D:\phpStudy\WWW\sptmcx\Application\Runtime\Cache\Home\63839bc489ada1b251c78e0251f28b7d.php 第 8 行.
NOTIC: [8] Undefined variable: GBMenu D:\phpStudy\WWW\sptmcx\Application\Runtime\Cache\Home\63839bc489ada1b251c78e0251f28b7d.php 第 8 行.
SQL: SHOW COLUMNS FROM `sp_banner` [ RunTime:0.0510s ]
INFO: [ view_parse ] --START--
INFO: [ template_filter ] --START--
INFO: Run Behavior\ContentReplaceBehavior [ RunTime:0.000000s ]
INFO: [ template_filter ] --END-- [ RunTime:-0.055003s ]
NOTIC: [8] Use of undefined constant href - assumed 'href' D:\phpStudy\WWW\sptmcx\Application\Runtime\Cache\Home\4252d938903276e02fb1209078715c89.php 第 4 行.
NOTIC: [8] Use of undefined constant title - assumed 'title' D:\phpStudy\WWW\sptmcx\Application\Runtime\Cache\Home\4252d938903276e02fb1209078715c89.php 第 4 行.
INFO: Run Behavior\ParseTemplateBehavior [ RunTime:0.001000s ]
INFO: [ view_parse ] --END-- [ RunTime:0.001000s ]
INFO: [ view_filter ] --START--
INFO: Run Behavior\WriteHtmlCacheBehavior [ RunTime:0.001000s ]
INFO: [ view_filter ] --END-- [ RunTime:0.001000s ]
INFO: [ view_parse ] --START--
INFO: [ template_filter ] --START--
INFO: Run Behavior\ContentReplaceBehavior [ RunTime:0.000000s ]
INFO: [ template_filter ] --END-- [ RunTime:-0.057003s ]
INFO: Run Behavior\ParseTemplateBehavior [ RunTime:0.001000s ]
INFO: [ view_parse ] --END-- [ RunTime:-0.001000s ]
INFO: [ view_filter ] --START--
INFO: Run Behavior\WriteHtmlCacheBehavior [ RunTime:0.000000s ]
INFO: [ view_filter ] --END-- [ RunTime:-0.001000s ]
INFO: Run Behavior\ParseTemplateBehavior [ RunTime:0.001000s ]
INFO: [ view_parse ] --END-- [ RunTime:-0.001000s ]
INFO: [ view_filter ] --START--
INFO: Run Behavior\WriteHtmlCacheBehavior [ RunTime:0.000000s ]
INFO: [ view_filter ] --END-- [ RunTime:-0.001000s ]
INFO: [ app_end ] --START--
INFO: Run Behavior\ShowPageTraceBehavior [ RunTime:0.001000s ]
INFO: [ app_end ] --END-- [ RunTime:0.001000s ]

[ 2019-04-27T23:20:45+08:00 ] 127.0.0.1 /sptmcx/Home/Goods/index.html
INFO: [ app_init ] --START--
INFO: Run Behavior\BuildLiteBehavior [ RunTime:0.000000s ]
INFO: [ app_init ] --END-- [ RunTime:0.001000s ]
INFO: [ app_begin ] --START--
INFO: Run Behavior\ReadHtmlCacheBehavior [ RunTime:0.000000s ]
INFO: [ app_begin ] --END-- [ RunTime:0.000000s ]
SQL: SHOW COLUMNS FROM `sp_member` [ RunTime:0.0730s ]
SQL: SELECT * FROM `sp_member` WHERE ( id='10' ) LIMIT 1   [ RunTime:0.0760s ]
INFO: [ view_parse ] --START--
INFO: [ template_filter ] --START--
INFO: Run Behavior\ContentReplaceBehavior [ RunTime:0.000000s ]
INFO: [ template_filter ] --END-- [ RunTime:0.000000s ]
NOTIC: [8] Undefined variable: GBTitle D:\phpStudy\WWW\sptmcx\Application\Runtime\Cache\Home\63839bc489ada1b251c78e0251f28b7d.php 第 8 行.
NOTIC: [8] Undefined variable: GBMenu D:\phpStudy\WWW\sptmcx\Application\Runtime\Cache\Home\63839bc489ada1b251c78e0251f28b7d.php 第 8 行.
SQL: SHOW COLUMNS FROM `sp_banner` [ RunTime:0.0740s ]
INFO: [ view_parse ] --START--
INFO: [ template_filter ] --START--
INFO: Run Behavior\ContentReplaceBehavior [ RunTime:0.000000s ]
INFO: [ template_filter ] --END-- [ RunTime:-0.077005s ]
NOTIC: [8] Use of undefined constant href - assumed 'href' D:\phpStudy\WWW\sptmcx\Application\Runtime\Cache\Home\4252d938903276e02fb1209078715c89.php 第 4 行.
NOTIC: [8] Use of undefined constant title - assumed 'title' D:\phpStudy\WWW\sptmcx\Application\Runtime\Cache\Home\4252d938903276e02fb1209078715c89.php 第 4 行.
INFO: Run Behavior\ParseTemplateBehavior [ RunTime:0.002000s ]
INFO: [ view_parse ] --END-- [ RunTime:0.002000s ]
INFO: [ view_filter ] --START--
INFO: Run Behavior\WriteHtmlCacheBehavior [ RunTime:0.001000s ]
INFO: [ view_filter ] --END-- [ RunTime:0.001000s ]
INFO: [ view_parse ] --START--
INFO: [ template_filter ] --START--
INFO: Run Behavior\ContentReplaceBehavior [ RunTime:0.000000s ]
INFO: [ template_filter ] --END-- [ RunTime:-0.079005s ]
INFO: Run Behavior\ParseTemplateBehavior [ RunTime:0.001000s ]
INFO: [ view_parse ] --END-- [ RunTime:-0.001000s ]
INFO: [ view_filter ] --START--
INFO: Run Behavior\WriteHtmlCacheBehavior [ RunTime:0.000000s ]
INFO: [ view_filter ] --END-- [ RunTime:-0.001000s ]
INFO: Run Behavior\ParseTemplateBehavior [ RunTime:0.001000s ]
INFO: [ view_parse ] --END-- [ RunTime:-0.001000s ]
INFO: [ view_filter ] --START--
INFO: Run Behavior\WriteHtmlCacheBehavior [ RunTime:0.000000s ]
INFO: [ view_filter ] --END-- [ RunTime:-0.001000s ]
INFO: [ app_end ] --START--
INFO: Run Behavior\ShowPageTraceBehavior [ RunTime:0.001000s ]
INFO: [ app_end ] --END-- [ RunTime:0.001000s ]

[ 2019-04-27T23:24:08+08:00 ] 127.0.0.1 /sptmcx/Home/Goods/info.html
INFO: [ app_init ] --START--
INFO: Run Behavior\BuildLiteBehavior [ RunTime:0.000000s ]
INFO: [ app_init ] --END-- [ RunTime:0.001000s ]
INFO: [ app_begin ] --START--
INFO: Run Behavior\ReadHtmlCacheBehavior [ RunTime:0.000000s ]
INFO: [ app_begin ] --END-- [ RunTime:0.000000s ]
SQL: SHOW COLUMNS FROM `sp_member` [ RunTime:0.0670s ]
SQL: SELECT * FROM `sp_member` WHERE ( id='10' ) LIMIT 1   [ RunTime:0.0630s ]
INFO: [ view_parse ] --START--
INFO: [ template_filter ] --START--
INFO: Run Behavior\ContentReplaceBehavior [ RunTime:0.000000s ]
INFO: [ template_filter ] --END-- [ RunTime:0.000000s ]
NOTIC: [8] Undefined variable: GBTitle D:\phpStudy\WWW\sptmcx\Application\Runtime\Cache\Home\def73245a9e8f2a22b302ace8f9017bc.php 第 8 行.
NOTIC: [8] Undefined variable: GBMenu D:\phpStudy\WWW\sptmcx\Application\Runtime\Cache\Home\def73245a9e8f2a22b302ace8f9017bc.php 第 8 行.
SQL: SHOW COLUMNS FROM `sp_banner` [ RunTime:0.0650s ]
INFO: [ view_parse ] --START--
INFO: [ template_filter ] --START--
INFO: Run Behavior\ContentReplaceBehavior [ RunTime:0.000000s ]
INFO: [ template_filter ] --END-- [ RunTime:-0.069004s ]
NOTIC: [8] Use of undefined constant href - assumed 'href' D:\phpStudy\WWW\sptmcx\Application\Runtime\Cache\Home\4252d938903276e02fb1209078715c89.php 第 4 行.
NOTIC: [8] Use of undefined constant title - assumed 'title' D:\phpStudy\WWW\sptmcx\Application\Runtime\Cache\Home\4252d938903276e02fb1209078715c89.php 第 4 行.
INFO: Run Behavior\ParseTemplateBehavior [ RunTime:0.001000s ]
INFO: [ view_parse ] --END-- [ RunTime:0.001000s ]
INFO: [ view_filter ] --START--
INFO: Run Behavior\WriteHtmlCacheBehavior [ RunTime:0.001000s ]
INFO: [ view_filter ] --END-- [ RunTime:0.001000s ]
NOTIC: [8] Undefined variable: info D:\phpStudy\WWW\sptmcx\Application\Runtime\Cache\Home\def73245a9e8f2a22b302ace8f9017bc.php 第 38 行.
NOTIC: [8] Undefined variable: info D:\phpStudy\WWW\sptmcx\Application\Runtime\Cache\Home\def73245a9e8f2a22b302ace8f9017bc.php 第 46 行.
NOTIC: [8] Undefined variable: info D:\phpStudy\WWW\sptmcx\Application\Runtime\Cache\Home\def73245a9e8f2a22b302ace8f9017bc.php 第 47 行.
NOTIC: [8] Undefined variable: info D:\phpStudy\WWW\sptmcx\Application\Runtime\Cache\Home\def73245a9e8f2a22b302ace8f9017bc.php 第 56 行.
INFO: [ view_parse ] --START--
INFO: [ template_filter ] --START--
INFO: Run Behavior\ContentReplaceBehavior [ RunTime:0.000000s ]
INFO: [ template_filter ] --END-- [ RunTime:-0.071004s ]
INFO: Run Behavior\ParseTemplateBehavior [ RunTime:0.001000s ]
INFO: [ view_parse ] --END-- [ RunTime:-0.001000s ]
INFO: [ view_filter ] --START--
INFO: Run Behavior\WriteHtmlCacheBehavior [ RunTime:0.000000s ]
INFO: [ view_filter ] --END-- [ RunTime:-0.001000s ]
INFO: Run Behavior\ParseTemplateBehavior [ RunTime:0.002000s ]
INFO: [ view_parse ] --END-- [ RunTime:-0.001000s ]
INFO: [ view_filter ] --START--
INFO: Run Behavior\WriteHtmlCacheBehavior [ RunTime:0.000000s ]
INFO: [ view_filter ] --END-- [ RunTime:-0.002000s ]
INFO: [ app_end ] --START--
INFO: Run Behavior\ShowPageTraceBehavior [ RunTime:0.000000s ]
INFO: [ app_end ] --END-- [ RunTime:0.000000s ]

[ 2019-04-27T23:25:14+08:00 ] 127.0.0.1 /sptmcx/Home/Goods/info.html
INFO: [ app_init ] --START--
INFO: Run Behavior\BuildLiteBehavior [ RunTime:0.000000s ]
INFO: [ app_init ] --END-- [ RunTime:0.000000s ]
INFO: [ app_begin ] --START--
INFO: Run Behavior\ReadHtmlCacheBehavior [ RunTime:0.001000s ]
INFO: [ app_begin ] --END-- [ RunTime:0.001000s ]
SQL: SHOW COLUMNS FROM `sp_member` [ RunTime:0.0500s ]
SQL: SELECT * FROM `sp_member` WHERE ( id='10' ) LIMIT 1   [ RunTime:0.0500s ]
INFO: [ view_parse ] --START--
INFO: [ template_filter ] --START--
INFO: Run Behavior\ContentReplaceBehavior [ RunTime:0.000000s ]
INFO: [ template_filter ] --END-- [ RunTime:0.000000s ]
NOTIC: [8] Undefined variable: GBTitle D:\phpStudy\WWW\sptmcx\Application\Runtime\Cache\Home\def73245a9e8f2a22b302ace8f9017bc.php 第 8 行.
NOTIC: [8] Undefined variable: GBMenu D:\phpStudy\WWW\sptmcx\Application\Runtime\Cache\Home\def73245a9e8f2a22b302ace8f9017bc.php 第 8 行.
SQL: SHOW COLUMNS FROM `sp_banner` [ RunTime:0.0490s ]
INFO: [ view_parse ] --START--
INFO: [ template_filter ] --START--
INFO: Run Behavior\ContentReplaceBehavior [ RunTime:0.000000s ]
INFO: [ template_filter ] --END-- [ RunTime:-0.054003s ]
NOTIC: [8] Use of undefined constant href - assumed 'href' D:\phpStudy\WWW\sptmcx\Application\Runtime\Cache\Home\4252d938903276e02fb1209078715c89.php 第 4 行.
NOTIC: [8] Use of undefined constant title - assumed 'title' D:\phpStudy\WWW\sptmcx\Application\Runtime\Cache\Home\4252d938903276e02fb1209078715c89.php 第 4 行.
INFO: Run Behavior\ParseTemplateBehavior [ RunTime:0.002000s ]
INFO: [ view_parse ] --END-- [ RunTime:0.002000s ]
INFO: [ view_filter ] --START--
INFO: Run Behavior\WriteHtmlCacheBehavior [ RunTime:0.000000s ]
INFO: [ view_filter ] --END-- [ RunTime:0.000000s ]
INFO: [ view_parse ] --START--
INFO: [ template_filter ] --START--
INFO: Run Behavior\ContentReplaceBehavior [ RunTime:0.000000s ]
INFO: [ template_filter ] --END-- [ RunTime:-0.056003s ]
INFO: Run Behavior\ParseTemplateBehavior [ RunTime:0.001000s ]
INFO: [ view_parse ] --END-- [ RunTime:0.000000s ]
INFO: [ view_filter ] --START--
INFO: Run Behavior\WriteHtmlCacheBehavior [ RunTime:0.000000s ]
INFO: [ view_filter ] --END-- [ RunTime:-0.002000s ]
INFO: Run Behavior\ParseTemplateBehavior [ RunTime:0.001000s ]
INFO: [ view_parse ] --END-- [ RunTime:0.000000s ]
INFO: [ view_filter ] --START--
INFO: Run Behavior\WriteHtmlCacheBehavior [ RunTime:0.000000s ]
INFO: [ view_filter ] --END-- [ RunTime:-0.002000s ]
INFO: [ app_end ] --START--
INFO: Run Behavior\ShowPageTraceBehavior [ RunTime:0.001000s ]
INFO: [ app_end ] --END-- [ RunTime:0.001000s ]

