[ 2019-04-22T11:55:46+08:00 ] 127.0.0.1 /sptmcx/Public/Mobile/js/login.js?versionId=10000189
INFO: [ app_init ] --START--
INFO: Run Behavior\BuildLiteBehavior [ RunTime:0.000013s ]
INFO: [ app_init ] --END-- [ RunTime:0.000962s ]
ERR: 无法加载模块:Public

[ 2019-04-22T11:55:49+08:00 ] 127.0.0.1 /sptmcx/Public/Home/js/jquery.form.js
INFO: [ app_init ] --START--
INFO: Run Behavior\BuildLiteBehavior [ RunTime:0.000013s ]
INFO: [ app_init ] --END-- [ RunTime:0.000668s ]
ERR: 无法加载模块:Public

[ 2019-04-22T11:55:49+08:00 ] 127.0.0.1 /sptmcx/Public/Mobile/js/register.js?versionId=10000189
INFO: [ app_init ] --START--
INFO: Run Behavior\BuildLiteBehavior [ RunTime:0.000018s ]
INFO: [ app_init ] --END-- [ RunTime:0.000735s ]
ERR: 无法加载模块:Public

[ 2019-04-22T16:38:44+08:00 ] 127.0.0.1 /sptmcx/Public/Home/fonts/font_pg18qfwhyub/iconfont.css
INFO: [ app_init ] --START--
INFO: Run Behavior\BuildLiteBehavior [ RunTime:0.000013s ]
INFO: [ app_init ] --END-- [ RunTime:0.000608s ]
ERR: 无法加载模块:Public

[ 2019-04-22T16:38:45+08:00 ] 127.0.0.1 /sptmcx/Public/Home/fonts/font_pg18qfwhyub/iconfont.css
INFO: [ app_init ] --START--
INFO: Run Behavior\BuildLiteBehavior [ RunTime:0.000014s ]
INFO: [ app_init ] --END-- [ RunTime:0.000628s ]
ERR: 无法加载模块:Public

[ 2019-04-22T17:07:35+08:00 ] 127.0.0.1 /sptmcx/Public/Mobile/js/login.js?versionId=10000190
INFO: [ app_init ] --START--
INFO: Run Behavior\BuildLiteBehavior [ RunTime:0.000021s ]
INFO: [ app_init ] --END-- [ RunTime:0.001177s ]
ERR: 无法加载模块:Public

[ 2019-04-22T17:07:37+08:00 ] 127.0.0.1 /sptmcx/Public/Home/js/jquery.form.js
INFO: [ app_init ] --START--
INFO: Run Behavior\BuildLiteBehavior [ RunTime:0.000032s ]
INFO: [ app_init ] --END-- [ RunTime:0.000968s ]
ERR: 无法加载模块:Public

[ 2019-04-22T17:07:37+08:00 ] 127.0.0.1 /sptmcx/Public/Mobile/js/register.js?versionId=10000190
INFO: [ app_init ] --START--
INFO: Run Behavior\BuildLiteBehavior [ RunTime:0.000013s ]
INFO: [ app_init ] --END-- [ RunTime:0.000899s ]
ERR: 无法加载模块:Public

[ 2019-04-22T17:08:07+08:00 ] 127.0.0.1 /sptmcx/Public/Mobile/js/register.js?versionId=10000190
INFO: [ app_init ] --START--
INFO: Run Behavior\BuildLiteBehavior [ RunTime:0.000013s ]
INFO: [ app_init ] --END-- [ RunTime:0.000610s ]
ERR: 无法加载模块:Public

[ 2019-04-22T17:08:07+08:00 ] 127.0.0.1 /sptmcx/Public/Home/js/jquery.form.js
INFO: [ app_init ] --START--
INFO: Run Behavior\BuildLiteBehavior [ RunTime:0.000011s ]
INFO: [ app_init ] --END-- [ RunTime:0.000608s ]
ERR: 无法加载模块:Public

[ 2019-04-22T17:08:07+08:00 ] 127.0.0.1 /sptmcx/Public/Mobile/js/register.js?versionId=10000190
INFO: [ app_init ] --START--
INFO: Run Behavior\BuildLiteBehavior [ RunTime:0.000012s ]
INFO: [ app_init ] --END-- [ RunTime:0.000589s ]
ERR: 无法加载模块:Public

[ 2019-04-22T17:24:41+08:00 ] 127.0.0.1 /sptmcx/Public/Data/offshelf.png?versionId=10000190
INFO: [ app_init ] --START--
INFO: Run Behavior\BuildLiteBehavior [ RunTime:0.000014s ]
INFO: [ app_init ] --END-- [ RunTime:0.000706s ]

