[ 2019-04-23T09:47:31+08:00 ] 127.0.0.1 /sptmcx/Public/Mobile/js/login.js?versionId=10000190
INFO: [ app_init ] --START--
INFO: Run Behavior\BuildLiteBehavior [ RunTime:0.000013s ]
INFO: [ app_init ] --END-- [ RunTime:0.000742s ]
ERR: 无法加载模块:Public

[ 2019-04-23T09:47:33+08:00 ] 127.0.0.1 /sptmcx/Public/Home/js/jquery.form.js
INFO: [ app_init ] --START--
INFO: Run Behavior\BuildLiteBehavior [ RunTime:0.000022s ]
INFO: [ app_init ] --END-- [ RunTime:0.001239s ]
ERR: 无法加载模块:Public

[ 2019-04-23T09:48:51+08:00 ] 127.0.0.1 /sptmcx/Public/Home/js/jquery.form.js
INFO: [ app_init ] --START--
INFO: Run Behavior\BuildLiteBehavior [ RunTime:0.000013s ]
INFO: [ app_init ] --END-- [ RunTime:0.000609s ]
ERR: 无法加载模块:Public

[ 2019-04-23T09:49:29+08:00 ] 127.0.0.1 /sptmcx/Public/Home/js/jquery.form.js
INFO: [ app_init ] --START--
INFO: Run Behavior\BuildLiteBehavior [ RunTime:0.000013s ]
INFO: [ app_init ] --END-- [ RunTime:0.000764s ]
ERR: 无法加载模块:Public

[ 2019-04-23T09:59:02+08:00 ] 127.0.0.1 /sptmcx/Public/Mobile/css/setting.css?versionId=10000191
INFO: [ app_init ] --START--
INFO: Run Behavior\BuildLiteBehavior [ RunTime:0.000018s ]
INFO: [ app_init ] --END-- [ RunTime:0.000927s ]
ERR: 无法加载模块:Public

[ 2019-04-23T09:59:02+08:00 ] 127.0.0.1 /sptmcx/Public/Mobile/js/mui.view.js
INFO: [ app_init ] --START--
INFO: Run Behavior\BuildLiteBehavior [ RunTime:0.000024s ]
INFO: [ app_init ] --END-- [ RunTime:0.001900s ]
ERR: 无法加载模块:Public

[ 2019-04-23T09:59:02+08:00 ] 127.0.0.1 /sptmcx/Public/Mobile/js/mui.picker.min.js
INFO: [ app_init ] --START--
INFO: Run Behavior\BuildLiteBehavior [ RunTime:0.000014s ]
INFO: [ app_init ] --END-- [ RunTime:0.000677s ]
ERR: 无法加载模块:Public

[ 2019-04-23T09:59:06+08:00 ] 127.0.0.1 /sptmcx/Public/Mobile/css/setting.css?versionId=10000191
INFO: [ app_init ] --START--
INFO: Run Behavior\BuildLiteBehavior [ RunTime:0.000013s ]
INFO: [ app_init ] --END-- [ RunTime:0.000616s ]
ERR: 无法加载模块:Public

[ 2019-04-23T09:59:06+08:00 ] 127.0.0.1 /sptmcx/Public/Mobile/js/mui.view.js
INFO: [ app_init ] --START--
INFO: Run Behavior\BuildLiteBehavior [ RunTime:0.000012s ]
INFO: [ app_init ] --END-- [ RunTime:0.000733s ]
ERR: 无法加载模块:Public

[ 2019-04-23T09:59:06+08:00 ] 127.0.0.1 /sptmcx/Public/Mobile/js/mui.picker.min.js
INFO: [ app_init ] --START--
INFO: Run Behavior\BuildLiteBehavior [ RunTime:0.000014s ]
INFO: [ app_init ] --END-- [ RunTime:0.000611s ]
ERR: 无法加载模块:Public

[ 2019-04-23T10:01:16+08:00 ] 127.0.0.1 /sptmcx/Public/Mobile/css/setting.css?versionId=10000191
INFO: [ app_init ] --START--
INFO: Run Behavior\BuildLiteBehavior [ RunTime:0.000013s ]
INFO: [ app_init ] --END-- [ RunTime:0.000627s ]
ERR: 无法加载模块:Public

[ 2019-04-23T10:01:16+08:00 ] 127.0.0.1 /sptmcx/Public/Mobile/js/mui.view.js
INFO: [ app_init ] --START--
INFO: Run Behavior\BuildLiteBehavior [ RunTime:0.000013s ]
INFO: [ app_init ] --END-- [ RunTime:0.000821s ]
ERR: 无法加载模块:Public

[ 2019-04-23T10:01:16+08:00 ] 127.0.0.1 /sptmcx/Public/Mobile/js/mui.picker.min.js
INFO: [ app_init ] --START--
INFO: Run Behavior\BuildLiteBehavior [ RunTime:0.000021s ]
INFO: [ app_init ] --END-- [ RunTime:0.001097s ]
ERR: 无法加载模块:Public

[ 2019-04-23T10:01:17+08:00 ] 127.0.0.1 /sptmcx/Public/Mobile/css/setting.css?versionId=10000191
INFO: [ app_init ] --START--
INFO: Run Behavior\BuildLiteBehavior [ RunTime:0.000014s ]
INFO: [ app_init ] --END-- [ RunTime:0.000623s ]
ERR: 无法加载模块:Public

[ 2019-04-23T10:01:17+08:00 ] 127.0.0.1 /sptmcx/Public/Mobile/js/mui.view.js
INFO: [ app_init ] --START--
INFO: Run Behavior\BuildLiteBehavior [ RunTime:0.000013s ]
INFO: [ app_init ] --END-- [ RunTime:0.000650s ]
ERR: 无法加载模块:Public

[ 2019-04-23T10:01:17+08:00 ] 127.0.0.1 /sptmcx/Public/Mobile/js/mui.picker.min.js
INFO: [ app_init ] --START--
INFO: Run Behavior\BuildLiteBehavior [ RunTime:0.000013s ]
INFO: [ app_init ] --END-- [ RunTime:0.000605s ]
ERR: 无法加载模块:Public

[ 2019-04-23T10:02:11+08:00 ] 127.0.0.1 /sptmcx/Public/Mobile/css/setting.css?versionId=10000191
INFO: [ app_init ] --START--
INFO: Run Behavior\BuildLiteBehavior [ RunTime:0.000014s ]
INFO: [ app_init ] --END-- [ RunTime:0.000625s ]
ERR: 无法加载模块:Public

[ 2019-04-23T10:02:11+08:00 ] 127.0.0.1 /sptmcx/Public/Mobile/js/mui.view.js
INFO: [ app_init ] --START--
INFO: Run Behavior\BuildLiteBehavior [ RunTime:0.000015s ]
INFO: [ app_init ] --END-- [ RunTime:0.000667s ]
ERR: 无法加载模块:Public

[ 2019-04-23T10:02:11+08:00 ] 127.0.0.1 /sptmcx/Public/Mobile/js/mui.picker.min.js
INFO: [ app_init ] --START--
INFO: Run Behavior\BuildLiteBehavior [ RunTime:0.000013s ]
INFO: [ app_init ] --END-- [ RunTime:0.000633s ]
ERR: 无法加载模块:Public

[ 2019-04-23T10:02:11+08:00 ] 127.0.0.1 /sptmcx/Public/Mobile/js/mui.view.js
INFO: [ app_init ] --START--
INFO: Run Behavior\BuildLiteBehavior [ RunTime:0.000022s ]
INFO: [ app_init ] --END-- [ RunTime:0.000766s ]
ERR: 无法加载模块:Public

[ 2019-04-23T10:02:11+08:00 ] 127.0.0.1 /sptmcx/Public/Mobile/js/mui.picker.min.js
INFO: [ app_init ] --START--
INFO: Run Behavior\BuildLiteBehavior [ RunTime:0.000012s ]
INFO: [ app_init ] --END-- [ RunTime:0.000582s ]
ERR: 无法加载模块:Public

[ 2019-04-23T10:05:25+08:00 ] 127.0.0.1 /sptmcx/Public/Mobile/css/setting.css?versionId=10000191
INFO: [ app_init ] --START--
INFO: Run Behavior\BuildLiteBehavior [ RunTime:0.000013s ]
INFO: [ app_init ] --END-- [ RunTime:0.000689s ]
ERR: 无法加载模块:Public

[ 2019-04-23T10:05:25+08:00 ] 127.0.0.1 /sptmcx/Public/Mobile/js/mui.view.js
INFO: [ app_init ] --START--
INFO: Run Behavior\BuildLiteBehavior [ RunTime:0.000018s ]
INFO: [ app_init ] --END-- [ RunTime:0.001075s ]
ERR: 无法加载模块:Public

[ 2019-04-23T10:05:25+08:00 ] 127.0.0.1 /sptmcx/Public/Mobile/js/mui.picker.min.js
INFO: [ app_init ] --START--
INFO: Run Behavior\BuildLiteBehavior [ RunTime:0.000014s ]
INFO: [ app_init ] --END-- [ RunTime:0.000782s ]
ERR: 无法加载模块:Public

[ 2019-04-23T10:07:04+08:00 ] 127.0.0.1 /sptmcx/Public/Mobile/css/setting.css?versionId=10000191
INFO: [ app_init ] --START--
INFO: Run Behavior\BuildLiteBehavior [ RunTime:0.000021s ]
INFO: [ app_init ] --END-- [ RunTime:0.000901s ]
ERR: 无法加载模块:Public

[ 2019-04-23T10:07:04+08:00 ] 127.0.0.1 /sptmcx/Public/Mobile/js/mui.view.js
INFO: [ app_init ] --START--
INFO: Run Behavior\BuildLiteBehavior [ RunTime:0.000020s ]
INFO: [ app_init ] --END-- [ RunTime:0.000972s ]
ERR: 无法加载模块:Public

[ 2019-04-23T10:07:04+08:00 ] 127.0.0.1 /sptmcx/Public/Mobile/js/mui.picker.min.js
INFO: [ app_init ] --START--
INFO: Run Behavior\BuildLiteBehavior [ RunTime:0.000019s ]
INFO: [ app_init ] --END-- [ RunTime:0.000953s ]
ERR: 无法加载模块:Public

[ 2019-04-23T10:07:04+08:00 ] 127.0.0.1 /sptmcx/Public/Mobile/js/mui.view.js
INFO: [ app_init ] --START--
INFO: Run Behavior\BuildLiteBehavior [ RunTime:0.000018s ]
INFO: [ app_init ] --END-- [ RunTime:0.000836s ]
ERR: 无法加载模块:Public

[ 2019-04-23T10:07:04+08:00 ] 127.0.0.1 /sptmcx/Public/Mobile/js/mui.picker.min.js
INFO: [ app_init ] --START--
INFO: Run Behavior\BuildLiteBehavior [ RunTime:0.000020s ]
INFO: [ app_init ] --END-- [ RunTime:0.000927s ]
ERR: 无法加载模块:Public

[ 2019-04-23T10:08:04+08:00 ] 127.0.0.1 /sptmcx/Public/Mobile/css/setting.css?versionId=10000191
INFO: [ app_init ] --START--
INFO: Run Behavior\BuildLiteBehavior [ RunTime:0.000015s ]
INFO: [ app_init ] --END-- [ RunTime:0.000740s ]
ERR: 无法加载模块:Public

[ 2019-04-23T10:08:04+08:00 ] 127.0.0.1 /sptmcx/Public/Mobile/js/mui.view.js
INFO: [ app_init ] --START--
INFO: Run Behavior\BuildLiteBehavior [ RunTime:0.000014s ]
INFO: [ app_init ] --END-- [ RunTime:0.000775s ]
ERR: 无法加载模块:Public

[ 2019-04-23T10:08:04+08:00 ] 127.0.0.1 /sptmcx/Public/Mobile/js/mui.picker.min.js
INFO: [ app_init ] --START--
INFO: Run Behavior\BuildLiteBehavior [ RunTime:0.000012s ]
INFO: [ app_init ] --END-- [ RunTime:0.000703s ]
ERR: 无法加载模块:Public

[ 2019-04-23T10:08:55+08:00 ] 127.0.0.1 /sptmcx/Public/Mobile/js/mui.view.js
INFO: [ app_init ] --START--
INFO: Run Behavior\BuildLiteBehavior [ RunTime:0.000016s ]
INFO: [ app_init ] --END-- [ RunTime:0.000628s ]
ERR: 无法加载模块:Public

[ 2019-04-23T10:08:55+08:00 ] 127.0.0.1 /sptmcx/Public/Mobile/js/mui.picker.min.js
INFO: [ app_init ] --START--
INFO: Run Behavior\BuildLiteBehavior [ RunTime:0.000012s ]
INFO: [ app_init ] --END-- [ RunTime:0.000624s ]
ERR: 无法加载模块:Public

[ 2019-04-23T10:08:55+08:00 ] 127.0.0.1 /sptmcx/Public/Mobile/js/mui.view.js
INFO: [ app_init ] --START--
INFO: Run Behavior\BuildLiteBehavior [ RunTime:0.000013s ]
INFO: [ app_init ] --END-- [ RunTime:0.000607s ]
ERR: 无法加载模块:Public

[ 2019-04-23T10:08:55+08:00 ] 127.0.0.1 /sptmcx/Public/Mobile/js/mui.picker.min.js
INFO: [ app_init ] --START--
INFO: Run Behavior\BuildLiteBehavior [ RunTime:0.000013s ]
INFO: [ app_init ] --END-- [ RunTime:0.000645s ]
ERR: 无法加载模块:Public

[ 2019-04-23T10:08:57+08:00 ] 127.0.0.1 /sptmcx/Public/Mobile/js/mui.view.js
INFO: [ app_init ] --START--
INFO: Run Behavior\BuildLiteBehavior [ RunTime:0.000022s ]
INFO: [ app_init ] --END-- [ RunTime:0.001177s ]
ERR: 无法加载模块:Public

[ 2019-04-23T10:08:57+08:00 ] 127.0.0.1 /sptmcx/Public/Mobile/js/mui.picker.min.js
INFO: [ app_init ] --START--
INFO: Run Behavior\BuildLiteBehavior [ RunTime:0.000019s ]
INFO: [ app_init ] --END-- [ RunTime:0.000819s ]
ERR: 无法加载模块:Public

[ 2019-04-23T10:08:57+08:00 ] 127.0.0.1 /sptmcx/Public/Mobile/js/mui.view.js
INFO: [ app_init ] --START--
INFO: Run Behavior\BuildLiteBehavior [ RunTime:0.000014s ]
INFO: [ app_init ] --END-- [ RunTime:0.000771s ]
ERR: 无法加载模块:Public

[ 2019-04-23T10:08:57+08:00 ] 127.0.0.1 /sptmcx/Public/Mobile/js/mui.picker.min.js
INFO: [ app_init ] --START--
INFO: Run Behavior\BuildLiteBehavior [ RunTime:0.000014s ]
INFO: [ app_init ] --END-- [ RunTime:0.000674s ]
ERR: 无法加载模块:Public

[ 2019-04-23T10:08:58+08:00 ] 127.0.0.1 /sptmcx/Public/Mobile/js/mui.view.js
INFO: [ app_init ] --START--
INFO: Run Behavior\BuildLiteBehavior [ RunTime:0.000022s ]
INFO: [ app_init ] --END-- [ RunTime:0.000841s ]
ERR: 无法加载模块:Public

[ 2019-04-23T10:08:58+08:00 ] 127.0.0.1 /sptmcx/Public/Mobile/js/mui.picker.min.js
INFO: [ app_init ] --START--
INFO: Run Behavior\BuildLiteBehavior [ RunTime:0.000019s ]
INFO: [ app_init ] --END-- [ RunTime:0.000798s ]
ERR: 无法加载模块:Public

[ 2019-04-23T10:08:58+08:00 ] 127.0.0.1 /sptmcx/Public/Mobile/js/mui.view.js
INFO: [ app_init ] --START--
INFO: Run Behavior\BuildLiteBehavior [ RunTime:0.000013s ]
INFO: [ app_init ] --END-- [ RunTime:0.000619s ]
ERR: 无法加载模块:Public

[ 2019-04-23T10:08:58+08:00 ] 127.0.0.1 /sptmcx/Public/Mobile/js/mui.picker.min.js
INFO: [ app_init ] --START--
INFO: Run Behavior\BuildLiteBehavior [ RunTime:0.000012s ]
INFO: [ app_init ] --END-- [ RunTime:0.000595s ]
ERR: 无法加载模块:Public

[ 2019-04-23T11:49:13+08:00 ] 127.0.0.1 /sptmcx/Public/Huiadmin/lib/My97DatePicker/4.8/WdatePicker.js
INFO: [ app_init ] --START--
INFO: Run Behavior\BuildLiteBehavior [ RunTime:0.000018s ]
INFO: [ app_init ] --END-- [ RunTime:0.000715s ]
ERR: 无法加载模块:Public

[ 2019-04-23T11:49:13+08:00 ] 127.0.0.1 /sptmcx/Public/Huiadmin/lib/datatables/1.10.0/jquery.dataTables.min.js
INFO: [ app_init ] --START--
INFO: Run Behavior\BuildLiteBehavior [ RunTime:0.000012s ]
INFO: [ app_init ] --END-- [ RunTime:0.000821s ]
ERR: 无法加载模块:Public

[ 2019-04-23T11:49:13+08:00 ] 127.0.0.1 /sptmcx/Public/Huiadmin/lib/laypage/1.2/laypage.js
INFO: [ app_init ] --START--
INFO: Run Behavior\BuildLiteBehavior [ RunTime:0.000013s ]
INFO: [ app_init ] --END-- [ RunTime:0.000915s ]
ERR: 无法加载模块:Public

[ 2019-04-23T11:49:16+08:00 ] 127.0.0.1 /sptmcx/Public/Home/js/comm.js?versionId
INFO: [ app_init ] --START--
INFO: Run Behavior\BuildLiteBehavior [ RunTime:0.000014s ]
INFO: [ app_init ] --END-- [ RunTime:0.000615s ]
ERR: 无法加载模块:Public

[ 2019-04-23T11:49:29+08:00 ] 127.0.0.1 /sptmcx/Public/Home/js/comm.js?versionId
INFO: [ app_init ] --START--
INFO: Run Behavior\BuildLiteBehavior [ RunTime:0.000020s ]
INFO: [ app_init ] --END-- [ RunTime:0.001166s ]
ERR: 无法加载模块:Public

[ 2019-04-23T11:49:46+08:00 ] 127.0.0.1 /sptmcx/Public/Home/js/comm.js?versionId
INFO: [ app_init ] --START--
INFO: Run Behavior\BuildLiteBehavior [ RunTime:0.000014s ]
INFO: [ app_init ] --END-- [ RunTime:0.000630s ]
ERR: 无法加载模块:Public

[ 2019-04-23T14:45:19+08:00 ] 127.0.0.1 /sptmcx/Public/Huiadmin/lib/laypage/1.2/laypage.js
INFO: [ app_init ] --START--
INFO: Run Behavior\BuildLiteBehavior [ RunTime:0.000011s ]
INFO: [ app_init ] --END-- [ RunTime:0.000648s ]
ERR: 无法加载模块:Public

[ 2019-04-23T14:45:19+08:00 ] 127.0.0.1 /sptmcx/Public/Huiadmin/lib/datatables/1.10.0/jquery.dataTables.min.js
INFO: [ app_init ] --START--
INFO: Run Behavior\BuildLiteBehavior [ RunTime:0.000012s ]
INFO: [ app_init ] --END-- [ RunTime:0.000721s ]
ERR: 无法加载模块:Public

[ 2019-04-23T14:45:19+08:00 ] 127.0.0.1 /sptmcx/Public/Huiadmin/lib/laypage/1.2/laypage.js
INFO: [ app_init ] --START--
INFO: Run Behavior\BuildLiteBehavior [ RunTime:0.000010s ]
INFO: [ app_init ] --END-- [ RunTime:0.000617s ]
ERR: 无法加载模块:Public

[ 2019-04-23T14:51:36+08:00 ] 127.0.0.1 /sptmcx/Public/Mobile/js/login.js?versionId=10000191
INFO: [ app_init ] --START--
INFO: Run Behavior\BuildLiteBehavior [ RunTime:0.000013s ]
INFO: [ app_init ] --END-- [ RunTime:0.000629s ]
ERR: 无法加载模块:Public

[ 2019-04-23T14:54:23+08:00 ] 127.0.0.1 /sptmcx/Public/Huiadmin/lib/datatables/1.10.0/jquery.dataTables.min.js
INFO: [ app_init ] --START--
INFO: Run Behavior\BuildLiteBehavior [ RunTime:0.000020s ]
INFO: [ app_init ] --END-- [ RunTime:0.001149s ]
ERR: 无法加载模块:Public

[ 2019-04-23T14:54:23+08:00 ] 127.0.0.1 /sptmcx/Public/Huiadmin/lib/laypage/1.2/laypage.js
INFO: [ app_init ] --START--
INFO: Run Behavior\BuildLiteBehavior [ RunTime:0.000018s ]
INFO: [ app_init ] --END-- [ RunTime:0.001067s ]
ERR: 无法加载模块:Public

[ 2019-04-23T14:54:23+08:00 ] 127.0.0.1 /sptmcx/Public/Data//head/7.png
INFO: [ app_init ] --START--
INFO: Run Behavior\BuildLiteBehavior [ RunTime:0.000021s ]
INFO: [ app_init ] --END-- [ RunTime:0.001273s ]

[ 2019-04-23T14:54:23+08:00 ] 127.0.0.1 /sptmcx/Public/Huiadmin/lib/My97DatePicker/4.8/WdatePicker.js
INFO: [ app_init ] --START--
INFO: Run Behavior\BuildLiteBehavior [ RunTime:0.000014s ]
INFO: [ app_init ] --END-- [ RunTime:0.001760s ]
ERR: 无法加载模块:Public

[ 2019-04-23T14:54:23+08:00 ] 127.0.0.1 /sptmcx/Public/Huiadmin/lib/datatables/1.10.0/jquery.dataTables.min.js
INFO: [ app_init ] --START--
INFO: Run Behavior\BuildLiteBehavior [ RunTime:0.000012s ]
INFO: [ app_init ] --END-- [ RunTime:0.001215s ]
ERR: 无法加载模块:Public

[ 2019-04-23T14:54:23+08:00 ] 127.0.0.1 /sptmcx/Public/Huiadmin/lib/laypage/1.2/laypage.js
INFO: [ app_init ] --START--
INFO: Run Behavior\BuildLiteBehavior [ RunTime:0.000013s ]
INFO: [ app_init ] --END-- [ RunTime:0.001208s ]
ERR: 无法加载模块:Public

[ 2019-04-23T14:54:25+08:00 ] 127.0.0.1 /sptmcx/Public/Huiadmin/lib/My97DatePicker/4.8/WdatePicker.js
INFO: [ app_init ] --START--
INFO: Run Behavior\BuildLiteBehavior [ RunTime:0.000021s ]
INFO: [ app_init ] --END-- [ RunTime:0.000933s ]
ERR: 无法加载模块:Public

[ 2019-04-23T14:54:25+08:00 ] 127.0.0.1 /sptmcx/Public/Huiadmin/lib/datatables/1.10.0/jquery.dataTables.min.js
INFO: [ app_init ] --START--
INFO: Run Behavior\BuildLiteBehavior [ RunTime:0.000016s ]
INFO: [ app_init ] --END-- [ RunTime:0.000852s ]
ERR: 无法加载模块:Public

[ 2019-04-23T14:54:25+08:00 ] 127.0.0.1 /sptmcx/Public/Huiadmin/lib/laypage/1.2/laypage.js
INFO: [ app_init ] --START--
INFO: Run Behavior\BuildLiteBehavior [ RunTime:0.000013s ]
INFO: [ app_init ] --END-- [ RunTime:0.000592s ]
ERR: 无法加载模块:Public

[ 2019-04-23T14:54:31+08:00 ] 127.0.0.1 /sptmcx/Public/Home/js/comm.js?versionId
INFO: [ app_init ] --START--
INFO: Run Behavior\BuildLiteBehavior [ RunTime:0.000013s ]
INFO: [ app_init ] --END-- [ RunTime:0.000629s ]
ERR: 无法加载模块:Public

[ 2019-04-23T14:54:39+08:00 ] 127.0.0.1 /sptmcx/Public/Home/js/comm.js?versionId
INFO: [ app_init ] --START--
INFO: Run Behavior\BuildLiteBehavior [ RunTime:0.000024s ]
INFO: [ app_init ] --END-- [ RunTime:0.000736s ]
ERR: 无法加载模块:Public

[ 2019-04-23T14:56:30+08:00 ] 127.0.0.1 /sptmcx/Public/Huiadmin/lib/My97DatePicker/4.8/WdatePicker.js
INFO: [ app_init ] --START--
INFO: Run Behavior\BuildLiteBehavior [ RunTime:0.000019s ]
INFO: [ app_init ] --END-- [ RunTime:0.000705s ]
ERR: 无法加载模块:Public

[ 2019-04-23T14:56:30+08:00 ] 127.0.0.1 /sptmcx/Public/Huiadmin/lib/datatables/1.10.0/jquery.dataTables.min.js
INFO: [ app_init ] --START--
INFO: Run Behavior\BuildLiteBehavior [ RunTime:0.000012s ]
INFO: [ app_init ] --END-- [ RunTime:0.000721s ]
ERR: 无法加载模块:Public

[ 2019-04-23T14:56:30+08:00 ] 127.0.0.1 /sptmcx/Public/Huiadmin/lib/laypage/1.2/laypage.js
INFO: [ app_init ] --START--
INFO: Run Behavior\BuildLiteBehavior [ RunTime:0.000012s ]
INFO: [ app_init ] --END-- [ RunTime:0.000776s ]
ERR: 无法加载模块:Public

[ 2019-04-23T15:11:38+08:00 ] 127.0.0.1 /sptmcx/Public/Huiadmin/lib/My97DatePicker/4.8/WdatePicker.js
INFO: [ app_init ] --START--
INFO: Run Behavior\BuildLiteBehavior [ RunTime:0.000013s ]
INFO: [ app_init ] --END-- [ RunTime:0.000768s ]
ERR: 无法加载模块:Public

[ 2019-04-23T15:11:38+08:00 ] 127.0.0.1 /sptmcx/Public/Huiadmin/lib/laypage/1.2/laypage.js
INFO: [ app_init ] --START--
INFO: Run Behavior\BuildLiteBehavior [ RunTime:0.000011s ]
INFO: [ app_init ] --END-- [ RunTime:0.000750s ]
ERR: 无法加载模块:Public

[ 2019-04-23T15:11:38+08:00 ] 127.0.0.1 /sptmcx/Public/Huiadmin/lib/datatables/1.10.0/jquery.dataTables.min.js
INFO: [ app_init ] --START--
INFO: Run Behavior\BuildLiteBehavior [ RunTime:0.000012s ]
INFO: [ app_init ] --END-- [ RunTime:0.000776s ]
ERR: 无法加载模块:Public

[ 2019-04-23T15:11:38+08:00 ] 127.0.0.1 /sptmcx/Public/Huiadmin/lib/laypage/1.2/laypage.js
INFO: [ app_init ] --START--
INFO: Run Behavior\BuildLiteBehavior [ RunTime:0.000010s ]
INFO: [ app_init ] --END-- [ RunTime:0.000680s ]
ERR: 无法加载模块:Public

[ 2019-04-23T15:11:41+08:00 ] 127.0.0.1 /sptmcx/Public/Home/js/comm.js?versionId
INFO: [ app_init ] --START--
INFO: Run Behavior\BuildLiteBehavior [ RunTime:0.000013s ]
INFO: [ app_init ] --END-- [ RunTime:0.000620s ]
ERR: 无法加载模块:Public

[ 2019-04-23T15:11:45+08:00 ] 127.0.0.1 /sptmcx/Public/Home/js/comm.js?versionId
INFO: [ app_init ] --START--
INFO: Run Behavior\BuildLiteBehavior [ RunTime:0.000013s ]
INFO: [ app_init ] --END-- [ RunTime:0.000745s ]
ERR: 无法加载模块:Public

[ 2019-04-23T15:11:47+08:00 ] 127.0.0.1 /sptmcx/Public/Home/js/comm.js?versionId
INFO: [ app_init ] --START--
INFO: Run Behavior\BuildLiteBehavior [ RunTime:0.000013s ]
INFO: [ app_init ] --END-- [ RunTime:0.000633s ]
ERR: 无法加载模块:Public

[ 2019-04-23T15:12:02+08:00 ] 127.0.0.1 /sptmcx/Public/Huiadmin/lib/laypage/1.2/laypage.js
INFO: [ app_init ] --START--
INFO: Run Behavior\BuildLiteBehavior [ RunTime:0.000012s ]
INFO: [ app_init ] --END-- [ RunTime:0.000617s ]
ERR: 无法加载模块:Public

[ 2019-04-23T15:12:02+08:00 ] 127.0.0.1 /sptmcx/Public/Huiadmin/lib/datatables/1.10.0/jquery.dataTables.min.js
INFO: [ app_init ] --START--
INFO: Run Behavior\BuildLiteBehavior [ RunTime:0.000012s ]
INFO: [ app_init ] --END-- [ RunTime:0.000629s ]
ERR: 无法加载模块:Public

[ 2019-04-23T15:12:02+08:00 ] 127.0.0.1 /sptmcx/Public/Huiadmin/lib/My97DatePicker/4.8/WdatePicker.js
INFO: [ app_init ] --START--
INFO: Run Behavior\BuildLiteBehavior [ RunTime:0.000012s ]
INFO: [ app_init ] --END-- [ RunTime:0.000773s ]
ERR: 无法加载模块:Public

[ 2019-04-23T15:12:02+08:00 ] 127.0.0.1 /sptmcx/Public/Huiadmin/lib/datatables/1.10.0/jquery.dataTables.min.js
INFO: [ app_init ] --START--
INFO: Run Behavior\BuildLiteBehavior [ RunTime:0.000012s ]
INFO: [ app_init ] --END-- [ RunTime:0.000707s ]
ERR: 无法加载模块:Public

[ 2019-04-23T15:12:02+08:00 ] 127.0.0.1 /sptmcx/Public/Huiadmin/lib/laypage/1.2/laypage.js
INFO: [ app_init ] --START--
INFO: Run Behavior\BuildLiteBehavior [ RunTime:0.000011s ]
INFO: [ app_init ] --END-- [ RunTime:0.000709s ]
ERR: 无法加载模块:Public

[ 2019-04-23T15:12:04+08:00 ] 127.0.0.1 /sptmcx/Public/Huiadmin/lib/datatables/1.10.0/jquery.dataTables.min.js
INFO: [ app_init ] --START--
INFO: Run Behavior\BuildLiteBehavior [ RunTime:0.000014s ]
INFO: [ app_init ] --END-- [ RunTime:0.000637s ]
ERR: 无法加载模块:Public

[ 2019-04-23T15:12:04+08:00 ] 127.0.0.1 /sptmcx/Public/Huiadmin/lib/laypage/1.2/laypage.js
INFO: [ app_init ] --START--
INFO: Run Behavior\BuildLiteBehavior [ RunTime:0.000012s ]
INFO: [ app_init ] --END-- [ RunTime:0.000627s ]
ERR: 无法加载模块:Public

[ 2019-04-23T15:12:04+08:00 ] 127.0.0.1 /sptmcx/Public/Huiadmin/lib/My97DatePicker/4.8/WdatePicker.js
INFO: [ app_init ] --START--
INFO: Run Behavior\BuildLiteBehavior [ RunTime:0.000012s ]
INFO: [ app_init ] --END-- [ RunTime:0.000748s ]
ERR: 无法加载模块:Public

[ 2019-04-23T15:12:04+08:00 ] 127.0.0.1 /sptmcx/Public/Huiadmin/lib/datatables/1.10.0/jquery.dataTables.min.js
INFO: [ app_init ] --START--
INFO: Run Behavior\BuildLiteBehavior [ RunTime:0.000011s ]
INFO: [ app_init ] --END-- [ RunTime:0.000676s ]
ERR: 无法加载模块:Public

[ 2019-04-23T15:12:04+08:00 ] 127.0.0.1 /sptmcx/Public/Huiadmin/lib/laypage/1.2/laypage.js
INFO: [ app_init ] --START--
INFO: Run Behavior\BuildLiteBehavior [ RunTime:0.000012s ]
INFO: [ app_init ] --END-- [ RunTime:0.000712s ]
ERR: 无法加载模块:Public

[ 2019-04-23T15:13:50+08:00 ] 127.0.0.1 /sptmcx/Public/Huiadmin/lib/laypage/1.2/laypage.js
INFO: [ app_init ] --START--
INFO: Run Behavior\BuildLiteBehavior [ RunTime:0.000010s ]
INFO: [ app_init ] --END-- [ RunTime:0.000749s ]
ERR: 无法加载模块:Public

[ 2019-04-23T15:13:50+08:00 ] 127.0.0.1 /sptmcx/Public/Huiadmin/lib/datatables/1.10.0/jquery.dataTables.min.js
INFO: [ app_init ] --START--
INFO: Run Behavior\BuildLiteBehavior [ RunTime:0.000013s ]
INFO: [ app_init ] --END-- [ RunTime:0.000981s ]
ERR: 无法加载模块:Public

[ 2019-04-23T15:13:50+08:00 ] 127.0.0.1 /sptmcx/Public/Huiadmin/lib/My97DatePicker/4.8/WdatePicker.js
INFO: [ app_init ] --START--
INFO: Run Behavior\BuildLiteBehavior [ RunTime:0.000018s ]
INFO: [ app_init ] --END-- [ RunTime:0.000874s ]
ERR: 无法加载模块:Public

[ 2019-04-23T15:13:50+08:00 ] 127.0.0.1 /sptmcx/Public/Huiadmin/lib/datatables/1.10.0/jquery.dataTables.min.js
INFO: [ app_init ] --START--
INFO: Run Behavior\BuildLiteBehavior [ RunTime:0.000012s ]
INFO: [ app_init ] --END-- [ RunTime:0.000693s ]
ERR: 无法加载模块:Public

[ 2019-04-23T15:13:50+08:00 ] 127.0.0.1 /sptmcx/Public/Huiadmin/lib/laypage/1.2/laypage.js
INFO: [ app_init ] --START--
INFO: Run Behavior\BuildLiteBehavior [ RunTime:0.000011s ]
INFO: [ app_init ] --END-- [ RunTime:0.000677s ]
ERR: 无法加载模块:Public

[ 2019-04-23T15:13:55+08:00 ] 127.0.0.1 /sptmcx/Public/Huiadmin/lib/datatables/1.10.0/jquery.dataTables.min.js
INFO: [ app_init ] --START--
INFO: Run Behavior\BuildLiteBehavior [ RunTime:0.000012s ]
INFO: [ app_init ] --END-- [ RunTime:0.000708s ]
ERR: 无法加载模块:Public

[ 2019-04-23T15:13:55+08:00 ] 127.0.0.1 /sptmcx/Public/Huiadmin/lib/laypage/1.2/laypage.js
INFO: [ app_init ] --START--
INFO: Run Behavior\BuildLiteBehavior [ RunTime:0.000013s ]
INFO: [ app_init ] --END-- [ RunTime:0.000648s ]
ERR: 无法加载模块:Public

[ 2019-04-23T15:13:55+08:00 ] 127.0.0.1 /sptmcx/Public/Huiadmin/lib/My97DatePicker/4.8/WdatePicker.js
INFO: [ app_init ] --START--
INFO: Run Behavior\BuildLiteBehavior [ RunTime:0.000012s ]
INFO: [ app_init ] --END-- [ RunTime:0.000705s ]
ERR: 无法加载模块:Public

[ 2019-04-23T15:13:55+08:00 ] 127.0.0.1 /sptmcx/Public/Huiadmin/lib/datatables/1.10.0/jquery.dataTables.min.js
INFO: [ app_init ] --START--
INFO: Run Behavior\BuildLiteBehavior [ RunTime:0.000012s ]
INFO: [ app_init ] --END-- [ RunTime:0.000681s ]
ERR: 无法加载模块:Public

[ 2019-04-23T15:13:56+08:00 ] 127.0.0.1 /sptmcx/Public/Huiadmin/lib/laypage/1.2/laypage.js
INFO: [ app_init ] --START--
INFO: Run Behavior\BuildLiteBehavior [ RunTime:0.000011s ]
INFO: [ app_init ] --END-- [ RunTime:0.000693s ]
ERR: 无法加载模块:Public

[ 2019-04-23T15:14:10+08:00 ] 127.0.0.1 /sptmcx/Public/Huiadmin/lib/datatables/1.10.0/jquery.dataTables.min.js
INFO: [ app_init ] --START--
INFO: Run Behavior\BuildLiteBehavior [ RunTime:0.000013s ]
INFO: [ app_init ] --END-- [ RunTime:0.000632s ]
ERR: 无法加载模块:Public

[ 2019-04-23T15:14:10+08:00 ] 127.0.0.1 /sptmcx/Public/Huiadmin/lib/My97DatePicker/4.8/WdatePicker.js
INFO: [ app_init ] --START--
INFO: Run Behavior\BuildLiteBehavior [ RunTime:0.000011s ]
INFO: [ app_init ] --END-- [ RunTime:0.000636s ]
ERR: 无法加载模块:Public

[ 2019-04-23T15:14:10+08:00 ] 127.0.0.1 /sptmcx/Public/Huiadmin/lib/laypage/1.2/laypage.js
INFO: [ app_init ] --START--
INFO: Run Behavior\BuildLiteBehavior [ RunTime:0.000012s ]
INFO: [ app_init ] --END-- [ RunTime:0.000719s ]
ERR: 无法加载模块:Public

[ 2019-04-23T15:14:10+08:00 ] 127.0.0.1 /sptmcx/Public/Huiadmin/lib/datatables/1.10.0/jquery.dataTables.min.js
INFO: [ app_init ] --START--
INFO: Run Behavior\BuildLiteBehavior [ RunTime:0.000013s ]
INFO: [ app_init ] --END-- [ RunTime:0.000711s ]
ERR: 无法加载模块:Public

[ 2019-04-23T15:14:10+08:00 ] 127.0.0.1 /sptmcx/Public/Huiadmin/lib/laypage/1.2/laypage.js
INFO: [ app_init ] --START--
INFO: Run Behavior\BuildLiteBehavior [ RunTime:0.000011s ]
INFO: [ app_init ] --END-- [ RunTime:0.000685s ]
ERR: 无法加载模块:Public

[ 2019-04-23T15:14:16+08:00 ] 127.0.0.1 /sptmcx/Public/Huiadmin/lib/laypage/1.2/laypage.js
INFO: [ app_init ] --START--
INFO: Run Behavior\BuildLiteBehavior [ RunTime:0.000012s ]
INFO: [ app_init ] --END-- [ RunTime:0.000620s ]
ERR: 无法加载模块:Public

[ 2019-04-23T15:14:16+08:00 ] 127.0.0.1 /sptmcx/Public/Huiadmin/lib/datatables/1.10.0/jquery.dataTables.min.js
INFO: [ app_init ] --START--
INFO: Run Behavior\BuildLiteBehavior [ RunTime:0.000011s ]
INFO: [ app_init ] --END-- [ RunTime:0.000610s ]
ERR: 无法加载模块:Public

[ 2019-04-23T15:14:16+08:00 ] 127.0.0.1 /sptmcx/Public/Huiadmin/lib/My97DatePicker/4.8/WdatePicker.js
INFO: [ app_init ] --START--
INFO: Run Behavior\BuildLiteBehavior [ RunTime:0.000012s ]
INFO: [ app_init ] --END-- [ RunTime:0.000746s ]
ERR: 无法加载模块:Public

[ 2019-04-23T15:14:16+08:00 ] 127.0.0.1 /sptmcx/Public/Huiadmin/lib/datatables/1.10.0/jquery.dataTables.min.js
INFO: [ app_init ] --START--
INFO: Run Behavior\BuildLiteBehavior [ RunTime:0.000012s ]
INFO: [ app_init ] --END-- [ RunTime:0.000717s ]
ERR: 无法加载模块:Public

[ 2019-04-23T15:14:16+08:00 ] 127.0.0.1 /sptmcx/Public/Huiadmin/lib/laypage/1.2/laypage.js
INFO: [ app_init ] --START--
INFO: Run Behavior\BuildLiteBehavior [ RunTime:0.000010s ]
INFO: [ app_init ] --END-- [ RunTime:0.000694s ]
ERR: 无法加载模块:Public

[ 2019-04-23T15:15:48+08:00 ] 127.0.0.1 /sptmcx/Public/Huiadmin/lib/laypage/1.2/laypage.js
INFO: [ app_init ] --START--
INFO: Run Behavior\BuildLiteBehavior [ RunTime:0.000029s ]
INFO: [ app_init ] --END-- [ RunTime:0.000878s ]
ERR: 无法加载模块:Public

[ 2019-04-23T15:15:48+08:00 ] 127.0.0.1 /sptmcx/Public/Huiadmin/lib/datatables/1.10.0/jquery.dataTables.min.js
INFO: [ app_init ] --START--
INFO: Run Behavior\BuildLiteBehavior [ RunTime:0.000018s ]
INFO: [ app_init ] --END-- [ RunTime:0.000957s ]
ERR: 无法加载模块:Public

[ 2019-04-23T15:15:48+08:00 ] 127.0.0.1 /sptmcx/Public/Huiadmin/lib/My97DatePicker/4.8/WdatePicker.js
INFO: [ app_init ] --START--
INFO: Run Behavior\BuildLiteBehavior [ RunTime:0.000013s ]
INFO: [ app_init ] --END-- [ RunTime:0.000779s ]
ERR: 无法加载模块:Public

[ 2019-04-23T15:15:48+08:00 ] 127.0.0.1 /sptmcx/Public/Huiadmin/lib/datatables/1.10.0/jquery.dataTables.min.js
INFO: [ app_init ] --START--
INFO: Run Behavior\BuildLiteBehavior [ RunTime:0.000018s ]
INFO: [ app_init ] --END-- [ RunTime:0.000840s ]
ERR: 无法加载模块:Public

[ 2019-04-23T15:15:48+08:00 ] 127.0.0.1 /sptmcx/Public/Huiadmin/lib/laypage/1.2/laypage.js
INFO: [ app_init ] --START--
INFO: Run Behavior\BuildLiteBehavior [ RunTime:0.000012s ]
INFO: [ app_init ] --END-- [ RunTime:0.000705s ]
ERR: 无法加载模块:Public

[ 2019-04-23T15:16:03+08:00 ] 127.0.0.1 /sptmcx/Public/Home/js/comm.js?versionId
INFO: [ app_init ] --START--
INFO: Run Behavior\BuildLiteBehavior [ RunTime:0.000013s ]
INFO: [ app_init ] --END-- [ RunTime:0.000703s ]
ERR: 无法加载模块:Public

[ 2019-04-23T15:16:04+08:00 ] 127.0.0.1 /sptmcx/Public/Huiadmin/lib/My97DatePicker/4.8/WdatePicker.js
INFO: [ app_init ] --START--
INFO: Run Behavior\BuildLiteBehavior [ RunTime:0.000026s ]
INFO: [ app_init ] --END-- [ RunTime:0.000847s ]
ERR: 无法加载模块:Public

[ 2019-04-23T15:16:04+08:00 ] 127.0.0.1 /sptmcx/Public/Huiadmin/lib/laypage/1.2/laypage.js
INFO: [ app_init ] --START--
INFO: Run Behavior\BuildLiteBehavior [ RunTime:0.000019s ]
INFO: [ app_init ] --END-- [ RunTime:0.000999s ]
ERR: 无法加载模块:Public

[ 2019-04-23T15:16:04+08:00 ] 127.0.0.1 /sptmcx/Public/Huiadmin/lib/datatables/1.10.0/jquery.dataTables.min.js
INFO: [ app_init ] --START--
INFO: Run Behavior\BuildLiteBehavior [ RunTime:0.000019s ]
INFO: [ app_init ] --END-- [ RunTime:0.001187s ]
ERR: 无法加载模块:Public

[ 2019-04-23T15:16:04+08:00 ] 127.0.0.1 /sptmcx/Public/Huiadmin/lib/laypage/1.2/laypage.js
INFO: [ app_init ] --START--
INFO: Run Behavior\BuildLiteBehavior [ RunTime:0.000018s ]
INFO: [ app_init ] --END-- [ RunTime:0.000980s ]
ERR: 无法加载模块:Public

[ 2019-04-23T15:16:06+08:00 ] 127.0.0.1 /sptmcx/Public/Home/js/comm.js?versionId
INFO: [ app_init ] --START--
INFO: Run Behavior\BuildLiteBehavior [ RunTime:0.000012s ]
INFO: [ app_init ] --END-- [ RunTime:0.000611s ]
ERR: 无法加载模块:Public

[ 2019-04-23T15:16:06+08:00 ] 127.0.0.1 /sptmcx/Public/Data/others/2019-04-23/5cbebaa241546.png
INFO: [ app_init ] --START--
INFO: Run Behavior\BuildLiteBehavior [ RunTime:0.000013s ]
INFO: [ app_init ] --END-- [ RunTime:0.000819s ]

[ 2019-04-23T15:17:02+08:00 ] 127.0.0.1 /sptmcx/Public/Huiadmin/lib/datatables/1.10.0/jquery.dataTables.min.js
INFO: [ app_init ] --START--
INFO: Run Behavior\BuildLiteBehavior [ RunTime:0.000011s ]
INFO: [ app_init ] --END-- [ RunTime:0.000695s ]
ERR: 无法加载模块:Public

[ 2019-04-23T15:17:02+08:00 ] 127.0.0.1 /sptmcx/Public/Huiadmin/lib/My97DatePicker/4.8/WdatePicker.js
INFO: [ app_init ] --START--
INFO: Run Behavior\BuildLiteBehavior [ RunTime:0.000011s ]
INFO: [ app_init ] --END-- [ RunTime:0.000596s ]
ERR: 无法加载模块:Public

[ 2019-04-23T15:17:02+08:00 ] 127.0.0.1 /sptmcx/Public/Huiadmin/lib/laypage/1.2/laypage.js
INFO: [ app_init ] --START--
INFO: Run Behavior\BuildLiteBehavior [ RunTime:0.000013s ]
INFO: [ app_init ] --END-- [ RunTime:0.000726s ]
ERR: 无法加载模块:Public

[ 2019-04-23T15:17:02+08:00 ] 127.0.0.1 /sptmcx/Public/Huiadmin/lib/My97DatePicker/4.8/WdatePicker.js
INFO: [ app_init ] --START--
INFO: Run Behavior\BuildLiteBehavior [ RunTime:0.000012s ]
INFO: [ app_init ] --END-- [ RunTime:0.000681s ]
ERR: 无法加载模块:Public

[ 2019-04-23T15:17:03+08:00 ] 127.0.0.1 /sptmcx/Public/Huiadmin/lib/datatables/1.10.0/jquery.dataTables.min.js
INFO: [ app_init ] --START--
INFO: Run Behavior\BuildLiteBehavior [ RunTime:0.000013s ]
INFO: [ app_init ] --END-- [ RunTime:0.000849s ]
ERR: 无法加载模块:Public

[ 2019-04-23T15:17:03+08:00 ] 127.0.0.1 /sptmcx/Public/Huiadmin/lib/laypage/1.2/laypage.js
INFO: [ app_init ] --START--
INFO: Run Behavior\BuildLiteBehavior [ RunTime:0.000013s ]
INFO: [ app_init ] --END-- [ RunTime:0.000688s ]
ERR: 无法加载模块:Public

[ 2019-04-23T15:17:04+08:00 ] 127.0.0.1 /sptmcx/Public/Home/js/comm.js?versionId
INFO: [ app_init ] --START--
INFO: Run Behavior\BuildLiteBehavior [ RunTime:0.000014s ]
INFO: [ app_init ] --END-- [ RunTime:0.000923s ]
ERR: 无法加载模块:Public

[ 2019-04-23T15:17:04+08:00 ] 127.0.0.1 /sptmcx/Public/Home/js/comm.js?versionId
INFO: [ app_init ] --START--
INFO: Run Behavior\BuildLiteBehavior [ RunTime:0.000013s ]
INFO: [ app_init ] --END-- [ RunTime:0.000687s ]
ERR: 无法加载模块:Public

[ 2019-04-23T15:25:54+08:00 ] 127.0.0.1 /sptmcx/Public/Huiadmin/lib/laypage/1.2/laypage.js
INFO: [ app_init ] --START--
INFO: Run Behavior\BuildLiteBehavior [ RunTime:0.000012s ]
INFO: [ app_init ] --END-- [ RunTime:0.000691s ]
ERR: 无法加载模块:Public

[ 2019-04-23T15:25:54+08:00 ] 127.0.0.1 /sptmcx/Public/Huiadmin/lib/My97DatePicker/4.8/WdatePicker.js
INFO: [ app_init ] --START--
INFO: Run Behavior\BuildLiteBehavior [ RunTime:0.000012s ]
INFO: [ app_init ] --END-- [ RunTime:0.000698s ]
ERR: 无法加载模块:Public

[ 2019-04-23T15:25:54+08:00 ] 127.0.0.1 /sptmcx/Public/Huiadmin/lib/datatables/1.10.0/jquery.dataTables.min.js
INFO: [ app_init ] --START--
INFO: Run Behavior\BuildLiteBehavior [ RunTime:0.000013s ]
INFO: [ app_init ] --END-- [ RunTime:0.000747s ]
ERR: 无法加载模块:Public

[ 2019-04-23T15:25:54+08:00 ] 127.0.0.1 /sptmcx/Public/Huiadmin/lib/laypage/1.2/laypage.js
INFO: [ app_init ] --START--
INFO: Run Behavior\BuildLiteBehavior [ RunTime:0.000011s ]
INFO: [ app_init ] --END-- [ RunTime:0.000571s ]
ERR: 无法加载模块:Public

[ 2019-04-23T15:48:09+08:00 ] 127.0.0.1 /sptmcx/Public/Huiadmin/lib/My97DatePicker/4.8/WdatePicker.js
INFO: [ app_init ] --START--
INFO: Run Behavior\BuildLiteBehavior [ RunTime:0.000022s ]
INFO: [ app_init ] --END-- [ RunTime:0.000995s ]
ERR: 无法加载模块:Public

[ 2019-04-23T15:48:09+08:00 ] 127.0.0.1 /sptmcx/Public/Huiadmin/lib/laypage/1.2/laypage.js
INFO: [ app_init ] --START--
INFO: Run Behavior\BuildLiteBehavior [ RunTime:0.000021s ]
INFO: [ app_init ] --END-- [ RunTime:0.001202s ]
ERR: 无法加载模块:Public

[ 2019-04-23T15:48:09+08:00 ] 127.0.0.1 /sptmcx/Public/Huiadmin/lib/datatables/1.10.0/jquery.dataTables.min.js
INFO: [ app_init ] --START--
INFO: Run Behavior\BuildLiteBehavior [ RunTime:0.000019s ]
INFO: [ app_init ] --END-- [ RunTime:0.001186s ]
ERR: 无法加载模块:Public

[ 2019-04-23T15:48:09+08:00 ] 127.0.0.1 /sptmcx/Public/Huiadmin/lib/My97DatePicker/4.8/WdatePicker.js
INFO: [ app_init ] --START--
INFO: Run Behavior\BuildLiteBehavior [ RunTime:0.000026s ]
INFO: [ app_init ] --END-- [ RunTime:0.001146s ]
ERR: 无法加载模块:Public

[ 2019-04-23T15:48:09+08:00 ] 127.0.0.1 /sptmcx/Public/Huiadmin/lib/datatables/1.10.0/jquery.dataTables.min.js
INFO: [ app_init ] --START--
INFO: Run Behavior\BuildLiteBehavior [ RunTime:0.000013s ]
INFO: [ app_init ] --END-- [ RunTime:0.000829s ]
ERR: 无法加载模块:Public

[ 2019-04-23T15:48:09+08:00 ] 127.0.0.1 /sptmcx/Public/Huiadmin/lib/laypage/1.2/laypage.js
INFO: [ app_init ] --START--
INFO: Run Behavior\BuildLiteBehavior [ RunTime:0.000027s ]
INFO: [ app_init ] --END-- [ RunTime:0.001090s ]
ERR: 无法加载模块:Public

[ 2019-04-23T15:52:31+08:00 ] 127.0.0.1 /sptmcx/Public/Huiadmin/lib/laypage/1.2/laypage.js
INFO: [ app_init ] --START--
INFO: Run Behavior\BuildLiteBehavior [ RunTime:0.000021s ]
INFO: [ app_init ] --END-- [ RunTime:0.001003s ]
ERR: 无法加载模块:Public

[ 2019-04-23T15:52:31+08:00 ] 127.0.0.1 /sptmcx/Public/Huiadmin/lib/My97DatePicker/4.8/WdatePicker.js
INFO: [ app_init ] --START--
INFO: Run Behavior\BuildLiteBehavior [ RunTime:0.000012s ]
INFO: [ app_init ] --END-- [ RunTime:0.000785s ]
ERR: 无法加载模块:Public

[ 2019-04-23T15:52:31+08:00 ] 127.0.0.1 /sptmcx/Public/Huiadmin/lib/datatables/1.10.0/jquery.dataTables.min.js
INFO: [ app_init ] --START--
INFO: Run Behavior\BuildLiteBehavior [ RunTime:0.000016s ]
INFO: [ app_init ] --END-- [ RunTime:0.000823s ]
ERR: 无法加载模块:Public

[ 2019-04-23T15:52:31+08:00 ] 127.0.0.1 /sptmcx/Public/Huiadmin/lib/laypage/1.2/laypage.js
INFO: [ app_init ] --START--
INFO: Run Behavior\BuildLiteBehavior [ RunTime:0.000013s ]
INFO: [ app_init ] --END-- [ RunTime:0.000626s ]
ERR: 无法加载模块:Public

