[ 2019-04-27T16:08:51+08:00 ] 127.0.0.1 /sptmcx/Admin
INFO: [ app_init ] --START--
INFO: Run Behavior\BuildLiteBehavior [ RunTime:0.000000s ]
INFO: [ app_init ] --END-- [ RunTime:0.000000s ]
INFO: [ app_begin ] --START--
INFO: Run Behavior\ReadHtmlCacheBehavior [ RunTime:0.000000s ]
INFO: [ app_begin ] --END-- [ RunTime:0.000000s ]
INFO: [ view_parse ] --START--
INFO: [ template_filter ] --START--
INFO: Run Behavior\ContentReplaceBehavior [ RunTime:0.000000s ]
INFO: [ template_filter ] --END-- [ RunTime:0.000000s ]
INFO: Run Behavior\ParseTemplateBehavior [ RunTime:0.007000s ]
INFO: [ view_parse ] --END-- [ RunTime:0.007000s ]
INFO: [ view_filter ] --START--
INFO: Run Behavior\WriteHtmlCacheBehavior [ RunTime:0.000000s ]
INFO: [ view_filter ] --END-- [ RunTime:0.000000s ]
INFO: [ app_end ] --START--
INFO: Run Behavior\ShowPageTraceBehavior [ RunTime:0.001001s ]
INFO: [ app_end ] --END-- [ RunTime:0.001001s ]

[ 2019-04-27T16:08:51+08:00 ] 127.0.0.1 /sptmcx/Admin/Index/verify.html
INFO: [ app_init ] --START--
INFO: Run Behavior\BuildLiteBehavior [ RunTime:0.000000s ]
INFO: [ app_init ] --END-- [ RunTime:0.000000s ]
INFO: [ app_begin ] --START--
INFO: Run Behavior\ReadHtmlCacheBehavior [ RunTime:0.000000s ]
INFO: [ app_begin ] --END-- [ RunTime:0.000000s ]
INFO: [ app_end ] --START--
INFO: Run Behavior\ShowPageTraceBehavior [ RunTime:0.000000s ]
INFO: [ app_end ] --END-- [ RunTime:0.000000s ]

[ 2019-04-27T16:09:03+08:00 ] 127.0.0.1 /sptmcx/Admin/Index/verify.html?0.9143687349679845
INFO: [ app_init ] --START--
INFO: Run Behavior\BuildLiteBehavior [ RunTime:0.000000s ]
INFO: [ app_init ] --END-- [ RunTime:0.001001s ]
INFO: [ app_begin ] --START--
INFO: Run Behavior\ReadHtmlCacheBehavior [ RunTime:0.001000s ]
INFO: [ app_begin ] --END-- [ RunTime:0.001000s ]
INFO: [ app_end ] --START--
INFO: Run Behavior\ShowPageTraceBehavior [ RunTime:0.001000s ]
INFO: [ app_end ] --END-- [ RunTime:0.001000s ]

[ 2019-04-27T16:09:04+08:00 ] 127.0.0.1 /sptmcx/Admin/Index/verify.html?0.06754021898060203
INFO: [ app_init ] --START--
INFO: Run Behavior\BuildLiteBehavior [ RunTime:0.000000s ]
INFO: [ app_init ] --END-- [ RunTime:0.000000s ]
INFO: [ app_begin ] --START--
INFO: Run Behavior\ReadHtmlCacheBehavior [ RunTime:0.001000s ]
INFO: [ app_begin ] --END-- [ RunTime:0.001000s ]
INFO: [ app_end ] --START--
INFO: Run Behavior\ShowPageTraceBehavior [ RunTime:0.000000s ]
INFO: [ app_end ] --END-- [ RunTime:0.000000s ]

[ 2019-04-27T16:09:08+08:00 ] 127.0.0.1 /sptmcx/Admin/Index/submitlogin.html
INFO: [ app_init ] --START--
INFO: Run Behavior\BuildLiteBehavior [ RunTime:0.000000s ]
INFO: [ app_init ] --END-- [ RunTime:0.000000s ]
INFO: [ app_begin ] --START--
INFO: Run Behavior\ReadHtmlCacheBehavior [ RunTime:0.000000s ]
INFO: [ app_begin ] --END-- [ RunTime:0.000000s ]
NOTIC: [8] Use of undefined constant url - assumed 'url' D:\phpStudy\WWW\sptmcx\Application\Admin\Controller\IndexController.class.php 第 15 行.
SQL: SHOW COLUMNS FROM `sp_auth_user` [ RunTime:0.0780s ]
NOTIC: [8] Use of undefined constant username - assumed 'username' D:\phpStudy\WWW\sptmcx\Application\Admin\Controller\IndexController.class.php 第 41 行.
NOTIC: [8] Use of undefined constant password - assumed 'password' D:\phpStudy\WWW\sptmcx\Application\Admin\Controller\IndexController.class.php 第 41 行.
SQL: SELECT * FROM `sp_auth_user` WHERE ( username='admin' AND password='64d6bceb715ca185913302a07c8f1b1d' ) LIMIT 1   [ RunTime:0.0624s ]

[ 2019-04-27T16:09:08+08:00 ] 127.0.0.1 /sptmcx/Admin/Home/index.html
INFO: [ app_init ] --START--
INFO: Run Behavior\BuildLiteBehavior [ RunTime:0.000000s ]
INFO: [ app_init ] --END-- [ RunTime:0.000000s ]
INFO: [ app_begin ] --START--
INFO: Run Behavior\ReadHtmlCacheBehavior [ RunTime:0.000000s ]
INFO: [ app_begin ] --END-- [ RunTime:0.000000s ]
SQL: SHOW COLUMNS FROM `sp_auth_user` [ RunTime:0.0508s ]
SQL: SELECT `perm` FROM `sp_auth_user` WHERE ( uid=1 ) LIMIT 1   [ RunTime:0.0664s ]
INFO: [ view_parse ] --START--
INFO: [ template_filter ] --START--
INFO: Run Behavior\ContentReplaceBehavior [ RunTime:0.000000s ]
INFO: [ template_filter ] --END-- [ RunTime:0.000000s ]
INFO: Run Behavior\ParseTemplateBehavior [ RunTime:0.000000s ]
INFO: [ view_parse ] --END-- [ RunTime:0.000000s ]
INFO: [ view_filter ] --START--
INFO: Run Behavior\WriteHtmlCacheBehavior [ RunTime:0.015600s ]
INFO: [ view_filter ] --END-- [ RunTime:0.015600s ]
INFO: [ app_end ] --START--
INFO: Run Behavior\ShowPageTraceBehavior [ RunTime:0.000000s ]
INFO: [ app_end ] --END-- [ RunTime:0.000000s ]

[ 2019-04-27T16:09:09+08:00 ] 127.0.0.1 /sptmcx/Admin/Home/desktop.html
INFO: [ app_init ] --START--
INFO: Run Behavior\BuildLiteBehavior [ RunTime:0.000000s ]
INFO: [ app_init ] --END-- [ RunTime:0.000000s ]
INFO: [ app_begin ] --START--
INFO: Run Behavior\ReadHtmlCacheBehavior [ RunTime:0.001000s ]
INFO: [ app_begin ] --END-- [ RunTime:0.001000s ]
SQL: SHOW COLUMNS FROM `sp_auth_user` [ RunTime:0.0864s ]
SQL: SELECT `perm` FROM `sp_auth_user` WHERE ( uid=1 ) LIMIT 1   [ RunTime:0.0674s ]
INFO: [ view_parse ] --START--
INFO: [ template_filter ] --START--
INFO: Run Behavior\ContentReplaceBehavior [ RunTime:0.000000s ]
INFO: [ template_filter ] --END-- [ RunTime:0.000000s ]
INFO: Run Behavior\ParseTemplateBehavior [ RunTime:0.000000s ]
INFO: [ view_parse ] --END-- [ RunTime:0.000000s ]
INFO: [ view_filter ] --START--
INFO: Run Behavior\WriteHtmlCacheBehavior [ RunTime:0.000000s ]
INFO: [ view_filter ] --END-- [ RunTime:0.000000s ]
INFO: [ app_end ] --START--
INFO: Run Behavior\ShowPageTraceBehavior [ RunTime:0.000000s ]
INFO: [ app_end ] --END-- [ RunTime:0.000000s ]

[ 2019-04-27T17:07:38+08:00 ] 127.0.0.1 /sptmcx/Admin/Home/index.html
INFO: [ app_init ] --START--
INFO: Run Behavior\BuildLiteBehavior [ RunTime:0.000000s ]
INFO: [ app_init ] --END-- [ RunTime:0.000000s ]
INFO: [ app_begin ] --START--
INFO: Run Behavior\ReadHtmlCacheBehavior [ RunTime:0.015600s ]
INFO: [ app_begin ] --END-- [ RunTime:0.015600s ]
SQL: SHOW COLUMNS FROM `sp_auth_user` [ RunTime:0.0560s ]
SQL: SELECT `perm` FROM `sp_auth_user` WHERE ( uid=1 ) LIMIT 1   [ RunTime:0.0658s ]
INFO: [ view_parse ] --START--
INFO: [ template_filter ] --START--
INFO: Run Behavior\ContentReplaceBehavior [ RunTime:0.000000s ]
INFO: [ template_filter ] --END-- [ RunTime:0.000000s ]
INFO: Run Behavior\ParseTemplateBehavior [ RunTime:0.009001s ]
INFO: [ view_parse ] --END-- [ RunTime:0.009001s ]
INFO: [ view_filter ] --START--
INFO: Run Behavior\WriteHtmlCacheBehavior [ RunTime:0.001000s ]
INFO: [ view_filter ] --END-- [ RunTime:0.001000s ]
INFO: [ app_end ] --START--
INFO: Run Behavior\ShowPageTraceBehavior [ RunTime:0.000000s ]
INFO: [ app_end ] --END-- [ RunTime:0.000000s ]

[ 2019-04-27T17:07:39+08:00 ] 127.0.0.1 /sptmcx/Admin/Home/desktop.html
INFO: [ app_init ] --START--
INFO: Run Behavior\BuildLiteBehavior [ RunTime:0.000000s ]
INFO: [ app_init ] --END-- [ RunTime:0.001000s ]
INFO: [ app_begin ] --START--
INFO: Run Behavior\ReadHtmlCacheBehavior [ RunTime:0.000000s ]
INFO: [ app_begin ] --END-- [ RunTime:0.000000s ]
SQL: SHOW COLUMNS FROM `sp_auth_user` [ RunTime:0.0802s ]
SQL: SELECT `perm` FROM `sp_auth_user` WHERE ( uid=1 ) LIMIT 1   [ RunTime:0.0710s ]
INFO: [ view_parse ] --START--
INFO: [ template_filter ] --START--
INFO: Run Behavior\ContentReplaceBehavior [ RunTime:0.000000s ]
INFO: [ template_filter ] --END-- [ RunTime:0.000000s ]
INFO: Run Behavior\ParseTemplateBehavior [ RunTime:0.005001s ]
INFO: [ view_parse ] --END-- [ RunTime:0.005001s ]
INFO: [ view_filter ] --START--
INFO: Run Behavior\WriteHtmlCacheBehavior [ RunTime:0.000000s ]
INFO: [ view_filter ] --END-- [ RunTime:0.001000s ]
INFO: [ app_end ] --START--
INFO: Run Behavior\ShowPageTraceBehavior [ RunTime:0.000000s ]
INFO: [ app_end ] --END-- [ RunTime:0.000000s ]

[ 2019-04-27T17:07:44+08:00 ] 127.0.0.1 /sptmcx/Admin/Standard/add.html
INFO: [ app_init ] --START--
INFO: Run Behavior\BuildLiteBehavior [ RunTime:0.000000s ]
INFO: [ app_init ] --END-- [ RunTime:0.001000s ]
INFO: [ app_begin ] --START--
INFO: Run Behavior\ReadHtmlCacheBehavior [ RunTime:0.000000s ]
INFO: [ app_begin ] --END-- [ RunTime:0.000000s ]
SQL: SHOW COLUMNS FROM `sp_auth_user` [ RunTime:0.0624s ]
SQL: SELECT `perm` FROM `sp_auth_user` WHERE ( uid=1 ) LIMIT 1   [ RunTime:0.0694s ]
SQL: SHOW COLUMNS FROM `sp_standard` [ RunTime:0.0518s ]
INFO: [ view_parse ] --START--
INFO: [ template_filter ] --START--
INFO: Run Behavior\ContentReplaceBehavior [ RunTime:0.000000s ]
INFO: [ template_filter ] --END-- [ RunTime:0.000000s ]
NOTIC: [8] Undefined variable: info D:\phpStudy\WWW\sptmcx\Application\Runtime\Cache\Admin\4dea032a6c06ed4f673ef868b01dfd68.php 第 53 行.
NOTIC: [8] Use of undefined constant id - assumed 'id' D:\phpStudy\WWW\sptmcx\Application\Runtime\Cache\Admin\4dea032a6c06ed4f673ef868b01dfd68.php 第 56 行.
NOTIC: [8] Undefined variable: info D:\phpStudy\WWW\sptmcx\Application\Runtime\Cache\Admin\4dea032a6c06ed4f673ef868b01dfd68.php 第 56 行.
NOTIC: [8] Undefined variable: info D:\phpStudy\WWW\sptmcx\Application\Runtime\Cache\Admin\4dea032a6c06ed4f673ef868b01dfd68.php 第 61 行.
NOTIC: [8] Undefined variable: info D:\phpStudy\WWW\sptmcx\Application\Runtime\Cache\Admin\4dea032a6c06ed4f673ef868b01dfd68.php 第 65 行.
NOTIC: [8] Undefined variable: info D:\phpStudy\WWW\sptmcx\Application\Runtime\Cache\Admin\4dea032a6c06ed4f673ef868b01dfd68.php 第 69 行.
NOTIC: [8] Undefined variable: info D:\phpStudy\WWW\sptmcx\Application\Runtime\Cache\Admin\4dea032a6c06ed4f673ef868b01dfd68.php 第 75 行.
NOTIC: [8] Undefined variable: info D:\phpStudy\WWW\sptmcx\Application\Runtime\Cache\Admin\4dea032a6c06ed4f673ef868b01dfd68.php 第 78 行.
NOTIC: [8] Undefined variable: info D:\phpStudy\WWW\sptmcx\Application\Runtime\Cache\Admin\4dea032a6c06ed4f673ef868b01dfd68.php 第 84 行.
NOTIC: [8] Undefined variable: info D:\phpStudy\WWW\sptmcx\Application\Runtime\Cache\Admin\4dea032a6c06ed4f673ef868b01dfd68.php 第 98 行.
NOTIC: [8] Undefined variable: info D:\phpStudy\WWW\sptmcx\Application\Runtime\Cache\Admin\4dea032a6c06ed4f673ef868b01dfd68.php 第 101 行.
NOTIC: [8] Undefined variable: info D:\phpStudy\WWW\sptmcx\Application\Runtime\Cache\Admin\4dea032a6c06ed4f673ef868b01dfd68.php 第 104 行.
NOTIC: [8] Undefined variable: info D:\phpStudy\WWW\sptmcx\Application\Runtime\Cache\Admin\4dea032a6c06ed4f673ef868b01dfd68.php 第 110 行.
NOTIC: [8] Undefined variable: info D:\phpStudy\WWW\sptmcx\Application\Runtime\Cache\Admin\4dea032a6c06ed4f673ef868b01dfd68.php 第 114 行.
NOTIC: [8] Undefined variable: info D:\phpStudy\WWW\sptmcx\Application\Runtime\Cache\Admin\4dea032a6c06ed4f673ef868b01dfd68.php 第 118 行.
NOTIC: [8] Undefined variable: info D:\phpStudy\WWW\sptmcx\Application\Runtime\Cache\Admin\4dea032a6c06ed4f673ef868b01dfd68.php 第 122 行.
NOTIC: [8] Undefined variable: info D:\phpStudy\WWW\sptmcx\Application\Runtime\Cache\Admin\4dea032a6c06ed4f673ef868b01dfd68.php 第 126 行.
NOTIC: [8] Undefined variable: info D:\phpStudy\WWW\sptmcx\Application\Runtime\Cache\Admin\4dea032a6c06ed4f673ef868b01dfd68.php 第 130 行.
NOTIC: [8] Undefined variable: info D:\phpStudy\WWW\sptmcx\Application\Runtime\Cache\Admin\4dea032a6c06ed4f673ef868b01dfd68.php 第 134 行.
NOTIC: [8] Use of undefined constant summary - assumed 'summary' D:\phpStudy\WWW\sptmcx\Application\Runtime\Cache\Admin\4dea032a6c06ed4f673ef868b01dfd68.php 第 138 行.
NOTIC: [8] Undefined variable: info D:\phpStudy\WWW\sptmcx\Application\Runtime\Cache\Admin\4dea032a6c06ed4f673ef868b01dfd68.php 第 138 行.
NOTIC: [8] Undefined variable: info D:\phpStudy\WWW\sptmcx\Application\Runtime\Cache\Admin\4dea032a6c06ed4f673ef868b01dfd68.php 第 145 行.
INFO: Run Behavior\ParseTemplateBehavior [ RunTime:0.015600s ]
INFO: [ view_parse ] --END-- [ RunTime:0.015600s ]
INFO: [ view_filter ] --START--
INFO: Run Behavior\WriteHtmlCacheBehavior [ RunTime:0.000000s ]
INFO: [ view_filter ] --END-- [ RunTime:0.000000s ]
INFO: [ app_end ] --START--
INFO: Run Behavior\ShowPageTraceBehavior [ RunTime:0.000000s ]
INFO: [ app_end ] --END-- [ RunTime:0.000000s ]

[ 2019-04-27T17:12:18+08:00 ] 127.0.0.1 /sptmcx/Admin/Standard/add.html
INFO: [ app_init ] --START--
INFO: Run Behavior\BuildLiteBehavior [ RunTime:0.000000s ]
INFO: [ app_init ] --END-- [ RunTime:0.001000s ]
INFO: [ app_begin ] --START--
INFO: Run Behavior\ReadHtmlCacheBehavior [ RunTime:0.001000s ]
INFO: [ app_begin ] --END-- [ RunTime:0.001000s ]
SQL: SHOW COLUMNS FROM `sp_auth_user` [ RunTime:0.0630s ]
SQL: SELECT `perm` FROM `sp_auth_user` WHERE ( uid=1 ) LIMIT 1   [ RunTime:0.0630s ]
SQL: SHOW COLUMNS FROM `sp_standard` [ RunTime:0.0640s ]
NOTIC: [2] call_user_func() expects parameter 1 to be a valid callback, no array or string given D:\phpStudy\WWW\sptmcx\ThinkPHP\Library\Think\Upload.class.php 第 182 行.
NOTIC: [8] Undefined variable: namespace D:\phpStudy\WWW\sptmcx\Application\Common\Common\function.php 第 11 行.
NOTIC: [8] Undefined index: LOCAL_ADDR D:\phpStudy\WWW\sptmcx\Application\Common\Common\function.php 第 14 行.
NOTIC: [8] Undefined index: LOCAL_PORT D:\phpStudy\WWW\sptmcx\Application\Common\Common\function.php 第 15 行.
NOTIC: [8] Undefined index: thumb D:\phpStudy\WWW\sptmcx\Application\Admin\Controller\StandardController.class.php 第 63 行.
NOTIC: [8] Undefined index: memberlevel D:\phpStudy\WWW\sptmcx\Application\Admin\Controller\StandardController.class.php 第 64 行.
SQL: INSERT INTO `sp_standard` (`id`,`displayorder`,`title`,`englishname`,`status`,`standardnumber`,`standardtype`,`standardstatus`,`ccs`,`ics`,`publicationdate`,`impldate`,`competentdepartment`,`technicalcommittees`,`publishingunit`,`summary`,`des`,`fsrc`,`thumb`,`memberlevel`,`addtime`) VALUES ('912C3E596D8F23425E37034686AF887B','0','一次性使用卫生用品卫生标准','Hygienic standard for disposable sanitary products','1','GB 15979-2002','1','1','C48','11.080','2002-03-05','2002-09-01','卫生部','卫生部','中华人民共和国国家质量监督检验检疫总局','','','/2019-04-27/5cc41cf2aaf3f.pdf','file_thumd.ico','1','1556356338') [ RunTime:0.0650s ]
INFO: [ view_parse ] --START--
INFO: [ template_filter ] --START--
INFO: Run Behavior\ContentReplaceBehavior [ RunTime:0.000000s ]
INFO: [ template_filter ] --END-- [ RunTime:0.000000s ]
INFO: Run Behavior\ParseTemplateBehavior [ RunTime:0.007000s ]
INFO: [ view_parse ] --END-- [ RunTime:0.007000s ]
INFO: [ view_filter ] --START--
INFO: Run Behavior\WriteHtmlCacheBehavior [ RunTime:0.001000s ]
INFO: [ view_filter ] --END-- [ RunTime:0.001000s ]

[ 2019-04-27T17:12:20+08:00 ] 127.0.0.1 /sptmcx/Admin/Standard/index.html
INFO: [ app_init ] --START--
INFO: Run Behavior\BuildLiteBehavior [ RunTime:0.000000s ]
INFO: [ app_init ] --END-- [ RunTime:0.001000s ]
INFO: [ app_begin ] --START--
INFO: Run Behavior\ReadHtmlCacheBehavior [ RunTime:0.001000s ]
INFO: [ app_begin ] --END-- [ RunTime:0.001000s ]
SQL: SHOW COLUMNS FROM `sp_auth_user` [ RunTime:0.0610s ]
SQL: SELECT `perm` FROM `sp_auth_user` WHERE ( uid=1 ) LIMIT 1   [ RunTime:0.0600s ]
SQL: SHOW COLUMNS FROM `sp_standard` [ RunTime:0.0610s ]
SQL: SELECT COUNT(*) AS tp_count FROM `sp_standard` WHERE `del` = 0 LIMIT 1   [ RunTime:0.0640s ]
SQL: SELECT * FROM `sp_standard` WHERE `del` = 0 ORDER BY `displayorder` desc,`id` desc LIMIT 0,20   [ RunTime:0.0610s ]
INFO: [ view_parse ] --START--
INFO: [ template_filter ] --START--
INFO: Run Behavior\ContentReplaceBehavior [ RunTime:0.000000s ]
INFO: [ template_filter ] --END-- [ RunTime:0.000000s ]
NOTIC: [8] Use of undefined constant title - assumed 'title' D:\phpStudy\WWW\sptmcx\Application\Runtime\Cache\Admin\7df29f2afe384c7b29af255ec6adc1f2.php 第 76 行.
NOTIC: [8] Use of undefined constant standardtype - assumed 'standardtype' D:\phpStudy\WWW\sptmcx\Application\Runtime\Cache\Admin\7df29f2afe384c7b29af255ec6adc1f2.php 第 77 行.
NOTIC: [8] Use of undefined constant standardnumber - assumed 'standardnumber' D:\phpStudy\WWW\sptmcx\Application\Runtime\Cache\Admin\7df29f2afe384c7b29af255ec6adc1f2.php 第 78 行.
NOTIC: [8] Use of undefined constant id - assumed 'id' D:\phpStudy\WWW\sptmcx\Application\Runtime\Cache\Admin\7df29f2afe384c7b29af255ec6adc1f2.php 第 83 行.
NOTIC: [8] Use of undefined constant title - assumed 'title' D:\phpStudy\WWW\sptmcx\Application\Runtime\Cache\Admin\7df29f2afe384c7b29af255ec6adc1f2.php 第 83 行.
NOTIC: [8] Use of undefined constant id - assumed 'id' D:\phpStudy\WWW\sptmcx\Application\Runtime\Cache\Admin\7df29f2afe384c7b29af255ec6adc1f2.php 第 83 行.
NOTIC: [8] Use of undefined constant id - assumed 'id' D:\phpStudy\WWW\sptmcx\Application\Runtime\Cache\Admin\7df29f2afe384c7b29af255ec6adc1f2.php 第 86 行.
NOTIC: [8] Use of undefined constant title - assumed 'title' D:\phpStudy\WWW\sptmcx\Application\Runtime\Cache\Admin\7df29f2afe384c7b29af255ec6adc1f2.php 第 76 行.
NOTIC: [8] Use of undefined constant standardtype - assumed 'standardtype' D:\phpStudy\WWW\sptmcx\Application\Runtime\Cache\Admin\7df29f2afe384c7b29af255ec6adc1f2.php 第 77 行.
NOTIC: [8] Use of undefined constant standardnumber - assumed 'standardnumber' D:\phpStudy\WWW\sptmcx\Application\Runtime\Cache\Admin\7df29f2afe384c7b29af255ec6adc1f2.php 第 78 行.
NOTIC: [8] Use of undefined constant id - assumed 'id' D:\phpStudy\WWW\sptmcx\Application\Runtime\Cache\Admin\7df29f2afe384c7b29af255ec6adc1f2.php 第 83 行.
NOTIC: [8] Use of undefined constant title - assumed 'title' D:\phpStudy\WWW\sptmcx\Application\Runtime\Cache\Admin\7df29f2afe384c7b29af255ec6adc1f2.php 第 83 行.
NOTIC: [8] Use of undefined constant id - assumed 'id' D:\phpStudy\WWW\sptmcx\Application\Runtime\Cache\Admin\7df29f2afe384c7b29af255ec6adc1f2.php 第 83 行.
NOTIC: [8] Use of undefined constant id - assumed 'id' D:\phpStudy\WWW\sptmcx\Application\Runtime\Cache\Admin\7df29f2afe384c7b29af255ec6adc1f2.php 第 86 行.
NOTIC: [8] Use of undefined constant title - assumed 'title' D:\phpStudy\WWW\sptmcx\Application\Runtime\Cache\Admin\7df29f2afe384c7b29af255ec6adc1f2.php 第 76 行.
NOTIC: [8] Use of undefined constant standardtype - assumed 'standardtype' D:\phpStudy\WWW\sptmcx\Application\Runtime\Cache\Admin\7df29f2afe384c7b29af255ec6adc1f2.php 第 77 行.
NOTIC: [8] Use of undefined constant standardnumber - assumed 'standardnumber' D:\phpStudy\WWW\sptmcx\Application\Runtime\Cache\Admin\7df29f2afe384c7b29af255ec6adc1f2.php 第 78 行.
NOTIC: [8] Use of undefined constant id - assumed 'id' D:\phpStudy\WWW\sptmcx\Application\Runtime\Cache\Admin\7df29f2afe384c7b29af255ec6adc1f2.php 第 83 行.
NOTIC: [8] Use of undefined constant title - assumed 'title' D:\phpStudy\WWW\sptmcx\Application\Runtime\Cache\Admin\7df29f2afe384c7b29af255ec6adc1f2.php 第 83 行.
NOTIC: [8] Use of undefined constant id - assumed 'id' D:\phpStudy\WWW\sptmcx\Application\Runtime\Cache\Admin\7df29f2afe384c7b29af255ec6adc1f2.php 第 83 行.
NOTIC: [8] Use of undefined constant id - assumed 'id' D:\phpStudy\WWW\sptmcx\Application\Runtime\Cache\Admin\7df29f2afe384c7b29af255ec6adc1f2.php 第 86 行.
INFO: Run Behavior\ParseTemplateBehavior [ RunTime:0.009000s ]
INFO: [ view_parse ] --END-- [ RunTime:0.009000s ]
INFO: [ view_filter ] --START--
INFO: Run Behavior\WriteHtmlCacheBehavior [ RunTime:0.000000s ]
INFO: [ view_filter ] --END-- [ RunTime:0.000000s ]
INFO: [ app_end ] --START--
INFO: Run Behavior\ShowPageTraceBehavior [ RunTime:0.000000s ]
INFO: [ app_end ] --END-- [ RunTime:0.000000s ]

[ 2019-04-27T17:12:25+08:00 ] 127.0.0.1 /sptmcx/Admin/Standard/del/id/B777A4AE730C64E7CABEFF7D995196FA/rand/6948.html
INFO: [ app_init ] --START--
INFO: Run Behavior\BuildLiteBehavior [ RunTime:0.000000s ]
INFO: [ app_init ] --END-- [ RunTime:0.000000s ]
INFO: [ app_begin ] --START--
INFO: Run Behavior\ReadHtmlCacheBehavior [ RunTime:0.001000s ]
INFO: [ app_begin ] --END-- [ RunTime:0.001000s ]
SQL: SHOW COLUMNS FROM `sp_auth_user` [ RunTime:0.0530s ]
SQL: SELECT `perm` FROM `sp_auth_user` WHERE ( uid=1 ) LIMIT 1   [ RunTime:0.0530s ]
SQL: SHOW COLUMNS FROM `sp_standard` [ RunTime:0.0540s ]
SQL: UPDATE `sp_standard` SET `del`='1' WHERE ( id= 'B777A4AE730C64E7CABEFF7D995196FA'  ) [ RunTime:0.0550s ]
INFO: [ view_parse ] --START--
INFO: [ template_filter ] --START--
INFO: Run Behavior\ContentReplaceBehavior [ RunTime:0.000000s ]
INFO: [ template_filter ] --END-- [ RunTime:0.000000s ]
INFO: Run Behavior\ParseTemplateBehavior [ RunTime:0.005001s ]
INFO: [ view_parse ] --END-- [ RunTime:0.005001s ]
INFO: [ view_filter ] --START--
INFO: Run Behavior\WriteHtmlCacheBehavior [ RunTime:0.000000s ]
INFO: [ view_filter ] --END-- [ RunTime:0.001000s ]
INFO: [ app_end ] --START--
INFO: Run Behavior\ShowPageTraceBehavior [ RunTime:0.001000s ]
INFO: [ app_end ] --END-- [ RunTime:0.001000s ]

[ 2019-04-27T17:12:27+08:00 ] 127.0.0.1 /sptmcx/Admin/Standard/index.html
INFO: [ app_init ] --START--
INFO: Run Behavior\BuildLiteBehavior [ RunTime:0.000000s ]
INFO: [ app_init ] --END-- [ RunTime:0.000000s ]
INFO: [ app_begin ] --START--
INFO: Run Behavior\ReadHtmlCacheBehavior [ RunTime:0.001000s ]
INFO: [ app_begin ] --END-- [ RunTime:0.001000s ]
SQL: SHOW COLUMNS FROM `sp_auth_user` [ RunTime:0.0600s ]
SQL: SELECT `perm` FROM `sp_auth_user` WHERE ( uid=1 ) LIMIT 1   [ RunTime:0.0590s ]
SQL: SHOW COLUMNS FROM `sp_standard` [ RunTime:0.0600s ]
SQL: SELECT COUNT(*) AS tp_count FROM `sp_standard` WHERE `del` = 0 LIMIT 1   [ RunTime:0.0590s ]
SQL: SELECT * FROM `sp_standard` WHERE `del` = 0 ORDER BY `displayorder` desc,`id` desc LIMIT 0,20   [ RunTime:0.0600s ]
INFO: [ view_parse ] --START--
INFO: [ template_filter ] --START--
INFO: Run Behavior\ContentReplaceBehavior [ RunTime:0.000000s ]
INFO: [ template_filter ] --END-- [ RunTime:0.000000s ]
NOTIC: [8] Use of undefined constant title - assumed 'title' D:\phpStudy\WWW\sptmcx\Application\Runtime\Cache\Admin\7df29f2afe384c7b29af255ec6adc1f2.php 第 76 行.
NOTIC: [8] Use of undefined constant standardtype - assumed 'standardtype' D:\phpStudy\WWW\sptmcx\Application\Runtime\Cache\Admin\7df29f2afe384c7b29af255ec6adc1f2.php 第 77 行.
NOTIC: [8] Use of undefined constant standardnumber - assumed 'standardnumber' D:\phpStudy\WWW\sptmcx\Application\Runtime\Cache\Admin\7df29f2afe384c7b29af255ec6adc1f2.php 第 78 行.
NOTIC: [8] Use of undefined constant id - assumed 'id' D:\phpStudy\WWW\sptmcx\Application\Runtime\Cache\Admin\7df29f2afe384c7b29af255ec6adc1f2.php 第 83 行.
NOTIC: [8] Use of undefined constant title - assumed 'title' D:\phpStudy\WWW\sptmcx\Application\Runtime\Cache\Admin\7df29f2afe384c7b29af255ec6adc1f2.php 第 83 行.
NOTIC: [8] Use of undefined constant id - assumed 'id' D:\phpStudy\WWW\sptmcx\Application\Runtime\Cache\Admin\7df29f2afe384c7b29af255ec6adc1f2.php 第 83 行.
NOTIC: [8] Use of undefined constant id - assumed 'id' D:\phpStudy\WWW\sptmcx\Application\Runtime\Cache\Admin\7df29f2afe384c7b29af255ec6adc1f2.php 第 86 行.
NOTIC: [8] Use of undefined constant title - assumed 'title' D:\phpStudy\WWW\sptmcx\Application\Runtime\Cache\Admin\7df29f2afe384c7b29af255ec6adc1f2.php 第 76 行.
NOTIC: [8] Use of undefined constant standardtype - assumed 'standardtype' D:\phpStudy\WWW\sptmcx\Application\Runtime\Cache\Admin\7df29f2afe384c7b29af255ec6adc1f2.php 第 77 行.
NOTIC: [8] Use of undefined constant standardnumber - assumed 'standardnumber' D:\phpStudy\WWW\sptmcx\Application\Runtime\Cache\Admin\7df29f2afe384c7b29af255ec6adc1f2.php 第 78 行.
NOTIC: [8] Use of undefined constant id - assumed 'id' D:\phpStudy\WWW\sptmcx\Application\Runtime\Cache\Admin\7df29f2afe384c7b29af255ec6adc1f2.php 第 83 行.
NOTIC: [8] Use of undefined constant title - assumed 'title' D:\phpStudy\WWW\sptmcx\Application\Runtime\Cache\Admin\7df29f2afe384c7b29af255ec6adc1f2.php 第 83 行.
NOTIC: [8] Use of undefined constant id - assumed 'id' D:\phpStudy\WWW\sptmcx\Application\Runtime\Cache\Admin\7df29f2afe384c7b29af255ec6adc1f2.php 第 83 行.
NOTIC: [8] Use of undefined constant id - assumed 'id' D:\phpStudy\WWW\sptmcx\Application\Runtime\Cache\Admin\7df29f2afe384c7b29af255ec6adc1f2.php 第 86 行.
INFO: Run Behavior\ParseTemplateBehavior [ RunTime:0.008000s ]
INFO: [ view_parse ] --END-- [ RunTime:0.008000s ]
INFO: [ view_filter ] --START--
INFO: Run Behavior\WriteHtmlCacheBehavior [ RunTime:0.001001s ]
INFO: [ view_filter ] --END-- [ RunTime:0.001001s ]
INFO: [ app_end ] --START--
INFO: Run Behavior\ShowPageTraceBehavior [ RunTime:0.000000s ]
INFO: [ app_end ] --END-- [ RunTime:0.001000s ]

[ 2019-04-27T17:12:30+08:00 ] 127.0.0.1 /sptmcx/Admin/Standard/del/id/4B9FDB6C6D6E05F58FFBBCE39AA69581/rand/1858.html
INFO: [ app_init ] --START--
INFO: Run Behavior\BuildLiteBehavior [ RunTime:0.000000s ]
INFO: [ app_init ] --END-- [ RunTime:0.000000s ]
INFO: [ app_begin ] --START--
INFO: Run Behavior\ReadHtmlCacheBehavior [ RunTime:0.001000s ]
INFO: [ app_begin ] --END-- [ RunTime:0.001000s ]
SQL: SHOW COLUMNS FROM `sp_auth_user` [ RunTime:0.0730s ]
SQL: SELECT `perm` FROM `sp_auth_user` WHERE ( uid=1 ) LIMIT 1   [ RunTime:0.0720s ]
SQL: SHOW COLUMNS FROM `sp_standard` [ RunTime:0.0730s ]
SQL: UPDATE `sp_standard` SET `del`='1' WHERE ( id= '4B9FDB6C6D6E05F58FFBBCE39AA69581'  ) [ RunTime:0.0770s ]
INFO: [ view_parse ] --START--
INFO: [ template_filter ] --START--
INFO: Run Behavior\ContentReplaceBehavior [ RunTime:0.000000s ]
INFO: [ template_filter ] --END-- [ RunTime:0.000000s ]
INFO: Run Behavior\ParseTemplateBehavior [ RunTime:0.006001s ]
INFO: [ view_parse ] --END-- [ RunTime:0.006001s ]
INFO: [ view_filter ] --START--
INFO: Run Behavior\WriteHtmlCacheBehavior [ RunTime:0.000000s ]
INFO: [ view_filter ] --END-- [ RunTime:0.000000s ]
INFO: [ app_end ] --START--
INFO: Run Behavior\ShowPageTraceBehavior [ RunTime:0.000000s ]
INFO: [ app_end ] --END-- [ RunTime:0.000000s ]

[ 2019-04-27T17:12:32+08:00 ] 127.0.0.1 /sptmcx/Admin/Standard/index.html
INFO: [ app_init ] --START--
INFO: Run Behavior\BuildLiteBehavior [ RunTime:0.000000s ]
INFO: [ app_init ] --END-- [ RunTime:0.001001s ]
INFO: [ app_begin ] --START--
INFO: Run Behavior\ReadHtmlCacheBehavior [ RunTime:0.001000s ]
INFO: [ app_begin ] --END-- [ RunTime:0.001000s ]
SQL: SHOW COLUMNS FROM `sp_auth_user` [ RunTime:0.0710s ]
SQL: SELECT `perm` FROM `sp_auth_user` WHERE ( uid=1 ) LIMIT 1   [ RunTime:0.0710s ]
SQL: SHOW COLUMNS FROM `sp_standard` [ RunTime:0.0720s ]
SQL: SELECT COUNT(*) AS tp_count FROM `sp_standard` WHERE `del` = 0 LIMIT 1   [ RunTime:0.0710s ]
SQL: SELECT * FROM `sp_standard` WHERE `del` = 0 ORDER BY `displayorder` desc,`id` desc LIMIT 0,20   [ RunTime:0.0720s ]
INFO: [ view_parse ] --START--
INFO: [ template_filter ] --START--
INFO: Run Behavior\ContentReplaceBehavior [ RunTime:0.001000s ]
INFO: [ template_filter ] --END-- [ RunTime:0.001000s ]
NOTIC: [8] Use of undefined constant title - assumed 'title' D:\phpStudy\WWW\sptmcx\Application\Runtime\Cache\Admin\7df29f2afe384c7b29af255ec6adc1f2.php 第 76 行.
NOTIC: [8] Use of undefined constant standardtype - assumed 'standardtype' D:\phpStudy\WWW\sptmcx\Application\Runtime\Cache\Admin\7df29f2afe384c7b29af255ec6adc1f2.php 第 77 行.
NOTIC: [8] Use of undefined constant standardnumber - assumed 'standardnumber' D:\phpStudy\WWW\sptmcx\Application\Runtime\Cache\Admin\7df29f2afe384c7b29af255ec6adc1f2.php 第 78 行.
NOTIC: [8] Use of undefined constant id - assumed 'id' D:\phpStudy\WWW\sptmcx\Application\Runtime\Cache\Admin\7df29f2afe384c7b29af255ec6adc1f2.php 第 83 行.
NOTIC: [8] Use of undefined constant title - assumed 'title' D:\phpStudy\WWW\sptmcx\Application\Runtime\Cache\Admin\7df29f2afe384c7b29af255ec6adc1f2.php 第 83 行.
NOTIC: [8] Use of undefined constant id - assumed 'id' D:\phpStudy\WWW\sptmcx\Application\Runtime\Cache\Admin\7df29f2afe384c7b29af255ec6adc1f2.php 第 83 行.
NOTIC: [8] Use of undefined constant id - assumed 'id' D:\phpStudy\WWW\sptmcx\Application\Runtime\Cache\Admin\7df29f2afe384c7b29af255ec6adc1f2.php 第 86 行.
INFO: Run Behavior\ParseTemplateBehavior [ RunTime:0.008000s ]
INFO: [ view_parse ] --END-- [ RunTime:0.008000s ]
INFO: [ view_filter ] --START--
INFO: Run Behavior\WriteHtmlCacheBehavior [ RunTime:0.001001s ]
INFO: [ view_filter ] --END-- [ RunTime:0.001001s ]
INFO: [ app_end ] --START--
INFO: Run Behavior\ShowPageTraceBehavior [ RunTime:0.001000s ]
INFO: [ app_end ] --END-- [ RunTime:0.001000s ]

[ 2019-04-27T17:12:34+08:00 ] 127.0.0.1 /sptmcx/Admin/Standard/edit/id/912C3E596D8F23425E37034686AF887B/rand/2776.html
INFO: [ app_init ] --START--
INFO: Run Behavior\BuildLiteBehavior [ RunTime:0.000000s ]
INFO: [ app_init ] --END-- [ RunTime:0.000000s ]
INFO: [ app_begin ] --START--
INFO: Run Behavior\ReadHtmlCacheBehavior [ RunTime:0.001001s ]
INFO: [ app_begin ] --END-- [ RunTime:0.001001s ]
SQL: SHOW COLUMNS FROM `sp_auth_user` [ RunTime:0.0490s ]
SQL: SELECT `perm` FROM `sp_auth_user` WHERE ( uid=1 ) LIMIT 1   [ RunTime:0.0490s ]
SQL: SHOW COLUMNS FROM `sp_standard` [ RunTime:0.0500s ]
SQL: SELECT * FROM `sp_standard` WHERE ( id='912C3E596D8F23425E37034686AF887B' and del=0 ) LIMIT 1   [ RunTime:0.0500s ]
INFO: [ view_parse ] --START--
INFO: [ template_filter ] --START--
INFO: Run Behavior\ContentReplaceBehavior [ RunTime:0.000000s ]
INFO: [ template_filter ] --END-- [ RunTime:0.000000s ]
NOTIC: [8] Use of undefined constant id - assumed 'id' D:\phpStudy\WWW\sptmcx\Application\Runtime\Cache\Admin\4dea032a6c06ed4f673ef868b01dfd68.php 第 56 行.
NOTIC: [8] Use of undefined constant summary - assumed 'summary' D:\phpStudy\WWW\sptmcx\Application\Runtime\Cache\Admin\4dea032a6c06ed4f673ef868b01dfd68.php 第 138 行.
INFO: Run Behavior\ParseTemplateBehavior [ RunTime:0.008000s ]
INFO: [ view_parse ] --END-- [ RunTime:0.008000s ]
INFO: [ view_filter ] --START--
INFO: Run Behavior\WriteHtmlCacheBehavior [ RunTime:0.001000s ]
INFO: [ view_filter ] --END-- [ RunTime:0.001000s ]
INFO: [ app_end ] --START--
INFO: Run Behavior\ShowPageTraceBehavior [ RunTime:0.001000s ]
INFO: [ app_end ] --END-- [ RunTime:0.001000s ]

[ 2019-04-27T17:13:55+08:00 ] 127.0.0.1 /sptmcx/Admin/Standard/index.html
INFO: [ app_init ] --START--
INFO: Run Behavior\BuildLiteBehavior [ RunTime:0.001000s ]
INFO: [ app_init ] --END-- [ RunTime:0.001000s ]
INFO: [ app_begin ] --START--
INFO: Run Behavior\ReadHtmlCacheBehavior [ RunTime:0.001000s ]
INFO: [ app_begin ] --END-- [ RunTime:0.001000s ]
SQL: SHOW COLUMNS FROM `sp_auth_user` [ RunTime:0.0620s ]
SQL: SELECT `perm` FROM `sp_auth_user` WHERE ( uid=1 ) LIMIT 1   [ RunTime:0.0620s ]
SQL: SHOW COLUMNS FROM `sp_standard` [ RunTime:0.0620s ]
SQL: SELECT COUNT(*) AS tp_count FROM `sp_standard` WHERE `del` = 0 LIMIT 1   [ RunTime:0.0620s ]
SQL: SELECT * FROM `sp_standard` WHERE `del` = 0 ORDER BY `displayorder` desc,`id` desc LIMIT 0,20   [ RunTime:0.0630s ]
INFO: [ view_parse ] --START--
INFO: [ template_filter ] --START--
INFO: Run Behavior\ContentReplaceBehavior [ RunTime:0.000000s ]
INFO: [ template_filter ] --END-- [ RunTime:0.001000s ]
NOTIC: [8] Use of undefined constant title - assumed 'title' D:\phpStudy\WWW\sptmcx\Application\Runtime\Cache\Admin\7df29f2afe384c7b29af255ec6adc1f2.php 第 76 行.
NOTIC: [8] Use of undefined constant standardtype - assumed 'standardtype' D:\phpStudy\WWW\sptmcx\Application\Runtime\Cache\Admin\7df29f2afe384c7b29af255ec6adc1f2.php 第 77 行.
NOTIC: [8] Use of undefined constant standardnumber - assumed 'standardnumber' D:\phpStudy\WWW\sptmcx\Application\Runtime\Cache\Admin\7df29f2afe384c7b29af255ec6adc1f2.php 第 78 行.
NOTIC: [8] Use of undefined constant id - assumed 'id' D:\phpStudy\WWW\sptmcx\Application\Runtime\Cache\Admin\7df29f2afe384c7b29af255ec6adc1f2.php 第 83 行.
NOTIC: [8] Use of undefined constant title - assumed 'title' D:\phpStudy\WWW\sptmcx\Application\Runtime\Cache\Admin\7df29f2afe384c7b29af255ec6adc1f2.php 第 83 行.
NOTIC: [8] Use of undefined constant id - assumed 'id' D:\phpStudy\WWW\sptmcx\Application\Runtime\Cache\Admin\7df29f2afe384c7b29af255ec6adc1f2.php 第 83 行.
NOTIC: [8] Use of undefined constant id - assumed 'id' D:\phpStudy\WWW\sptmcx\Application\Runtime\Cache\Admin\7df29f2afe384c7b29af255ec6adc1f2.php 第 86 行.
INFO: Run Behavior\ParseTemplateBehavior [ RunTime:0.008000s ]
INFO: [ view_parse ] --END-- [ RunTime:0.008000s ]
INFO: [ view_filter ] --START--
INFO: Run Behavior\WriteHtmlCacheBehavior [ RunTime:0.001000s ]
INFO: [ view_filter ] --END-- [ RunTime:0.001000s ]
INFO: [ app_end ] --START--
INFO: Run Behavior\ShowPageTraceBehavior [ RunTime:0.001000s ]
INFO: [ app_end ] --END-- [ RunTime:0.001000s ]

[ 2019-04-27T17:19:29+08:00 ] 127.0.0.1 /sptmcx/Admin/Standard/index.html
INFO: [ app_init ] --START--
INFO: Run Behavior\BuildLiteBehavior [ RunTime:0.000000s ]
INFO: [ app_init ] --END-- [ RunTime:0.001000s ]
INFO: [ app_begin ] --START--
INFO: Run Behavior\ReadHtmlCacheBehavior [ RunTime:0.001000s ]
INFO: [ app_begin ] --END-- [ RunTime:0.001000s ]
SQL: SHOW COLUMNS FROM `sp_auth_user` [ RunTime:0.0638s ]
SQL: SELECT `perm` FROM `sp_auth_user` WHERE ( uid=1 ) LIMIT 1   [ RunTime:0.0452s ]
SQL: SHOW COLUMNS FROM `sp_standard` [ RunTime:0.0644s ]
SQL: SELECT COUNT(*) AS tp_count FROM `sp_standard` WHERE `del` = 0 LIMIT 1   [ RunTime:0.0624s ]
SQL: SELECT * FROM `sp_standard` WHERE `del` = 0 ORDER BY `displayorder` desc,`id` desc LIMIT 0,20   [ RunTime:0.0624s ]
INFO: [ view_parse ] --START--
INFO: [ template_filter ] --START--
INFO: Run Behavior\ContentReplaceBehavior [ RunTime:0.000000s ]
INFO: [ template_filter ] --END-- [ RunTime:0.000000s ]
NOTIC: [8] Use of undefined constant title - assumed 'title' D:\phpStudy\WWW\sptmcx\Application\Runtime\Cache\Admin\7df29f2afe384c7b29af255ec6adc1f2.php 第 76 行.
NOTIC: [8] Use of undefined constant standardnumber - assumed 'standardnumber' D:\phpStudy\WWW\sptmcx\Application\Runtime\Cache\Admin\7df29f2afe384c7b29af255ec6adc1f2.php 第 78 行.
NOTIC: [8] Use of undefined constant id - assumed 'id' D:\phpStudy\WWW\sptmcx\Application\Runtime\Cache\Admin\7df29f2afe384c7b29af255ec6adc1f2.php 第 83 行.
NOTIC: [8] Use of undefined constant title - assumed 'title' D:\phpStudy\WWW\sptmcx\Application\Runtime\Cache\Admin\7df29f2afe384c7b29af255ec6adc1f2.php 第 83 行.
NOTIC: [8] Use of undefined constant id - assumed 'id' D:\phpStudy\WWW\sptmcx\Application\Runtime\Cache\Admin\7df29f2afe384c7b29af255ec6adc1f2.php 第 83 行.
NOTIC: [8] Use of undefined constant id - assumed 'id' D:\phpStudy\WWW\sptmcx\Application\Runtime\Cache\Admin\7df29f2afe384c7b29af255ec6adc1f2.php 第 86 行.
INFO: Run Behavior\ParseTemplateBehavior [ RunTime:0.015600s ]
INFO: [ view_parse ] --END-- [ RunTime:0.015600s ]
INFO: [ view_filter ] --START--
INFO: Run Behavior\WriteHtmlCacheBehavior [ RunTime:0.000000s ]
INFO: [ view_filter ] --END-- [ RunTime:0.000000s ]
INFO: [ app_end ] --START--
INFO: Run Behavior\ShowPageTraceBehavior [ RunTime:0.000000s ]
INFO: [ app_end ] --END-- [ RunTime:0.000000s ]

[ 2019-04-27T17:20:25+08:00 ] 127.0.0.1 /sptmcx/Admin/Goods/add.html
INFO: [ app_init ] --START--
INFO: Run Behavior\BuildLiteBehavior [ RunTime:0.000000s ]
INFO: [ app_init ] --END-- [ RunTime:0.001000s ]
INFO: [ app_begin ] --START--
INFO: Run Behavior\ReadHtmlCacheBehavior [ RunTime:0.001000s ]
INFO: [ app_begin ] --END-- [ RunTime:0.001000s ]
SQL: SHOW COLUMNS FROM `sp_auth_user` [ RunTime:0.0664s ]
SQL: SELECT `perm` FROM `sp_auth_user` WHERE ( uid=1 ) LIMIT 1   [ RunTime:0.0624s ]
SQL: SHOW COLUMNS FROM `sp_goods` [ RunTime:0.0708s ]
INFO: [ view_parse ] --START--
INFO: [ template_filter ] --START--
INFO: Run Behavior\ContentReplaceBehavior [ RunTime:0.000000s ]
INFO: [ template_filter ] --END-- [ RunTime:0.000000s ]
NOTIC: [8] Undefined variable: info D:\phpStudy\WWW\sptmcx\Application\Runtime\Cache\Admin\c2cd2e0a9ae3565f049f25a191fcea3a.php 第 53 行.
NOTIC: [8] Use of undefined constant id - assumed 'id' D:\phpStudy\WWW\sptmcx\Application\Runtime\Cache\Admin\c2cd2e0a9ae3565f049f25a191fcea3a.php 第 56 行.
NOTIC: [8] Undefined variable: info D:\phpStudy\WWW\sptmcx\Application\Runtime\Cache\Admin\c2cd2e0a9ae3565f049f25a191fcea3a.php 第 56 行.
NOTIC: [8] Undefined variable: info D:\phpStudy\WWW\sptmcx\Application\Runtime\Cache\Admin\c2cd2e0a9ae3565f049f25a191fcea3a.php 第 60 行.
NOTIC: [8] Undefined variable: info D:\phpStudy\WWW\sptmcx\Application\Runtime\Cache\Admin\c2cd2e0a9ae3565f049f25a191fcea3a.php 第 64 行.
NOTIC: [8] Undefined variable: info D:\phpStudy\WWW\sptmcx\Application\Runtime\Cache\Admin\c2cd2e0a9ae3565f049f25a191fcea3a.php 第 70 行.
NOTIC: [8] Undefined variable: info D:\phpStudy\WWW\sptmcx\Application\Runtime\Cache\Admin\c2cd2e0a9ae3565f049f25a191fcea3a.php 第 73 行.
NOTIC: [8] Undefined variable: typelist D:\phpStudy\WWW\sptmcx\Application\Runtime\Cache\Admin\c2cd2e0a9ae3565f049f25a191fcea3a.php 第 81 行.
NOTIC: [8] Undefined variable: info D:\phpStudy\WWW\sptmcx\Application\Runtime\Cache\Admin\c2cd2e0a9ae3565f049f25a191fcea3a.php 第 89 行.
NOTIC: [8] Use of undefined constant summary - assumed 'summary' D:\phpStudy\WWW\sptmcx\Application\Runtime\Cache\Admin\c2cd2e0a9ae3565f049f25a191fcea3a.php 第 96 行.
NOTIC: [8] Undefined variable: info D:\phpStudy\WWW\sptmcx\Application\Runtime\Cache\Admin\c2cd2e0a9ae3565f049f25a191fcea3a.php 第 96 行.
NOTIC: [8] Use of undefined constant des - assumed 'des' D:\phpStudy\WWW\sptmcx\Application\Runtime\Cache\Admin\c2cd2e0a9ae3565f049f25a191fcea3a.php 第 101 行.
NOTIC: [8] Undefined variable: info D:\phpStudy\WWW\sptmcx\Application\Runtime\Cache\Admin\c2cd2e0a9ae3565f049f25a191fcea3a.php 第 101 行.
NOTIC: [8] Use of undefined constant des - assumed 'des' D:\phpStudy\WWW\sptmcx\Application\Runtime\Cache\Admin\c2cd2e0a9ae3565f049f25a191fcea3a.php 第 117 行.
NOTIC: [8] Undefined variable: info D:\phpStudy\WWW\sptmcx\Application\Runtime\Cache\Admin\c2cd2e0a9ae3565f049f25a191fcea3a.php 第 117 行.
INFO: Run Behavior\ParseTemplateBehavior [ RunTime:0.000000s ]
INFO: [ view_parse ] --END-- [ RunTime:0.000000s ]
INFO: [ view_filter ] --START--
INFO: Run Behavior\WriteHtmlCacheBehavior [ RunTime:0.000000s ]
INFO: [ view_filter ] --END-- [ RunTime:0.000000s ]
INFO: [ app_end ] --START--
INFO: Run Behavior\ShowPageTraceBehavior [ RunTime:0.000000s ]
INFO: [ app_end ] --END-- [ RunTime:0.000000s ]

[ 2019-04-27T22:12:54+08:00 ] 127.0.0.1 /sptmcx/Admin
INFO: [ app_init ] --START--
INFO: Run Behavior\BuildLiteBehavior [ RunTime:0.000000s ]
INFO: [ app_init ] --END-- [ RunTime:0.001000s ]
INFO: [ app_begin ] --START--
INFO: Run Behavior\ReadHtmlCacheBehavior [ RunTime:0.000000s ]
INFO: [ app_begin ] --END-- [ RunTime:0.000000s ]
INFO: [ view_parse ] --START--
INFO: [ template_filter ] --START--
INFO: Run Behavior\ContentReplaceBehavior [ RunTime:0.000000s ]
INFO: [ template_filter ] --END-- [ RunTime:0.000000s ]
INFO: Run Behavior\ParseTemplateBehavior [ RunTime:0.006000s ]
INFO: [ view_parse ] --END-- [ RunTime:0.006000s ]
INFO: [ view_filter ] --START--
INFO: Run Behavior\WriteHtmlCacheBehavior [ RunTime:0.000000s ]
INFO: [ view_filter ] --END-- [ RunTime:0.000000s ]
INFO: [ app_end ] --START--
INFO: Run Behavior\ShowPageTraceBehavior [ RunTime:0.001000s ]
INFO: [ app_end ] --END-- [ RunTime:0.001000s ]

[ 2019-04-27T22:12:54+08:00 ] 127.0.0.1 /sptmcx/Admin/Index/verify.html
INFO: [ app_init ] --START--
INFO: Run Behavior\BuildLiteBehavior [ RunTime:0.000000s ]
INFO: [ app_init ] --END-- [ RunTime:0.000000s ]
INFO: [ app_begin ] --START--
INFO: Run Behavior\ReadHtmlCacheBehavior [ RunTime:0.001000s ]
INFO: [ app_begin ] --END-- [ RunTime:0.001000s ]
INFO: [ app_end ] --START--
INFO: Run Behavior\ShowPageTraceBehavior [ RunTime:0.001000s ]
INFO: [ app_end ] --END-- [ RunTime:0.001000s ]

[ 2019-04-27T22:13:10+08:00 ] 127.0.0.1 /sptmcx/Admin/Index/submitlogin.html
INFO: [ app_init ] --START--
INFO: Run Behavior\BuildLiteBehavior [ RunTime:0.001000s ]
INFO: [ app_init ] --END-- [ RunTime:0.001000s ]
INFO: [ app_begin ] --START--
INFO: Run Behavior\ReadHtmlCacheBehavior [ RunTime:0.000000s ]
INFO: [ app_begin ] --END-- [ RunTime:0.000000s ]
NOTIC: [8] Use of undefined constant url - assumed 'url' D:\phpStudy\WWW\sptmcx\Application\Admin\Controller\IndexController.class.php 第 15 行.
SQL: SHOW COLUMNS FROM `sp_auth_user` [ RunTime:0.0780s ]
NOTIC: [8] Use of undefined constant username - assumed 'username' D:\phpStudy\WWW\sptmcx\Application\Admin\Controller\IndexController.class.php 第 41 行.
NOTIC: [8] Use of undefined constant password - assumed 'password' D:\phpStudy\WWW\sptmcx\Application\Admin\Controller\IndexController.class.php 第 41 行.
SQL: SELECT * FROM `sp_auth_user` WHERE ( username='admin' AND password='64d6bceb715ca185913302a07c8f1b1d' ) LIMIT 1   [ RunTime:0.0624s ]

[ 2019-04-27T22:13:11+08:00 ] 127.0.0.1 /sptmcx/Admin/Home/index.html
INFO: [ app_init ] --START--
INFO: Run Behavior\BuildLiteBehavior [ RunTime:0.000000s ]
INFO: [ app_init ] --END-- [ RunTime:0.000000s ]
INFO: [ app_begin ] --START--
INFO: Run Behavior\ReadHtmlCacheBehavior [ RunTime:0.000000s ]
INFO: [ app_begin ] --END-- [ RunTime:0.000000s ]
SQL: SHOW COLUMNS FROM `sp_auth_user` [ RunTime:0.0644s ]
SQL: SELECT `perm` FROM `sp_auth_user` WHERE ( uid=1 ) LIMIT 1   [ RunTime:0.0714s ]
INFO: [ view_parse ] --START--
INFO: [ template_filter ] --START--
INFO: Run Behavior\ContentReplaceBehavior [ RunTime:0.000000s ]
INFO: [ template_filter ] --END-- [ RunTime:0.000000s ]
INFO: Run Behavior\ParseTemplateBehavior [ RunTime:0.015600s ]
INFO: [ view_parse ] --END-- [ RunTime:0.015600s ]
INFO: [ view_filter ] --START--
INFO: Run Behavior\WriteHtmlCacheBehavior [ RunTime:0.000000s ]
INFO: [ view_filter ] --END-- [ RunTime:0.000000s ]
INFO: [ app_end ] --START--
INFO: Run Behavior\ShowPageTraceBehavior [ RunTime:0.000000s ]
INFO: [ app_end ] --END-- [ RunTime:0.000000s ]

[ 2019-04-27T22:13:11+08:00 ] 127.0.0.1 /sptmcx/Admin/Home/desktop.html
INFO: [ app_init ] --START--
INFO: Run Behavior\BuildLiteBehavior [ RunTime:0.000000s ]
INFO: [ app_init ] --END-- [ RunTime:0.001000s ]
INFO: [ app_begin ] --START--
INFO: Run Behavior\ReadHtmlCacheBehavior [ RunTime:0.001000s ]
INFO: [ app_begin ] --END-- [ RunTime:0.001000s ]
SQL: SHOW COLUMNS FROM `sp_auth_user` [ RunTime:0.0486s ]
SQL: SELECT `perm` FROM `sp_auth_user` WHERE ( uid=1 ) LIMIT 1   [ RunTime:0.0498s ]
INFO: [ view_parse ] --START--
INFO: [ template_filter ] --START--
INFO: Run Behavior\ContentReplaceBehavior [ RunTime:0.000000s ]
INFO: [ template_filter ] --END-- [ RunTime:0.000000s ]
INFO: Run Behavior\ParseTemplateBehavior [ RunTime:0.006001s ]
INFO: [ view_parse ] --END-- [ RunTime:0.006001s ]
INFO: [ view_filter ] --START--
INFO: Run Behavior\WriteHtmlCacheBehavior [ RunTime:0.000000s ]
INFO: [ view_filter ] --END-- [ RunTime:0.001000s ]
INFO: [ app_end ] --START--
INFO: Run Behavior\ShowPageTraceBehavior [ RunTime:0.001000s ]
INFO: [ app_end ] --END-- [ RunTime:0.001000s ]

[ 2019-04-27T22:13:18+08:00 ] 127.0.0.1 /sptmcx/Admin/Adminlist/index.html
INFO: [ app_init ] --START--
INFO: Run Behavior\BuildLiteBehavior [ RunTime:0.000000s ]
INFO: [ app_init ] --END-- [ RunTime:0.000000s ]
INFO: [ app_begin ] --START--
INFO: Run Behavior\ReadHtmlCacheBehavior [ RunTime:0.000000s ]
INFO: [ app_begin ] --END-- [ RunTime:0.000000s ]
SQL: SHOW COLUMNS FROM `sp_auth_user` [ RunTime:0.0644s ]
SQL: SELECT `perm` FROM `sp_auth_user` WHERE ( uid=1 ) LIMIT 1   [ RunTime:0.0578s ]
SQL: SELECT * FROM `sp_auth_user` WHERE ( uid = 1 ) LIMIT 1   [ RunTime:0.0648s ]
SQL: SELECT COUNT(*) AS tp_count FROM `sp_auth_user` LIMIT 1   [ RunTime:0.0608s ]
SQL: SELECT * FROM `sp_auth_user` ORDER BY `regtime` DESC LIMIT 0,20   [ RunTime:0.0598s ]
NOTIC: [8] Undefined offset: 22 D:\phpStudy\WWW\sptmcx\Application\Admin\Controller\AdminlistController.class.php 第 22 行.
NOTIC: [8] Undefined offset: 13 D:\phpStudy\WWW\sptmcx\Application\Admin\Controller\AdminlistController.class.php 第 22 行.
NOTIC: [8] Undefined offset: 14 D:\phpStudy\WWW\sptmcx\Application\Admin\Controller\AdminlistController.class.php 第 22 行.
NOTIC: [8] Undefined offset: 15 D:\phpStudy\WWW\sptmcx\Application\Admin\Controller\AdminlistController.class.php 第 22 行.
NOTIC: [8] Undefined offset: 16 D:\phpStudy\WWW\sptmcx\Application\Admin\Controller\AdminlistController.class.php 第 22 行.
NOTIC: [8] Undefined offset: 17 D:\phpStudy\WWW\sptmcx\Application\Admin\Controller\AdminlistController.class.php 第 22 行.
NOTIC: [8] Undefined offset: 18 D:\phpStudy\WWW\sptmcx\Application\Admin\Controller\AdminlistController.class.php 第 22 行.
NOTIC: [8] Undefined offset: 19 D:\phpStudy\WWW\sptmcx\Application\Admin\Controller\AdminlistController.class.php 第 22 行.
NOTIC: [8] Undefined offset: 20 D:\phpStudy\WWW\sptmcx\Application\Admin\Controller\AdminlistController.class.php 第 22 行.
NOTIC: [8] Undefined offset: 21 D:\phpStudy\WWW\sptmcx\Application\Admin\Controller\AdminlistController.class.php 第 22 行.
NOTIC: [8] Undefined offset: 22 D:\phpStudy\WWW\sptmcx\Application\Admin\Controller\AdminlistController.class.php 第 22 行.
NOTIC: [8] Undefined offset: 23 D:\phpStudy\WWW\sptmcx\Application\Admin\Controller\AdminlistController.class.php 第 22 行.
NOTIC: [8] Undefined offset: 24 D:\phpStudy\WWW\sptmcx\Application\Admin\Controller\AdminlistController.class.php 第 22 行.
NOTIC: [8] Undefined offset: 25 D:\phpStudy\WWW\sptmcx\Application\Admin\Controller\AdminlistController.class.php 第 22 行.
NOTIC: [8] Undefined offset: 26 D:\phpStudy\WWW\sptmcx\Application\Admin\Controller\AdminlistController.class.php 第 22 行.
NOTIC: [8] Undefined offset: 27 D:\phpStudy\WWW\sptmcx\Application\Admin\Controller\AdminlistController.class.php 第 22 行.
NOTIC: [8] Undefined offset: 28 D:\phpStudy\WWW\sptmcx\Application\Admin\Controller\AdminlistController.class.php 第 22 行.
INFO: [ view_parse ] --START--
INFO: [ template_filter ] --START--
INFO: Run Behavior\ContentReplaceBehavior [ RunTime:0.000000s ]
INFO: [ template_filter ] --END-- [ RunTime:0.000000s ]
NOTIC: [8] Use of undefined constant title - assumed 'title' D:\phpStudy\WWW\sptmcx\Application\Runtime\Cache\Admin\4bffdf5f68461e8fb166bd7d7b2b5119.php 第 75 行.
NOTIC: [8] Undefined index: title D:\phpStudy\WWW\sptmcx\Application\Runtime\Cache\Admin\4bffdf5f68461e8fb166bd7d7b2b5119.php 第 75 行.
NOTIC: [8] Use of undefined constant id - assumed 'id' D:\phpStudy\WWW\sptmcx\Application\Runtime\Cache\Admin\4bffdf5f68461e8fb166bd7d7b2b5119.php 第 75 行.
NOTIC: [8] Undefined index: id D:\phpStudy\WWW\sptmcx\Application\Runtime\Cache\Admin\4bffdf5f68461e8fb166bd7d7b2b5119.php 第 75 行.
NOTIC: [8] Use of undefined constant title - assumed 'title' D:\phpStudy\WWW\sptmcx\Application\Runtime\Cache\Admin\4bffdf5f68461e8fb166bd7d7b2b5119.php 第 75 行.
NOTIC: [8] Undefined index: title D:\phpStudy\WWW\sptmcx\Application\Runtime\Cache\Admin\4bffdf5f68461e8fb166bd7d7b2b5119.php 第 75 行.
NOTIC: [8] Use of undefined constant id - assumed 'id' D:\phpStudy\WWW\sptmcx\Application\Runtime\Cache\Admin\4bffdf5f68461e8fb166bd7d7b2b5119.php 第 75 行.
NOTIC: [8] Undefined index: id D:\phpStudy\WWW\sptmcx\Application\Runtime\Cache\Admin\4bffdf5f68461e8fb166bd7d7b2b5119.php 第 75 行.
INFO: Run Behavior\ParseTemplateBehavior [ RunTime:0.000000s ]
INFO: [ view_parse ] --END-- [ RunTime:0.000000s ]
INFO: [ view_filter ] --START--
INFO: Run Behavior\WriteHtmlCacheBehavior [ RunTime:0.000000s ]
INFO: [ view_filter ] --END-- [ RunTime:0.000000s ]
INFO: [ app_end ] --START--
INFO: Run Behavior\ShowPageTraceBehavior [ RunTime:0.015601s ]
INFO: [ app_end ] --END-- [ RunTime:0.015601s ]

[ 2019-04-27T22:13:21+08:00 ] 127.0.0.1 /sptmcx/Admin/Adminlist/edit/id/3/rand/5882.html
INFO: [ app_init ] --START--
INFO: Run Behavior\BuildLiteBehavior [ RunTime:0.000000s ]
INFO: [ app_init ] --END-- [ RunTime:0.000000s ]
INFO: [ app_begin ] --START--
INFO: Run Behavior\ReadHtmlCacheBehavior [ RunTime:0.000000s ]
INFO: [ app_begin ] --END-- [ RunTime:0.000000s ]
SQL: SHOW COLUMNS FROM `sp_auth_user` [ RunTime:0.0730s ]
SQL: SELECT `perm` FROM `sp_auth_user` WHERE ( uid=1 ) LIMIT 1   [ RunTime:0.0606s ]
SQL: SELECT * FROM `sp_auth_user` WHERE ( uid='3' ) LIMIT 1   [ RunTime:0.0830s ]
INFO: [ view_parse ] --START--
INFO: [ template_filter ] --START--
INFO: Run Behavior\ContentReplaceBehavior [ RunTime:0.000000s ]
INFO: [ template_filter ] --END-- [ RunTime:0.000000s ]
NOTIC: [8] Use of undefined constant uid - assumed 'uid' D:\phpStudy\WWW\sptmcx\Application\Runtime\Cache\Admin\c2dd5b7b3bfe7e4dee880ed4f6078021.php 第 110 行.
INFO: Run Behavior\ParseTemplateBehavior [ RunTime:0.008001s ]
INFO: [ view_parse ] --END-- [ RunTime:0.008001s ]
INFO: [ view_filter ] --START--
INFO: Run Behavior\WriteHtmlCacheBehavior [ RunTime:0.001000s ]
INFO: [ view_filter ] --END-- [ RunTime:0.001000s ]
INFO: [ app_end ] --START--
INFO: Run Behavior\ShowPageTraceBehavior [ RunTime:0.001000s ]
INFO: [ app_end ] --END-- [ RunTime:0.001000s ]

[ 2019-04-27T22:14:01+08:00 ] 127.0.0.1 /sptmcx/Admin/Adminlist/edit/id/3/rand/5882.html
INFO: [ app_init ] --START--
INFO: Run Behavior\BuildLiteBehavior [ RunTime:0.000000s ]
INFO: [ app_init ] --END-- [ RunTime:0.001000s ]
INFO: [ app_begin ] --START--
INFO: Run Behavior\ReadHtmlCacheBehavior [ RunTime:0.001000s ]
INFO: [ app_begin ] --END-- [ RunTime:0.001000s ]
SQL: SHOW COLUMNS FROM `sp_auth_user` [ RunTime:0.0600s ]
SQL: SELECT `perm` FROM `sp_auth_user` WHERE ( uid=1 ) LIMIT 1   [ RunTime:0.0598s ]
SQL: UPDATE `sp_auth_user` SET `username`='xierufeng',`perm`='2,3,4,7,10,' WHERE ( uid='3' ) [ RunTime:0.0468s ]
INFO: [ view_parse ] --START--
INFO: [ template_filter ] --START--
INFO: Run Behavior\ContentReplaceBehavior [ RunTime:0.000000s ]
INFO: [ template_filter ] --END-- [ RunTime:0.000000s ]
INFO: Run Behavior\ParseTemplateBehavior [ RunTime:0.015600s ]
INFO: [ view_parse ] --END-- [ RunTime:0.015600s ]
INFO: [ view_filter ] --START--
INFO: Run Behavior\WriteHtmlCacheBehavior [ RunTime:0.000000s ]
INFO: [ view_filter ] --END-- [ RunTime:0.000000s ]

[ 2019-04-27T22:14:02+08:00 ] 127.0.0.1 /sptmcx/Admin/Adminlist/index.html
INFO: [ app_init ] --START--
INFO: Run Behavior\BuildLiteBehavior [ RunTime:0.000000s ]
INFO: [ app_init ] --END-- [ RunTime:0.001000s ]
INFO: [ app_begin ] --START--
INFO: Run Behavior\ReadHtmlCacheBehavior [ RunTime:0.001000s ]
INFO: [ app_begin ] --END-- [ RunTime:0.001000s ]
SQL: SHOW COLUMNS FROM `sp_auth_user` [ RunTime:0.0624s ]
SQL: SELECT `perm` FROM `sp_auth_user` WHERE ( uid=1 ) LIMIT 1   [ RunTime:0.0624s ]
SQL: SELECT * FROM `sp_auth_user` WHERE ( uid = 1 ) LIMIT 1   [ RunTime:0.0468s ]
SQL: SELECT COUNT(*) AS tp_count FROM `sp_auth_user` LIMIT 1   [ RunTime:0.0462s ]
SQL: SELECT * FROM `sp_auth_user` ORDER BY `regtime` DESC LIMIT 0,20   [ RunTime:0.0624s ]
NOTIC: [8] Undefined offset: 13 D:\phpStudy\WWW\sptmcx\Application\Admin\Controller\AdminlistController.class.php 第 22 行.
NOTIC: [8] Undefined offset: 14 D:\phpStudy\WWW\sptmcx\Application\Admin\Controller\AdminlistController.class.php 第 22 行.
NOTIC: [8] Undefined offset: 15 D:\phpStudy\WWW\sptmcx\Application\Admin\Controller\AdminlistController.class.php 第 22 行.
NOTIC: [8] Undefined offset: 16 D:\phpStudy\WWW\sptmcx\Application\Admin\Controller\AdminlistController.class.php 第 22 行.
NOTIC: [8] Undefined offset: 17 D:\phpStudy\WWW\sptmcx\Application\Admin\Controller\AdminlistController.class.php 第 22 行.
NOTIC: [8] Undefined offset: 18 D:\phpStudy\WWW\sptmcx\Application\Admin\Controller\AdminlistController.class.php 第 22 行.
NOTIC: [8] Undefined offset: 19 D:\phpStudy\WWW\sptmcx\Application\Admin\Controller\AdminlistController.class.php 第 22 行.
NOTIC: [8] Undefined offset: 20 D:\phpStudy\WWW\sptmcx\Application\Admin\Controller\AdminlistController.class.php 第 22 行.
NOTIC: [8] Undefined offset: 21 D:\phpStudy\WWW\sptmcx\Application\Admin\Controller\AdminlistController.class.php 第 22 行.
NOTIC: [8] Undefined offset: 22 D:\phpStudy\WWW\sptmcx\Application\Admin\Controller\AdminlistController.class.php 第 22 行.
NOTIC: [8] Undefined offset: 23 D:\phpStudy\WWW\sptmcx\Application\Admin\Controller\AdminlistController.class.php 第 22 行.
NOTIC: [8] Undefined offset: 24 D:\phpStudy\WWW\sptmcx\Application\Admin\Controller\AdminlistController.class.php 第 22 行.
NOTIC: [8] Undefined offset: 25 D:\phpStudy\WWW\sptmcx\Application\Admin\Controller\AdminlistController.class.php 第 22 行.
NOTIC: [8] Undefined offset: 26 D:\phpStudy\WWW\sptmcx\Application\Admin\Controller\AdminlistController.class.php 第 22 行.
NOTIC: [8] Undefined offset: 27 D:\phpStudy\WWW\sptmcx\Application\Admin\Controller\AdminlistController.class.php 第 22 行.
NOTIC: [8] Undefined offset: 28 D:\phpStudy\WWW\sptmcx\Application\Admin\Controller\AdminlistController.class.php 第 22 行.
INFO: [ view_parse ] --START--
INFO: [ template_filter ] --START--
INFO: Run Behavior\ContentReplaceBehavior [ RunTime:0.000000s ]
INFO: [ template_filter ] --END-- [ RunTime:0.000000s ]
NOTIC: [8] Use of undefined constant title - assumed 'title' D:\phpStudy\WWW\sptmcx\Application\Runtime\Cache\Admin\4bffdf5f68461e8fb166bd7d7b2b5119.php 第 75 行.
NOTIC: [8] Undefined index: title D:\phpStudy\WWW\sptmcx\Application\Runtime\Cache\Admin\4bffdf5f68461e8fb166bd7d7b2b5119.php 第 75 行.
NOTIC: [8] Use of undefined constant id - assumed 'id' D:\phpStudy\WWW\sptmcx\Application\Runtime\Cache\Admin\4bffdf5f68461e8fb166bd7d7b2b5119.php 第 75 行.
NOTIC: [8] Undefined index: id D:\phpStudy\WWW\sptmcx\Application\Runtime\Cache\Admin\4bffdf5f68461e8fb166bd7d7b2b5119.php 第 75 行.
NOTIC: [8] Use of undefined constant title - assumed 'title' D:\phpStudy\WWW\sptmcx\Application\Runtime\Cache\Admin\4bffdf5f68461e8fb166bd7d7b2b5119.php 第 75 行.
NOTIC: [8] Undefined index: title D:\phpStudy\WWW\sptmcx\Application\Runtime\Cache\Admin\4bffdf5f68461e8fb166bd7d7b2b5119.php 第 75 行.
NOTIC: [8] Use of undefined constant id - assumed 'id' D:\phpStudy\WWW\sptmcx\Application\Runtime\Cache\Admin\4bffdf5f68461e8fb166bd7d7b2b5119.php 第 75 行.
NOTIC: [8] Undefined index: id D:\phpStudy\WWW\sptmcx\Application\Runtime\Cache\Admin\4bffdf5f68461e8fb166bd7d7b2b5119.php 第 75 行.
INFO: Run Behavior\ParseTemplateBehavior [ RunTime:0.015600s ]
INFO: [ view_parse ] --END-- [ RunTime:0.015600s ]
INFO: [ view_filter ] --START--
INFO: Run Behavior\WriteHtmlCacheBehavior [ RunTime:0.000000s ]
INFO: [ view_filter ] --END-- [ RunTime:0.000000s ]
INFO: [ app_end ] --START--
INFO: Run Behavior\ShowPageTraceBehavior [ RunTime:0.000000s ]
INFO: [ app_end ] --END-- [ RunTime:0.000000s ]

[ 2019-04-27T22:14:04+08:00 ] 127.0.0.1 /sptmcx/Admin/Adminlist/edit/id/3/rand/4625.html
INFO: [ app_init ] --START--
INFO: Run Behavior\BuildLiteBehavior [ RunTime:0.000000s ]
INFO: [ app_init ] --END-- [ RunTime:0.000000s ]
INFO: [ app_begin ] --START--
INFO: Run Behavior\ReadHtmlCacheBehavior [ RunTime:0.000000s ]
INFO: [ app_begin ] --END-- [ RunTime:0.000000s ]
SQL: SHOW COLUMNS FROM `sp_auth_user` [ RunTime:0.0600s ]
SQL: SELECT `perm` FROM `sp_auth_user` WHERE ( uid=1 ) LIMIT 1   [ RunTime:0.0462s ]
SQL: SELECT * FROM `sp_auth_user` WHERE ( uid='3' ) LIMIT 1   [ RunTime:0.0624s ]
INFO: [ view_parse ] --START--
INFO: [ template_filter ] --START--
INFO: Run Behavior\ContentReplaceBehavior [ RunTime:0.000000s ]
INFO: [ template_filter ] --END-- [ RunTime:0.000000s ]
NOTIC: [8] Use of undefined constant uid - assumed 'uid' D:\phpStudy\WWW\sptmcx\Application\Runtime\Cache\Admin\c2dd5b7b3bfe7e4dee880ed4f6078021.php 第 110 行.
INFO: Run Behavior\ParseTemplateBehavior [ RunTime:0.015600s ]
INFO: [ view_parse ] --END-- [ RunTime:0.015600s ]
INFO: [ view_filter ] --START--
INFO: Run Behavior\WriteHtmlCacheBehavior [ RunTime:0.000000s ]
INFO: [ view_filter ] --END-- [ RunTime:0.000000s ]
INFO: [ app_end ] --START--
INFO: Run Behavior\ShowPageTraceBehavior [ RunTime:0.000000s ]
INFO: [ app_end ] --END-- [ RunTime:0.000000s ]

[ 2019-04-27T22:14:12+08:00 ] 127.0.0.1 /sptmcx/Admin/Adminlist/edit/id/3/rand/4625.html
INFO: [ app_init ] --START--
INFO: Run Behavior\BuildLiteBehavior [ RunTime:0.000000s ]
INFO: [ app_init ] --END-- [ RunTime:0.000000s ]
INFO: [ app_begin ] --START--
INFO: Run Behavior\ReadHtmlCacheBehavior [ RunTime:0.001000s ]
INFO: [ app_begin ] --END-- [ RunTime:0.001000s ]
SQL: SHOW COLUMNS FROM `sp_auth_user` [ RunTime:0.0456s ]
SQL: SELECT `perm` FROM `sp_auth_user` WHERE ( uid=1 ) LIMIT 1   [ RunTime:0.0624s ]
SQL: UPDATE `sp_auth_user` SET `username`='xierufeng',`perm`='4,7,10,' WHERE ( uid='3' ) [ RunTime:0.0624s ]
INFO: [ view_parse ] --START--
INFO: [ template_filter ] --START--
INFO: Run Behavior\ContentReplaceBehavior [ RunTime:0.000000s ]
INFO: [ template_filter ] --END-- [ RunTime:0.000000s ]
INFO: Run Behavior\ParseTemplateBehavior [ RunTime:0.000000s ]
INFO: [ view_parse ] --END-- [ RunTime:0.000000s ]
INFO: [ view_filter ] --START--
INFO: Run Behavior\WriteHtmlCacheBehavior [ RunTime:0.000000s ]
INFO: [ view_filter ] --END-- [ RunTime:0.000000s ]

[ 2019-04-27T22:14:14+08:00 ] 127.0.0.1 /sptmcx/Admin/Adminlist/index.html
INFO: [ app_init ] --START--
INFO: Run Behavior\BuildLiteBehavior [ RunTime:0.000000s ]
INFO: [ app_init ] --END-- [ RunTime:0.000000s ]
INFO: [ app_begin ] --START--
INFO: Run Behavior\ReadHtmlCacheBehavior [ RunTime:0.000000s ]
INFO: [ app_begin ] --END-- [ RunTime:0.000000s ]
SQL: SHOW COLUMNS FROM `sp_auth_user` [ RunTime:0.0790s ]
SQL: SELECT `perm` FROM `sp_auth_user` WHERE ( uid=1 ) LIMIT 1   [ RunTime:0.0764s ]
SQL: SELECT * FROM `sp_auth_user` WHERE ( uid = 1 ) LIMIT 1   [ RunTime:0.0710s ]
SQL: SELECT COUNT(*) AS tp_count FROM `sp_auth_user` LIMIT 1   [ RunTime:0.0710s ]
SQL: SELECT * FROM `sp_auth_user` ORDER BY `regtime` DESC LIMIT 0,20   [ RunTime:0.0686s ]
NOTIC: [8] Undefined offset: 13 D:\phpStudy\WWW\sptmcx\Application\Admin\Controller\AdminlistController.class.php 第 22 行.
NOTIC: [8] Undefined offset: 14 D:\phpStudy\WWW\sptmcx\Application\Admin\Controller\AdminlistController.class.php 第 22 行.
NOTIC: [8] Undefined offset: 15 D:\phpStudy\WWW\sptmcx\Application\Admin\Controller\AdminlistController.class.php 第 22 行.
NOTIC: [8] Undefined offset: 16 D:\phpStudy\WWW\sptmcx\Application\Admin\Controller\AdminlistController.class.php 第 22 行.
NOTIC: [8] Undefined offset: 17 D:\phpStudy\WWW\sptmcx\Application\Admin\Controller\AdminlistController.class.php 第 22 行.
NOTIC: [8] Undefined offset: 18 D:\phpStudy\WWW\sptmcx\Application\Admin\Controller\AdminlistController.class.php 第 22 行.
NOTIC: [8] Undefined offset: 19 D:\phpStudy\WWW\sptmcx\Application\Admin\Controller\AdminlistController.class.php 第 22 行.
NOTIC: [8] Undefined offset: 20 D:\phpStudy\WWW\sptmcx\Application\Admin\Controller\AdminlistController.class.php 第 22 行.
NOTIC: [8] Undefined offset: 21 D:\phpStudy\WWW\sptmcx\Application\Admin\Controller\AdminlistController.class.php 第 22 行.
NOTIC: [8] Undefined offset: 22 D:\phpStudy\WWW\sptmcx\Application\Admin\Controller\AdminlistController.class.php 第 22 行.
NOTIC: [8] Undefined offset: 23 D:\phpStudy\WWW\sptmcx\Application\Admin\Controller\AdminlistController.class.php 第 22 行.
NOTIC: [8] Undefined offset: 24 D:\phpStudy\WWW\sptmcx\Application\Admin\Controller\AdminlistController.class.php 第 22 行.
NOTIC: [8] Undefined offset: 25 D:\phpStudy\WWW\sptmcx\Application\Admin\Controller\AdminlistController.class.php 第 22 行.
NOTIC: [8] Undefined offset: 26 D:\phpStudy\WWW\sptmcx\Application\Admin\Controller\AdminlistController.class.php 第 22 行.
NOTIC: [8] Undefined offset: 27 D:\phpStudy\WWW\sptmcx\Application\Admin\Controller\AdminlistController.class.php 第 22 行.
NOTIC: [8] Undefined offset: 28 D:\phpStudy\WWW\sptmcx\Application\Admin\Controller\AdminlistController.class.php 第 22 行.
INFO: [ view_parse ] --START--
INFO: [ template_filter ] --START--
INFO: Run Behavior\ContentReplaceBehavior [ RunTime:0.000000s ]
INFO: [ template_filter ] --END-- [ RunTime:0.000000s ]
NOTIC: [8] Use of undefined constant title - assumed 'title' D:\phpStudy\WWW\sptmcx\Application\Runtime\Cache\Admin\4bffdf5f68461e8fb166bd7d7b2b5119.php 第 75 行.
NOTIC: [8] Undefined index: title D:\phpStudy\WWW\sptmcx\Application\Runtime\Cache\Admin\4bffdf5f68461e8fb166bd7d7b2b5119.php 第 75 行.
NOTIC: [8] Use of undefined constant id - assumed 'id' D:\phpStudy\WWW\sptmcx\Application\Runtime\Cache\Admin\4bffdf5f68461e8fb166bd7d7b2b5119.php 第 75 行.
NOTIC: [8] Undefined index: id D:\phpStudy\WWW\sptmcx\Application\Runtime\Cache\Admin\4bffdf5f68461e8fb166bd7d7b2b5119.php 第 75 行.
NOTIC: [8] Use of undefined constant title - assumed 'title' D:\phpStudy\WWW\sptmcx\Application\Runtime\Cache\Admin\4bffdf5f68461e8fb166bd7d7b2b5119.php 第 75 行.
NOTIC: [8] Undefined index: title D:\phpStudy\WWW\sptmcx\Application\Runtime\Cache\Admin\4bffdf5f68461e8fb166bd7d7b2b5119.php 第 75 行.
NOTIC: [8] Use of undefined constant id - assumed 'id' D:\phpStudy\WWW\sptmcx\Application\Runtime\Cache\Admin\4bffdf5f68461e8fb166bd7d7b2b5119.php 第 75 行.
NOTIC: [8] Undefined index: id D:\phpStudy\WWW\sptmcx\Application\Runtime\Cache\Admin\4bffdf5f68461e8fb166bd7d7b2b5119.php 第 75 行.
INFO: Run Behavior\ParseTemplateBehavior [ RunTime:0.000000s ]
INFO: [ view_parse ] --END-- [ RunTime:0.000000s ]
INFO: [ view_filter ] --START--
INFO: Run Behavior\WriteHtmlCacheBehavior [ RunTime:0.000000s ]
INFO: [ view_filter ] --END-- [ RunTime:0.000000s ]
INFO: [ app_end ] --START--
INFO: Run Behavior\ShowPageTraceBehavior [ RunTime:0.000000s ]
INFO: [ app_end ] --END-- [ RunTime:0.000000s ]

