[ 2019-04-22T11:51:23+08:00 ] 127.0.0.1 /sptmcx/Admin
INFO: [ app_init ] --START--
INFO: Run Behavior\BuildLiteBehavior [ RunTime:0.000016s ]
INFO: [ app_init ] --END-- [ RunTime:0.001434s ]
INFO: [ app_begin ] --START--
INFO: Run Behavior\ReadHtmlCacheBehavior [ RunTime:0.001267s ]
INFO: [ app_begin ] --END-- [ RunTime:0.001318s ]
INFO: [ view_parse ] --START--
INFO: [ template_filter ] --START--
INFO: Run Behavior\ContentReplaceBehavior [ RunTime:0.001111s ]
INFO: [ template_filter ] --END-- [ RunTime:0.001157s ]
INFO: Run Behavior\ParseTemplateBehavior [ RunTime:0.026420s ]
INFO: [ view_parse ] --END-- [ RunTime:0.026480s ]
INFO: [ view_filter ] --START--
INFO: Run Behavior\WriteHtmlCacheBehavior [ RunTime:0.001024s ]
INFO: [ view_filter ] --END-- [ RunTime:0.001054s ]
INFO: [ app_end ] --START--
INFO: Run Behavior\ShowPageTraceBehavior [ RunTime:0.001189s ]
INFO: [ app_end ] --END-- [ RunTime:0.001224s ]

[ 2019-04-22T11:51:24+08:00 ] 127.0.0.1 /sptmcx/Admin/Index/verify.html
INFO: [ app_init ] --START--
INFO: Run Behavior\BuildLiteBehavior [ RunTime:0.000017s ]
INFO: [ app_init ] --END-- [ RunTime:0.000718s ]
INFO: [ app_begin ] --START--
INFO: Run Behavior\ReadHtmlCacheBehavior [ RunTime:0.001358s ]
INFO: [ app_begin ] --END-- [ RunTime:0.001412s ]
INFO: [ app_end ] --START--
INFO: Run Behavior\ShowPageTraceBehavior [ RunTime:0.002064s ]
INFO: [ app_end ] --END-- [ RunTime:0.002161s ]

[ 2019-04-22T17:17:42+08:00 ] 127.0.0.1 /sptmcx/Admin
INFO: [ app_init ] --START--
INFO: Run Behavior\BuildLiteBehavior [ RunTime:0.000013s ]
INFO: [ app_init ] --END-- [ RunTime:0.000760s ]
INFO: [ app_begin ] --START--
INFO: Run Behavior\ReadHtmlCacheBehavior [ RunTime:0.001288s ]
INFO: [ app_begin ] --END-- [ RunTime:0.001341s ]
INFO: [ view_parse ] --START--
INFO: [ template_filter ] --START--
INFO: Run Behavior\ContentReplaceBehavior [ RunTime:0.000043s ]
INFO: [ template_filter ] --END-- [ RunTime:0.000081s ]
INFO: Run Behavior\ParseTemplateBehavior [ RunTime:0.023540s ]
INFO: [ view_parse ] --END-- [ RunTime:0.023586s ]
INFO: [ view_filter ] --START--
INFO: Run Behavior\WriteHtmlCacheBehavior [ RunTime:0.001189s ]
INFO: [ view_filter ] --END-- [ RunTime:0.001220s ]
INFO: [ app_end ] --START--
INFO: Run Behavior\ShowPageTraceBehavior [ RunTime:0.001363s ]
INFO: [ app_end ] --END-- [ RunTime:0.001399s ]

[ 2019-04-22T17:17:43+08:00 ] 127.0.0.1 /sptmcx/Admin/Index/verify.html
INFO: [ app_init ] --START--
INFO: Run Behavior\BuildLiteBehavior [ RunTime:0.000012s ]
INFO: [ app_init ] --END-- [ RunTime:0.000721s ]
INFO: [ app_begin ] --START--
INFO: Run Behavior\ReadHtmlCacheBehavior [ RunTime:0.001281s ]
INFO: [ app_begin ] --END-- [ RunTime:0.001326s ]
INFO: [ app_end ] --START--
INFO: Run Behavior\ShowPageTraceBehavior [ RunTime:0.001384s ]
INFO: [ app_end ] --END-- [ RunTime:0.001443s ]

[ 2019-04-22T17:17:57+08:00 ] 127.0.0.1 /sptmcx/Admin/Index/verify.html?0.6467652881107615
INFO: [ app_init ] --START--
INFO: Run Behavior\BuildLiteBehavior [ RunTime:0.000012s ]
INFO: [ app_init ] --END-- [ RunTime:0.000713s ]
INFO: [ app_begin ] --START--
INFO: Run Behavior\ReadHtmlCacheBehavior [ RunTime:0.001264s ]
INFO: [ app_begin ] --END-- [ RunTime:0.001307s ]
INFO: [ app_end ] --START--
INFO: Run Behavior\ShowPageTraceBehavior [ RunTime:0.001332s ]
INFO: [ app_end ] --END-- [ RunTime:0.001382s ]

[ 2019-04-22T17:17:58+08:00 ] 127.0.0.1 /sptmcx/Admin/Index/verify.html?0.15163826218124665
INFO: [ app_init ] --START--
INFO: Run Behavior\BuildLiteBehavior [ RunTime:0.000012s ]
INFO: [ app_init ] --END-- [ RunTime:0.000605s ]
INFO: [ app_begin ] --START--
INFO: Run Behavior\ReadHtmlCacheBehavior [ RunTime:0.000996s ]
INFO: [ app_begin ] --END-- [ RunTime:0.001042s ]
INFO: [ app_end ] --START--
INFO: Run Behavior\ShowPageTraceBehavior [ RunTime:0.001105s ]
INFO: [ app_end ] --END-- [ RunTime:0.001158s ]

[ 2019-04-22T17:18:02+08:00 ] 127.0.0.1 /sptmcx/Admin/Index/submitlogin.html
INFO: [ app_init ] --START--
INFO: Run Behavior\BuildLiteBehavior [ RunTime:0.000012s ]
INFO: [ app_init ] --END-- [ RunTime:0.000637s ]
INFO: [ app_begin ] --START--
INFO: Run Behavior\ReadHtmlCacheBehavior [ RunTime:0.001045s ]
INFO: [ app_begin ] --END-- [ RunTime:0.001092s ]
NOTIC: [8] Use of undefined constant url - assumed 'url' D:\phpStudy\WWW\sptmcx\Application\Admin\Controller\IndexController.class.php 第 15 行.
SQL: SHOW COLUMNS FROM `sp_auth_user` [ RunTime:0.0787s ]
NOTIC: [8] Use of undefined constant username - assumed 'username' D:\phpStudy\WWW\sptmcx\Application\Admin\Controller\IndexController.class.php 第 41 行.
NOTIC: [8] Use of undefined constant password - assumed 'password' D:\phpStudy\WWW\sptmcx\Application\Admin\Controller\IndexController.class.php 第 41 行.
SQL: SELECT * FROM `sp_auth_user` WHERE ( username='admin' AND password='64d6bceb715ca185913302a07c8f1b1d' ) LIMIT 1   [ RunTime:0.0004s ]

[ 2019-04-22T17:18:03+08:00 ] 127.0.0.1 /sptmcx/Admin/Home/index.html
INFO: [ app_init ] --START--
INFO: Run Behavior\BuildLiteBehavior [ RunTime:0.000013s ]
INFO: [ app_init ] --END-- [ RunTime:0.000600s ]
INFO: [ app_begin ] --START--
INFO: Run Behavior\ReadHtmlCacheBehavior [ RunTime:0.000997s ]
INFO: [ app_begin ] --END-- [ RunTime:0.001040s ]
SQL: SHOW COLUMNS FROM `sp_auth_user` [ RunTime:0.0220s ]
SQL: SELECT `perm` FROM `sp_auth_user` WHERE ( uid=1 ) LIMIT 1   [ RunTime:0.0003s ]
INFO: [ view_parse ] --START--
INFO: [ template_filter ] --START--
INFO: Run Behavior\ContentReplaceBehavior [ RunTime:0.000072s ]
INFO: [ template_filter ] --END-- [ RunTime:0.000109s ]
INFO: Run Behavior\ParseTemplateBehavior [ RunTime:0.018864s ]
INFO: [ view_parse ] --END-- [ RunTime:0.018911s ]
INFO: [ view_filter ] --START--
INFO: Run Behavior\WriteHtmlCacheBehavior [ RunTime:0.001146s ]
INFO: [ view_filter ] --END-- [ RunTime:0.001176s ]
INFO: [ app_end ] --START--
INFO: Run Behavior\ShowPageTraceBehavior [ RunTime:0.000995s ]
INFO: [ app_end ] --END-- [ RunTime:0.001032s ]

[ 2019-04-22T17:18:03+08:00 ] 127.0.0.1 /sptmcx/Admin/Home/desktop.html
INFO: [ app_init ] --START--
INFO: Run Behavior\BuildLiteBehavior [ RunTime:0.000016s ]
INFO: [ app_init ] --END-- [ RunTime:0.000636s ]
INFO: [ app_begin ] --START--
INFO: Run Behavior\ReadHtmlCacheBehavior [ RunTime:0.001042s ]
INFO: [ app_begin ] --END-- [ RunTime:0.001090s ]
SQL: SHOW COLUMNS FROM `sp_auth_user` [ RunTime:0.0051s ]
SQL: SELECT `perm` FROM `sp_auth_user` WHERE ( uid=1 ) LIMIT 1   [ RunTime:0.0002s ]
INFO: [ view_parse ] --START--
INFO: [ template_filter ] --START--
INFO: Run Behavior\ContentReplaceBehavior [ RunTime:0.000054s ]
INFO: [ template_filter ] --END-- [ RunTime:0.000099s ]
INFO: Run Behavior\ParseTemplateBehavior [ RunTime:0.048607s ]
INFO: [ view_parse ] --END-- [ RunTime:0.048658s ]
INFO: [ view_filter ] --START--
INFO: Run Behavior\WriteHtmlCacheBehavior [ RunTime:0.000983s ]
INFO: [ view_filter ] --END-- [ RunTime:0.001014s ]
INFO: [ app_end ] --START--
INFO: Run Behavior\ShowPageTraceBehavior [ RunTime:0.000978s ]
INFO: [ app_end ] --END-- [ RunTime:0.001016s ]

[ 2019-04-22T17:18:11+08:00 ] 127.0.0.1 /sptmcx/Admin/Banner/index.html
INFO: [ app_init ] --START--
INFO: Run Behavior\BuildLiteBehavior [ RunTime:0.000012s ]
INFO: [ app_init ] --END-- [ RunTime:0.000688s ]
INFO: [ app_begin ] --START--
INFO: Run Behavior\ReadHtmlCacheBehavior [ RunTime:0.001375s ]
INFO: [ app_begin ] --END-- [ RunTime:0.001418s ]
SQL: SHOW COLUMNS FROM `sp_auth_user` [ RunTime:0.0058s ]
SQL: SELECT `perm` FROM `sp_auth_user` WHERE ( uid=1 ) LIMIT 1   [ RunTime:0.0002s ]
SQL: SHOW COLUMNS FROM `sp_banner` [ RunTime:0.0050s ]
SQL: SELECT COUNT(*) AS tp_count FROM `sp_banner` WHERE ( del=0 ) LIMIT 1   [ RunTime:0.0004s ]
SQL: SELECT * FROM `sp_banner` WHERE ( del=0 ) ORDER BY `displayorder` desc,`id` DESC LIMIT 0,20   [ RunTime:0.0004s ]
INFO: [ view_parse ] --START--
INFO: [ template_filter ] --START--
INFO: Run Behavior\ContentReplaceBehavior [ RunTime:0.000060s ]
INFO: [ template_filter ] --END-- [ RunTime:0.000102s ]
NOTIC: [8] Use of undefined constant id - assumed 'id' D:\phpStudy\WWW\sptmcx\Application\Runtime\Cache\Admin\96f1079dc513765702ec3bb82f6b6e84.php 第 70 行.
NOTIC: [8] Use of undefined constant href - assumed 'href' D:\phpStudy\WWW\sptmcx\Application\Runtime\Cache\Admin\96f1079dc513765702ec3bb82f6b6e84.php 第 72 行.
NOTIC: [8] Use of undefined constant title - assumed 'title' D:\phpStudy\WWW\sptmcx\Application\Runtime\Cache\Admin\96f1079dc513765702ec3bb82f6b6e84.php 第 74 行.
NOTIC: [8] Use of undefined constant createtime - assumed 'createtime' D:\phpStudy\WWW\sptmcx\Application\Runtime\Cache\Admin\96f1079dc513765702ec3bb82f6b6e84.php 第 75 行.
NOTIC: [8] Use of undefined constant isvideo - assumed 'isvideo' D:\phpStudy\WWW\sptmcx\Application\Runtime\Cache\Admin\96f1079dc513765702ec3bb82f6b6e84.php 第 77 行.
NOTIC: [8] Use of undefined constant place - assumed 'place' D:\phpStudy\WWW\sptmcx\Application\Runtime\Cache\Admin\96f1079dc513765702ec3bb82f6b6e84.php 第 80 行.
NOTIC: [8] Use of undefined constant status - assumed 'status' D:\phpStudy\WWW\sptmcx\Application\Runtime\Cache\Admin\96f1079dc513765702ec3bb82f6b6e84.php 第 82 行.
NOTIC: [8] Use of undefined constant id - assumed 'id' D:\phpStudy\WWW\sptmcx\Application\Runtime\Cache\Admin\96f1079dc513765702ec3bb82f6b6e84.php 第 84 行.
NOTIC: [8] Use of undefined constant title - assumed 'title' D:\phpStudy\WWW\sptmcx\Application\Runtime\Cache\Admin\96f1079dc513765702ec3bb82f6b6e84.php 第 84 行.
NOTIC: [8] Use of undefined constant id - assumed 'id' D:\phpStudy\WWW\sptmcx\Application\Runtime\Cache\Admin\96f1079dc513765702ec3bb82f6b6e84.php 第 84 行.
NOTIC: [8] Use of undefined constant id - assumed 'id' D:\phpStudy\WWW\sptmcx\Application\Runtime\Cache\Admin\96f1079dc513765702ec3bb82f6b6e84.php 第 87 行.
NOTIC: [8] Use of undefined constant id - assumed 'id' D:\phpStudy\WWW\sptmcx\Application\Runtime\Cache\Admin\96f1079dc513765702ec3bb82f6b6e84.php 第 70 行.
NOTIC: [8] Use of undefined constant href - assumed 'href' D:\phpStudy\WWW\sptmcx\Application\Runtime\Cache\Admin\96f1079dc513765702ec3bb82f6b6e84.php 第 72 行.
NOTIC: [8] Use of undefined constant title - assumed 'title' D:\phpStudy\WWW\sptmcx\Application\Runtime\Cache\Admin\96f1079dc513765702ec3bb82f6b6e84.php 第 74 行.
NOTIC: [8] Use of undefined constant createtime - assumed 'createtime' D:\phpStudy\WWW\sptmcx\Application\Runtime\Cache\Admin\96f1079dc513765702ec3bb82f6b6e84.php 第 75 行.
NOTIC: [8] Use of undefined constant isvideo - assumed 'isvideo' D:\phpStudy\WWW\sptmcx\Application\Runtime\Cache\Admin\96f1079dc513765702ec3bb82f6b6e84.php 第 77 行.
NOTIC: [8] Use of undefined constant place - assumed 'place' D:\phpStudy\WWW\sptmcx\Application\Runtime\Cache\Admin\96f1079dc513765702ec3bb82f6b6e84.php 第 80 行.
NOTIC: [8] Use of undefined constant status - assumed 'status' D:\phpStudy\WWW\sptmcx\Application\Runtime\Cache\Admin\96f1079dc513765702ec3bb82f6b6e84.php 第 82 行.
NOTIC: [8] Use of undefined constant id - assumed 'id' D:\phpStudy\WWW\sptmcx\Application\Runtime\Cache\Admin\96f1079dc513765702ec3bb82f6b6e84.php 第 84 行.
NOTIC: [8] Use of undefined constant title - assumed 'title' D:\phpStudy\WWW\sptmcx\Application\Runtime\Cache\Admin\96f1079dc513765702ec3bb82f6b6e84.php 第 84 行.
NOTIC: [8] Use of undefined constant id - assumed 'id' D:\phpStudy\WWW\sptmcx\Application\Runtime\Cache\Admin\96f1079dc513765702ec3bb82f6b6e84.php 第 84 行.
NOTIC: [8] Use of undefined constant id - assumed 'id' D:\phpStudy\WWW\sptmcx\Application\Runtime\Cache\Admin\96f1079dc513765702ec3bb82f6b6e84.php 第 87 行.
INFO: Run Behavior\ParseTemplateBehavior [ RunTime:0.025820s ]
INFO: [ view_parse ] --END-- [ RunTime:0.025860s ]
INFO: [ view_filter ] --START--
INFO: Run Behavior\WriteHtmlCacheBehavior [ RunTime:0.000997s ]
INFO: [ view_filter ] --END-- [ RunTime:0.001027s ]
INFO: [ app_end ] --START--
INFO: Run Behavior\ShowPageTraceBehavior [ RunTime:0.001277s ]
INFO: [ app_end ] --END-- [ RunTime:0.001337s ]

[ 2019-04-22T17:18:18+08:00 ] 127.0.0.1 /sptmcx/Admin/Banner/del/id/10/rand/6347.html
INFO: [ app_init ] --START--
INFO: Run Behavior\BuildLiteBehavior [ RunTime:0.000013s ]
INFO: [ app_init ] --END-- [ RunTime:0.000685s ]
INFO: [ app_begin ] --START--
INFO: Run Behavior\ReadHtmlCacheBehavior [ RunTime:0.001077s ]
INFO: [ app_begin ] --END-- [ RunTime:0.001121s ]
SQL: SHOW COLUMNS FROM `sp_auth_user` [ RunTime:0.0054s ]
SQL: SELECT `perm` FROM `sp_auth_user` WHERE ( uid=1 ) LIMIT 1   [ RunTime:0.0002s ]
SQL: SHOW COLUMNS FROM `sp_banner` [ RunTime:0.0047s ]
SQL: SELECT * FROM `sp_banner` WHERE ( id='10' ) LIMIT 1   [ RunTime:0.0003s ]
SQL: UPDATE `sp_banner` SET `del`='1' WHERE ( id='10' ) [ RunTime:0.0282s ]
SQL: SELECT * FROM `sp_banner` WHERE ( status=1 and del=0 and place=1 ) ORDER BY `displayorder` desc,`id` DESC  [ RunTime:0.0003s ]
INFO: [ view_parse ] --START--
INFO: [ template_filter ] --START--
INFO: Run Behavior\ContentReplaceBehavior [ RunTime:0.000029s ]
INFO: [ template_filter ] --END-- [ RunTime:0.000069s ]
INFO: Run Behavior\ParseTemplateBehavior [ RunTime:0.006962s ]
INFO: [ view_parse ] --END-- [ RunTime:0.007001s ]
INFO: [ view_filter ] --START--
INFO: Run Behavior\WriteHtmlCacheBehavior [ RunTime:0.000851s ]
INFO: [ view_filter ] --END-- [ RunTime:0.000882s ]
INFO: [ app_end ] --START--
INFO: Run Behavior\ShowPageTraceBehavior [ RunTime:0.001005s ]
INFO: [ app_end ] --END-- [ RunTime:0.001036s ]

[ 2019-04-22T17:18:19+08:00 ] 127.0.0.1 /sptmcx/Admin/Banner/index.html
INFO: [ app_init ] --START--
INFO: Run Behavior\BuildLiteBehavior [ RunTime:0.000015s ]
INFO: [ app_init ] --END-- [ RunTime:0.000792s ]
INFO: [ app_begin ] --START--
INFO: Run Behavior\ReadHtmlCacheBehavior [ RunTime:0.001061s ]
INFO: [ app_begin ] --END-- [ RunTime:0.001116s ]
SQL: SHOW COLUMNS FROM `sp_auth_user` [ RunTime:0.0053s ]
SQL: SELECT `perm` FROM `sp_auth_user` WHERE ( uid=1 ) LIMIT 1   [ RunTime:0.0002s ]
SQL: SHOW COLUMNS FROM `sp_banner` [ RunTime:0.0047s ]
SQL: SELECT COUNT(*) AS tp_count FROM `sp_banner` WHERE ( del=0 ) LIMIT 1   [ RunTime:0.0003s ]
SQL: SELECT * FROM `sp_banner` WHERE ( del=0 ) ORDER BY `displayorder` desc,`id` DESC LIMIT 0,20   [ RunTime:0.0073s ]
INFO: [ view_parse ] --START--
INFO: [ template_filter ] --START--
INFO: Run Behavior\ContentReplaceBehavior [ RunTime:0.000061s ]
INFO: [ template_filter ] --END-- [ RunTime:0.000095s ]
NOTIC: [8] Use of undefined constant id - assumed 'id' D:\phpStudy\WWW\sptmcx\Application\Runtime\Cache\Admin\96f1079dc513765702ec3bb82f6b6e84.php 第 70 行.
NOTIC: [8] Use of undefined constant href - assumed 'href' D:\phpStudy\WWW\sptmcx\Application\Runtime\Cache\Admin\96f1079dc513765702ec3bb82f6b6e84.php 第 72 行.
NOTIC: [8] Use of undefined constant title - assumed 'title' D:\phpStudy\WWW\sptmcx\Application\Runtime\Cache\Admin\96f1079dc513765702ec3bb82f6b6e84.php 第 74 行.
NOTIC: [8] Use of undefined constant createtime - assumed 'createtime' D:\phpStudy\WWW\sptmcx\Application\Runtime\Cache\Admin\96f1079dc513765702ec3bb82f6b6e84.php 第 75 行.
NOTIC: [8] Use of undefined constant isvideo - assumed 'isvideo' D:\phpStudy\WWW\sptmcx\Application\Runtime\Cache\Admin\96f1079dc513765702ec3bb82f6b6e84.php 第 77 行.
NOTIC: [8] Use of undefined constant place - assumed 'place' D:\phpStudy\WWW\sptmcx\Application\Runtime\Cache\Admin\96f1079dc513765702ec3bb82f6b6e84.php 第 80 行.
NOTIC: [8] Use of undefined constant status - assumed 'status' D:\phpStudy\WWW\sptmcx\Application\Runtime\Cache\Admin\96f1079dc513765702ec3bb82f6b6e84.php 第 82 行.
NOTIC: [8] Use of undefined constant id - assumed 'id' D:\phpStudy\WWW\sptmcx\Application\Runtime\Cache\Admin\96f1079dc513765702ec3bb82f6b6e84.php 第 84 行.
NOTIC: [8] Use of undefined constant title - assumed 'title' D:\phpStudy\WWW\sptmcx\Application\Runtime\Cache\Admin\96f1079dc513765702ec3bb82f6b6e84.php 第 84 行.
NOTIC: [8] Use of undefined constant id - assumed 'id' D:\phpStudy\WWW\sptmcx\Application\Runtime\Cache\Admin\96f1079dc513765702ec3bb82f6b6e84.php 第 84 行.
NOTIC: [8] Use of undefined constant id - assumed 'id' D:\phpStudy\WWW\sptmcx\Application\Runtime\Cache\Admin\96f1079dc513765702ec3bb82f6b6e84.php 第 87 行.
INFO: Run Behavior\ParseTemplateBehavior [ RunTime:0.008901s ]
INFO: [ view_parse ] --END-- [ RunTime:0.008939s ]
INFO: [ view_filter ] --START--
INFO: Run Behavior\WriteHtmlCacheBehavior [ RunTime:0.000794s ]
INFO: [ view_filter ] --END-- [ RunTime:0.000824s ]
INFO: [ app_end ] --START--
INFO: Run Behavior\ShowPageTraceBehavior [ RunTime:0.000977s ]
INFO: [ app_end ] --END-- [ RunTime:0.001011s ]

[ 2019-04-22T17:18:21+08:00 ] 127.0.0.1 /sptmcx/Admin/Banner/del/id/9/rand/5403.html
INFO: [ app_init ] --START--
INFO: Run Behavior\BuildLiteBehavior [ RunTime:0.000013s ]
INFO: [ app_init ] --END-- [ RunTime:0.000617s ]
INFO: [ app_begin ] --START--
INFO: Run Behavior\ReadHtmlCacheBehavior [ RunTime:0.001007s ]
INFO: [ app_begin ] --END-- [ RunTime:0.001051s ]
SQL: SHOW COLUMNS FROM `sp_auth_user` [ RunTime:0.0054s ]
SQL: SELECT `perm` FROM `sp_auth_user` WHERE ( uid=1 ) LIMIT 1   [ RunTime:0.0002s ]
SQL: SHOW COLUMNS FROM `sp_banner` [ RunTime:0.0049s ]
SQL: SELECT * FROM `sp_banner` WHERE ( id='9' ) LIMIT 1   [ RunTime:0.0003s ]
SQL: UPDATE `sp_banner` SET `del`='1' WHERE ( id='9' ) [ RunTime:0.0316s ]
SQL: SELECT * FROM `sp_banner` WHERE ( status=1 and del=0 and place=0 ) ORDER BY `displayorder` desc,`id` DESC  [ RunTime:0.0003s ]
INFO: [ view_parse ] --START--
INFO: [ template_filter ] --START--
INFO: Run Behavior\ContentReplaceBehavior [ RunTime:0.000038s ]
INFO: [ template_filter ] --END-- [ RunTime:0.000082s ]
INFO: Run Behavior\ParseTemplateBehavior [ RunTime:0.007136s ]
INFO: [ view_parse ] --END-- [ RunTime:0.007175s ]
INFO: [ view_filter ] --START--
INFO: Run Behavior\WriteHtmlCacheBehavior [ RunTime:0.000770s ]
INFO: [ view_filter ] --END-- [ RunTime:0.000800s ]
INFO: [ app_end ] --START--
INFO: Run Behavior\ShowPageTraceBehavior [ RunTime:0.000968s ]
INFO: [ app_end ] --END-- [ RunTime:0.000999s ]

[ 2019-04-22T17:18:22+08:00 ] 127.0.0.1 /sptmcx/Admin/Banner/index.html
INFO: [ app_init ] --START--
INFO: Run Behavior\BuildLiteBehavior [ RunTime:0.000013s ]
INFO: [ app_init ] --END-- [ RunTime:0.000615s ]
INFO: [ app_begin ] --START--
INFO: Run Behavior\ReadHtmlCacheBehavior [ RunTime:0.001023s ]
INFO: [ app_begin ] --END-- [ RunTime:0.001069s ]
SQL: SHOW COLUMNS FROM `sp_auth_user` [ RunTime:0.0051s ]
SQL: SELECT `perm` FROM `sp_auth_user` WHERE ( uid=1 ) LIMIT 1   [ RunTime:0.0002s ]
SQL: SHOW COLUMNS FROM `sp_banner` [ RunTime:0.0101s ]
SQL: SELECT COUNT(*) AS tp_count FROM `sp_banner` WHERE ( del=0 ) LIMIT 1   [ RunTime:0.0003s ]
SQL: SELECT * FROM `sp_banner` WHERE ( del=0 ) ORDER BY `displayorder` desc,`id` DESC LIMIT 0,20   [ RunTime:0.0142s ]
INFO: [ view_parse ] --START--
INFO: [ template_filter ] --START--
INFO: Run Behavior\ContentReplaceBehavior [ RunTime:0.000058s ]
INFO: [ template_filter ] --END-- [ RunTime:0.000098s ]
INFO: Run Behavior\ParseTemplateBehavior [ RunTime:0.008631s ]
INFO: [ view_parse ] --END-- [ RunTime:0.008691s ]
INFO: [ view_filter ] --START--
INFO: Run Behavior\WriteHtmlCacheBehavior [ RunTime:0.000792s ]
INFO: [ view_filter ] --END-- [ RunTime:0.000823s ]
INFO: [ app_end ] --START--
INFO: Run Behavior\ShowPageTraceBehavior [ RunTime:0.001075s ]
INFO: [ app_end ] --END-- [ RunTime:0.001107s ]

[ 2019-04-22T17:18:23+08:00 ] 127.0.0.1 /sptmcx/Admin/Banner/add.html
INFO: [ app_init ] --START--
INFO: Run Behavior\BuildLiteBehavior [ RunTime:0.000013s ]
INFO: [ app_init ] --END-- [ RunTime:0.000665s ]
INFO: [ app_begin ] --START--
INFO: Run Behavior\ReadHtmlCacheBehavior [ RunTime:0.001375s ]
INFO: [ app_begin ] --END-- [ RunTime:0.001437s ]
SQL: SHOW COLUMNS FROM `sp_auth_user` [ RunTime:0.0070s ]
SQL: SELECT `perm` FROM `sp_auth_user` WHERE ( uid=1 ) LIMIT 1   [ RunTime:0.0003s ]
INFO: [ view_parse ] --START--
INFO: [ template_filter ] --START--
INFO: Run Behavior\ContentReplaceBehavior [ RunTime:0.000067s ]
INFO: [ template_filter ] --END-- [ RunTime:0.000110s ]
INFO: Run Behavior\ParseTemplateBehavior [ RunTime:0.023009s ]
INFO: [ view_parse ] --END-- [ RunTime:0.023059s ]
INFO: [ view_filter ] --START--
INFO: Run Behavior\WriteHtmlCacheBehavior [ RunTime:0.000885s ]
INFO: [ view_filter ] --END-- [ RunTime:0.000916s ]
INFO: [ app_end ] --START--
INFO: Run Behavior\ShowPageTraceBehavior [ RunTime:0.001159s ]
INFO: [ app_end ] --END-- [ RunTime:0.001210s ]

[ 2019-04-22T17:19:00+08:00 ] 127.0.0.1 /sptmcx/Admin/Banner/add.html
INFO: [ app_init ] --START--
INFO: Run Behavior\BuildLiteBehavior [ RunTime:0.000010s ]
INFO: [ app_init ] --END-- [ RunTime:0.000609s ]
INFO: [ app_begin ] --START--
INFO: Run Behavior\ReadHtmlCacheBehavior [ RunTime:0.000970s ]
INFO: [ app_begin ] --END-- [ RunTime:0.001014s ]
SQL: SHOW COLUMNS FROM `sp_auth_user` [ RunTime:0.0054s ]
SQL: SELECT `perm` FROM `sp_auth_user` WHERE ( uid=1 ) LIMIT 1   [ RunTime:0.0002s ]
SQL: SHOW COLUMNS FROM `sp_banner` [ RunTime:0.0049s ]
NOTIC: [2] call_user_func() expects parameter 1 to be a valid callback, no array or string given D:\phpStudy\WWW\sptmcx\ThinkPHP\Library\Think\Upload.class.php 第 182 行.
SQL: INSERT INTO `sp_banner` (`displayorder`,`title`,`place`,`link`,`status`,`isvideo`,`src`,`href`,`createtime`) VALUES ('displayorder','GS!','0','','1','0','','/2019-04-22/5cbd87047dea0.png','1555924740') [ RunTime:0.0346s ]
SQL: SELECT * FROM `sp_banner` WHERE ( status=1 and del=0 and place=0 ) ORDER BY `displayorder` desc,`id` DESC  [ RunTime:0.0003s ]
INFO: [ view_parse ] --START--
INFO: [ template_filter ] --START--
INFO: Run Behavior\ContentReplaceBehavior [ RunTime:0.000030s ]
INFO: [ template_filter ] --END-- [ RunTime:0.000070s ]
INFO: Run Behavior\ParseTemplateBehavior [ RunTime:0.015828s ]
INFO: [ view_parse ] --END-- [ RunTime:0.015870s ]
INFO: [ view_filter ] --START--
INFO: Run Behavior\WriteHtmlCacheBehavior [ RunTime:0.003221s ]
INFO: [ view_filter ] --END-- [ RunTime:0.003252s ]

[ 2019-04-22T17:19:01+08:00 ] 127.0.0.1 /sptmcx/Admin/Banner/index.html
INFO: [ app_init ] --START--
INFO: Run Behavior\BuildLiteBehavior [ RunTime:0.000012s ]
INFO: [ app_init ] --END-- [ RunTime:0.001272s ]
INFO: [ app_begin ] --START--
INFO: Run Behavior\ReadHtmlCacheBehavior [ RunTime:0.003551s ]
INFO: [ app_begin ] --END-- [ RunTime:0.003606s ]
SQL: SHOW COLUMNS FROM `sp_auth_user` [ RunTime:0.0058s ]
SQL: SELECT `perm` FROM `sp_auth_user` WHERE ( uid=1 ) LIMIT 1   [ RunTime:0.0002s ]
SQL: SHOW COLUMNS FROM `sp_banner` [ RunTime:0.0056s ]
SQL: SELECT COUNT(*) AS tp_count FROM `sp_banner` WHERE ( del=0 ) LIMIT 1   [ RunTime:0.0003s ]
SQL: SELECT * FROM `sp_banner` WHERE ( del=0 ) ORDER BY `displayorder` desc,`id` DESC LIMIT 0,20   [ RunTime:0.0004s ]
INFO: [ view_parse ] --START--
INFO: [ template_filter ] --START--
INFO: Run Behavior\ContentReplaceBehavior [ RunTime:0.000062s ]
INFO: [ template_filter ] --END-- [ RunTime:0.000103s ]
NOTIC: [8] Use of undefined constant id - assumed 'id' D:\phpStudy\WWW\sptmcx\Application\Runtime\Cache\Admin\96f1079dc513765702ec3bb82f6b6e84.php 第 70 行.
NOTIC: [8] Use of undefined constant href - assumed 'href' D:\phpStudy\WWW\sptmcx\Application\Runtime\Cache\Admin\96f1079dc513765702ec3bb82f6b6e84.php 第 72 行.
NOTIC: [8] Use of undefined constant title - assumed 'title' D:\phpStudy\WWW\sptmcx\Application\Runtime\Cache\Admin\96f1079dc513765702ec3bb82f6b6e84.php 第 74 行.
NOTIC: [8] Use of undefined constant createtime - assumed 'createtime' D:\phpStudy\WWW\sptmcx\Application\Runtime\Cache\Admin\96f1079dc513765702ec3bb82f6b6e84.php 第 75 行.
NOTIC: [8] Use of undefined constant isvideo - assumed 'isvideo' D:\phpStudy\WWW\sptmcx\Application\Runtime\Cache\Admin\96f1079dc513765702ec3bb82f6b6e84.php 第 77 行.
NOTIC: [8] Use of undefined constant place - assumed 'place' D:\phpStudy\WWW\sptmcx\Application\Runtime\Cache\Admin\96f1079dc513765702ec3bb82f6b6e84.php 第 80 行.
NOTIC: [8] Use of undefined constant status - assumed 'status' D:\phpStudy\WWW\sptmcx\Application\Runtime\Cache\Admin\96f1079dc513765702ec3bb82f6b6e84.php 第 82 行.
NOTIC: [8] Use of undefined constant id - assumed 'id' D:\phpStudy\WWW\sptmcx\Application\Runtime\Cache\Admin\96f1079dc513765702ec3bb82f6b6e84.php 第 84 行.
NOTIC: [8] Use of undefined constant title - assumed 'title' D:\phpStudy\WWW\sptmcx\Application\Runtime\Cache\Admin\96f1079dc513765702ec3bb82f6b6e84.php 第 84 行.
NOTIC: [8] Use of undefined constant id - assumed 'id' D:\phpStudy\WWW\sptmcx\Application\Runtime\Cache\Admin\96f1079dc513765702ec3bb82f6b6e84.php 第 84 行.
NOTIC: [8] Use of undefined constant id - assumed 'id' D:\phpStudy\WWW\sptmcx\Application\Runtime\Cache\Admin\96f1079dc513765702ec3bb82f6b6e84.php 第 87 行.
INFO: Run Behavior\ParseTemplateBehavior [ RunTime:0.020965s ]
INFO: [ view_parse ] --END-- [ RunTime:0.021004s ]
INFO: [ view_filter ] --START--
INFO: Run Behavior\WriteHtmlCacheBehavior [ RunTime:0.003289s ]
INFO: [ view_filter ] --END-- [ RunTime:0.003323s ]
INFO: [ app_end ] --START--
INFO: Run Behavior\ShowPageTraceBehavior [ RunTime:0.003678s ]
INFO: [ app_end ] --END-- [ RunTime:0.003729s ]

[ 2019-04-22T17:19:04+08:00 ] 127.0.0.1 /sptmcx/Admin/Banner/add.html
INFO: [ app_init ] --START--
INFO: Run Behavior\BuildLiteBehavior [ RunTime:0.000012s ]
INFO: [ app_init ] --END-- [ RunTime:0.001240s ]
INFO: [ app_begin ] --START--
INFO: Run Behavior\ReadHtmlCacheBehavior [ RunTime:0.003436s ]
INFO: [ app_begin ] --END-- [ RunTime:0.003480s ]
SQL: SHOW COLUMNS FROM `sp_auth_user` [ RunTime:0.0049s ]
SQL: SELECT `perm` FROM `sp_auth_user` WHERE ( uid=1 ) LIMIT 1   [ RunTime:0.0002s ]
INFO: [ view_parse ] --START--
INFO: [ template_filter ] --START--
INFO: Run Behavior\ContentReplaceBehavior [ RunTime:0.000067s ]
INFO: [ template_filter ] --END-- [ RunTime:0.000113s ]
INFO: Run Behavior\ParseTemplateBehavior [ RunTime:0.020772s ]
INFO: [ view_parse ] --END-- [ RunTime:0.020819s ]
INFO: [ view_filter ] --START--
INFO: Run Behavior\WriteHtmlCacheBehavior [ RunTime:0.003754s ]
INFO: [ view_filter ] --END-- [ RunTime:0.003796s ]
INFO: [ app_end ] --START--
INFO: Run Behavior\ShowPageTraceBehavior [ RunTime:0.004045s ]
INFO: [ app_end ] --END-- [ RunTime:0.004092s ]

[ 2019-04-22T17:19:33+08:00 ] 127.0.0.1 /sptmcx/Admin/Banner/add.html
INFO: [ app_init ] --START--
INFO: Run Behavior\BuildLiteBehavior [ RunTime:0.000013s ]
INFO: [ app_init ] --END-- [ RunTime:0.001238s ]
INFO: [ app_begin ] --START--
INFO: Run Behavior\ReadHtmlCacheBehavior [ RunTime:0.003417s ]
INFO: [ app_begin ] --END-- [ RunTime:0.003468s ]
SQL: SHOW COLUMNS FROM `sp_auth_user` [ RunTime:0.0055s ]
SQL: SELECT `perm` FROM `sp_auth_user` WHERE ( uid=1 ) LIMIT 1   [ RunTime:0.0002s ]
SQL: SHOW COLUMNS FROM `sp_banner` [ RunTime:0.0047s ]
NOTIC: [2] call_user_func() expects parameter 1 to be a valid callback, no array or string given D:\phpStudy\WWW\sptmcx\ThinkPHP\Library\Think\Upload.class.php 第 182 行.
SQL: INSERT INTO `sp_banner` (`displayorder`,`title`,`place`,`link`,`status`,`isvideo`,`src`,`href`,`createtime`) VALUES ('displayorder','商品条码','0','','1','0','','/2019-04-22/5cbd872582bb1.png','1555924773') [ RunTime:0.0348s ]
SQL: SELECT * FROM `sp_banner` WHERE ( status=1 and del=0 and place=0 ) ORDER BY `displayorder` desc,`id` DESC  [ RunTime:0.0003s ]
INFO: [ view_parse ] --START--
INFO: [ template_filter ] --START--
INFO: Run Behavior\ContentReplaceBehavior [ RunTime:0.000030s ]
INFO: [ template_filter ] --END-- [ RunTime:0.000069s ]
INFO: Run Behavior\ParseTemplateBehavior [ RunTime:0.015924s ]
INFO: [ view_parse ] --END-- [ RunTime:0.015967s ]
INFO: [ view_filter ] --START--
INFO: Run Behavior\WriteHtmlCacheBehavior [ RunTime:0.003246s ]
INFO: [ view_filter ] --END-- [ RunTime:0.003276s ]

[ 2019-04-22T17:19:34+08:00 ] 127.0.0.1 /sptmcx/Admin/Banner/index.html
INFO: [ app_init ] --START--
INFO: Run Behavior\BuildLiteBehavior [ RunTime:0.000013s ]
INFO: [ app_init ] --END-- [ RunTime:0.001248s ]
INFO: [ app_begin ] --START--
INFO: Run Behavior\ReadHtmlCacheBehavior [ RunTime:0.003473s ]
INFO: [ app_begin ] --END-- [ RunTime:0.003529s ]
SQL: SHOW COLUMNS FROM `sp_auth_user` [ RunTime:0.0051s ]
SQL: SELECT `perm` FROM `sp_auth_user` WHERE ( uid=1 ) LIMIT 1   [ RunTime:0.0002s ]
SQL: SHOW COLUMNS FROM `sp_banner` [ RunTime:0.0047s ]
SQL: SELECT COUNT(*) AS tp_count FROM `sp_banner` WHERE ( del=0 ) LIMIT 1   [ RunTime:0.0002s ]
SQL: SELECT * FROM `sp_banner` WHERE ( del=0 ) ORDER BY `displayorder` desc,`id` DESC LIMIT 0,20   [ RunTime:0.0005s ]
INFO: [ view_parse ] --START--
INFO: [ template_filter ] --START--
INFO: Run Behavior\ContentReplaceBehavior [ RunTime:0.000079s ]
INFO: [ template_filter ] --END-- [ RunTime:0.000126s ]
NOTIC: [8] Use of undefined constant id - assumed 'id' D:\phpStudy\WWW\sptmcx\Application\Runtime\Cache\Admin\96f1079dc513765702ec3bb82f6b6e84.php 第 70 行.
NOTIC: [8] Use of undefined constant href - assumed 'href' D:\phpStudy\WWW\sptmcx\Application\Runtime\Cache\Admin\96f1079dc513765702ec3bb82f6b6e84.php 第 72 行.
NOTIC: [8] Use of undefined constant title - assumed 'title' D:\phpStudy\WWW\sptmcx\Application\Runtime\Cache\Admin\96f1079dc513765702ec3bb82f6b6e84.php 第 74 行.
NOTIC: [8] Use of undefined constant createtime - assumed 'createtime' D:\phpStudy\WWW\sptmcx\Application\Runtime\Cache\Admin\96f1079dc513765702ec3bb82f6b6e84.php 第 75 行.
NOTIC: [8] Use of undefined constant isvideo - assumed 'isvideo' D:\phpStudy\WWW\sptmcx\Application\Runtime\Cache\Admin\96f1079dc513765702ec3bb82f6b6e84.php 第 77 行.
NOTIC: [8] Use of undefined constant place - assumed 'place' D:\phpStudy\WWW\sptmcx\Application\Runtime\Cache\Admin\96f1079dc513765702ec3bb82f6b6e84.php 第 80 行.
NOTIC: [8] Use of undefined constant status - assumed 'status' D:\phpStudy\WWW\sptmcx\Application\Runtime\Cache\Admin\96f1079dc513765702ec3bb82f6b6e84.php 第 82 行.
NOTIC: [8] Use of undefined constant id - assumed 'id' D:\phpStudy\WWW\sptmcx\Application\Runtime\Cache\Admin\96f1079dc513765702ec3bb82f6b6e84.php 第 84 行.
NOTIC: [8] Use of undefined constant title - assumed 'title' D:\phpStudy\WWW\sptmcx\Application\Runtime\Cache\Admin\96f1079dc513765702ec3bb82f6b6e84.php 第 84 行.
NOTIC: [8] Use of undefined constant id - assumed 'id' D:\phpStudy\WWW\sptmcx\Application\Runtime\Cache\Admin\96f1079dc513765702ec3bb82f6b6e84.php 第 84 行.
NOTIC: [8] Use of undefined constant id - assumed 'id' D:\phpStudy\WWW\sptmcx\Application\Runtime\Cache\Admin\96f1079dc513765702ec3bb82f6b6e84.php 第 87 行.
NOTIC: [8] Use of undefined constant id - assumed 'id' D:\phpStudy\WWW\sptmcx\Application\Runtime\Cache\Admin\96f1079dc513765702ec3bb82f6b6e84.php 第 70 行.
NOTIC: [8] Use of undefined constant href - assumed 'href' D:\phpStudy\WWW\sptmcx\Application\Runtime\Cache\Admin\96f1079dc513765702ec3bb82f6b6e84.php 第 72 行.
NOTIC: [8] Use of undefined constant title - assumed 'title' D:\phpStudy\WWW\sptmcx\Application\Runtime\Cache\Admin\96f1079dc513765702ec3bb82f6b6e84.php 第 74 行.
NOTIC: [8] Use of undefined constant createtime - assumed 'createtime' D:\phpStudy\WWW\sptmcx\Application\Runtime\Cache\Admin\96f1079dc513765702ec3bb82f6b6e84.php 第 75 行.
NOTIC: [8] Use of undefined constant isvideo - assumed 'isvideo' D:\phpStudy\WWW\sptmcx\Application\Runtime\Cache\Admin\96f1079dc513765702ec3bb82f6b6e84.php 第 77 行.
NOTIC: [8] Use of undefined constant place - assumed 'place' D:\phpStudy\WWW\sptmcx\Application\Runtime\Cache\Admin\96f1079dc513765702ec3bb82f6b6e84.php 第 80 行.
NOTIC: [8] Use of undefined constant status - assumed 'status' D:\phpStudy\WWW\sptmcx\Application\Runtime\Cache\Admin\96f1079dc513765702ec3bb82f6b6e84.php 第 82 行.
NOTIC: [8] Use of undefined constant id - assumed 'id' D:\phpStudy\WWW\sptmcx\Application\Runtime\Cache\Admin\96f1079dc513765702ec3bb82f6b6e84.php 第 84 行.
NOTIC: [8] Use of undefined constant title - assumed 'title' D:\phpStudy\WWW\sptmcx\Application\Runtime\Cache\Admin\96f1079dc513765702ec3bb82f6b6e84.php 第 84 行.
NOTIC: [8] Use of undefined constant id - assumed 'id' D:\phpStudy\WWW\sptmcx\Application\Runtime\Cache\Admin\96f1079dc513765702ec3bb82f6b6e84.php 第 84 行.
NOTIC: [8] Use of undefined constant id - assumed 'id' D:\phpStudy\WWW\sptmcx\Application\Runtime\Cache\Admin\96f1079dc513765702ec3bb82f6b6e84.php 第 87 行.
INFO: Run Behavior\ParseTemplateBehavior [ RunTime:0.020680s ]
INFO: [ view_parse ] --END-- [ RunTime:0.020721s ]
INFO: [ view_filter ] --START--
INFO: Run Behavior\WriteHtmlCacheBehavior [ RunTime:0.003287s ]
INFO: [ view_filter ] --END-- [ RunTime:0.003319s ]
INFO: [ app_end ] --START--
INFO: Run Behavior\ShowPageTraceBehavior [ RunTime:0.004048s ]
INFO: [ app_end ] --END-- [ RunTime:0.004107s ]

[ 2019-04-22T17:25:47+08:00 ] 127.0.0.1 /sptmcx/Admin/News/add.html
INFO: [ app_init ] --START--
INFO: Run Behavior\BuildLiteBehavior [ RunTime:0.000011s ]
INFO: [ app_init ] --END-- [ RunTime:0.000603s ]
INFO: [ app_begin ] --START--
INFO: Run Behavior\ReadHtmlCacheBehavior [ RunTime:0.000955s ]
INFO: [ app_begin ] --END-- [ RunTime:0.000997s ]
SQL: SHOW COLUMNS FROM `sp_auth_user` [ RunTime:0.0051s ]
SQL: SELECT `perm` FROM `sp_auth_user` WHERE ( uid=1 ) LIMIT 1   [ RunTime:0.0002s ]
SQL: SHOW COLUMNS FROM `sp_news` [ RunTime:0.0054s ]
INFO: [ view_parse ] --START--
INFO: [ template_filter ] --START--
INFO: Run Behavior\ContentReplaceBehavior [ RunTime:0.000065s ]
INFO: [ template_filter ] --END-- [ RunTime:0.000107s ]
NOTIC: [8] Undefined variable: info D:\phpStudy\WWW\sptmcx\Application\Runtime\Cache\Admin\698b46f00850840455b7a69352143fba.php 第 53 行.
NOTIC: [8] Use of undefined constant id - assumed 'id' D:\phpStudy\WWW\sptmcx\Application\Runtime\Cache\Admin\698b46f00850840455b7a69352143fba.php 第 56 行.
NOTIC: [8] Undefined variable: info D:\phpStudy\WWW\sptmcx\Application\Runtime\Cache\Admin\698b46f00850840455b7a69352143fba.php 第 56 行.
NOTIC: [8] Undefined variable: info D:\phpStudy\WWW\sptmcx\Application\Runtime\Cache\Admin\698b46f00850840455b7a69352143fba.php 第 60 行.
NOTIC: [8] Undefined variable: info D:\phpStudy\WWW\sptmcx\Application\Runtime\Cache\Admin\698b46f00850840455b7a69352143fba.php 第 64 行.
NOTIC: [8] Undefined variable: info D:\phpStudy\WWW\sptmcx\Application\Runtime\Cache\Admin\698b46f00850840455b7a69352143fba.php 第 70 行.
NOTIC: [8] Undefined variable: info D:\phpStudy\WWW\sptmcx\Application\Runtime\Cache\Admin\698b46f00850840455b7a69352143fba.php 第 73 行.
NOTIC: [8] Undefined variable: info D:\phpStudy\WWW\sptmcx\Application\Runtime\Cache\Admin\698b46f00850840455b7a69352143fba.php 第 89 行.
NOTIC: [8] Use of undefined constant summary - assumed 'summary' D:\phpStudy\WWW\sptmcx\Application\Runtime\Cache\Admin\698b46f00850840455b7a69352143fba.php 第 96 行.
NOTIC: [8] Undefined variable: info D:\phpStudy\WWW\sptmcx\Application\Runtime\Cache\Admin\698b46f00850840455b7a69352143fba.php 第 96 行.
NOTIC: [8] Use of undefined constant des - assumed 'des' D:\phpStudy\WWW\sptmcx\Application\Runtime\Cache\Admin\698b46f00850840455b7a69352143fba.php 第 101 行.
NOTIC: [8] Undefined variable: info D:\phpStudy\WWW\sptmcx\Application\Runtime\Cache\Admin\698b46f00850840455b7a69352143fba.php 第 101 行.
NOTIC: [8] Use of undefined constant des - assumed 'des' D:\phpStudy\WWW\sptmcx\Application\Runtime\Cache\Admin\698b46f00850840455b7a69352143fba.php 第 117 行.
NOTIC: [8] Undefined variable: info D:\phpStudy\WWW\sptmcx\Application\Runtime\Cache\Admin\698b46f00850840455b7a69352143fba.php 第 117 行.
INFO: Run Behavior\ParseTemplateBehavior [ RunTime:0.015729s ]
INFO: [ view_parse ] --END-- [ RunTime:0.015766s ]
INFO: [ view_filter ] --START--
INFO: Run Behavior\WriteHtmlCacheBehavior [ RunTime:0.001175s ]
INFO: [ view_filter ] --END-- [ RunTime:0.001205s ]
INFO: [ app_end ] --START--
INFO: Run Behavior\ShowPageTraceBehavior [ RunTime:0.001337s ]
INFO: [ app_end ] --END-- [ RunTime:0.001372s ]

[ 2019-04-22T17:26:37+08:00 ] 127.0.0.1 /sptmcx/Admin/News/add.html
INFO: [ app_init ] --START--
INFO: Run Behavior\BuildLiteBehavior [ RunTime:0.000011s ]
INFO: [ app_init ] --END-- [ RunTime:0.000723s ]
INFO: [ app_begin ] --START--
INFO: Run Behavior\ReadHtmlCacheBehavior [ RunTime:0.001493s ]
INFO: [ app_begin ] --END-- [ RunTime:0.001544s ]
SQL: SHOW COLUMNS FROM `sp_auth_user` [ RunTime:0.0052s ]
SQL: SELECT `perm` FROM `sp_auth_user` WHERE ( uid=1 ) LIMIT 1   [ RunTime:0.0002s ]
SQL: SHOW COLUMNS FROM `sp_news` [ RunTime:0.0045s ]
INFO: [ view_parse ] --START--
INFO: [ template_filter ] --START--
INFO: Run Behavior\ContentReplaceBehavior [ RunTime:0.000063s ]
INFO: [ template_filter ] --END-- [ RunTime:0.000096s ]
NOTIC: [8] Undefined variable: info D:\phpStudy\WWW\sptmcx\Application\Runtime\Cache\Admin\698b46f00850840455b7a69352143fba.php 第 53 行.
NOTIC: [8] Use of undefined constant id - assumed 'id' D:\phpStudy\WWW\sptmcx\Application\Runtime\Cache\Admin\698b46f00850840455b7a69352143fba.php 第 56 行.
NOTIC: [8] Undefined variable: info D:\phpStudy\WWW\sptmcx\Application\Runtime\Cache\Admin\698b46f00850840455b7a69352143fba.php 第 56 行.
NOTIC: [8] Undefined variable: info D:\phpStudy\WWW\sptmcx\Application\Runtime\Cache\Admin\698b46f00850840455b7a69352143fba.php 第 60 行.
NOTIC: [8] Undefined variable: info D:\phpStudy\WWW\sptmcx\Application\Runtime\Cache\Admin\698b46f00850840455b7a69352143fba.php 第 64 行.
NOTIC: [8] Undefined variable: info D:\phpStudy\WWW\sptmcx\Application\Runtime\Cache\Admin\698b46f00850840455b7a69352143fba.php 第 70 行.
NOTIC: [8] Undefined variable: info D:\phpStudy\WWW\sptmcx\Application\Runtime\Cache\Admin\698b46f00850840455b7a69352143fba.php 第 73 行.
NOTIC: [8] Undefined variable: info D:\phpStudy\WWW\sptmcx\Application\Runtime\Cache\Admin\698b46f00850840455b7a69352143fba.php 第 89 行.
NOTIC: [8] Use of undefined constant summary - assumed 'summary' D:\phpStudy\WWW\sptmcx\Application\Runtime\Cache\Admin\698b46f00850840455b7a69352143fba.php 第 96 行.
NOTIC: [8] Undefined variable: info D:\phpStudy\WWW\sptmcx\Application\Runtime\Cache\Admin\698b46f00850840455b7a69352143fba.php 第 96 行.
NOTIC: [8] Use of undefined constant des - assumed 'des' D:\phpStudy\WWW\sptmcx\Application\Runtime\Cache\Admin\698b46f00850840455b7a69352143fba.php 第 101 行.
NOTIC: [8] Undefined variable: info D:\phpStudy\WWW\sptmcx\Application\Runtime\Cache\Admin\698b46f00850840455b7a69352143fba.php 第 101 行.
NOTIC: [8] Use of undefined constant des - assumed 'des' D:\phpStudy\WWW\sptmcx\Application\Runtime\Cache\Admin\698b46f00850840455b7a69352143fba.php 第 117 行.
NOTIC: [8] Undefined variable: info D:\phpStudy\WWW\sptmcx\Application\Runtime\Cache\Admin\698b46f00850840455b7a69352143fba.php 第 117 行.
INFO: Run Behavior\ParseTemplateBehavior [ RunTime:0.012163s ]
INFO: [ view_parse ] --END-- [ RunTime:0.012198s ]
INFO: [ view_filter ] --START--
INFO: Run Behavior\WriteHtmlCacheBehavior [ RunTime:0.001270s ]
INFO: [ view_filter ] --END-- [ RunTime:0.001300s ]
INFO: [ app_end ] --START--
INFO: Run Behavior\ShowPageTraceBehavior [ RunTime:0.001556s ]
INFO: [ app_end ] --END-- [ RunTime:0.001588s ]

[ 2019-04-22T17:26:43+08:00 ] 127.0.0.1 /sptmcx/Admin/News/add.html
INFO: [ app_init ] --START--
INFO: Run Behavior\BuildLiteBehavior [ RunTime:0.000012s ]
INFO: [ app_init ] --END-- [ RunTime:0.000704s ]
INFO: [ app_begin ] --START--
INFO: Run Behavior\ReadHtmlCacheBehavior [ RunTime:0.001472s ]
INFO: [ app_begin ] --END-- [ RunTime:0.001522s ]
SQL: SHOW COLUMNS FROM `sp_auth_user` [ RunTime:0.0062s ]
SQL: SELECT `perm` FROM `sp_auth_user` WHERE ( uid=1 ) LIMIT 1   [ RunTime:0.0002s ]
SQL: SHOW COLUMNS FROM `sp_news` [ RunTime:0.0048s ]
NOTIC: [8] Undefined variable: namespace D:\phpStudy\WWW\sptmcx\Application\Common\Common\function.php 第 11 行.
NOTIC: [8] Undefined index: LOCAL_ADDR D:\phpStudy\WWW\sptmcx\Application\Common\Common\function.php 第 14 行.
NOTIC: [8] Undefined index: LOCAL_PORT D:\phpStudy\WWW\sptmcx\Application\Common\Common\function.php 第 15 行.
NOTIC: [8] Undefined index: thumb D:\phpStudy\WWW\sptmcx\Application\Admin\Controller\NewsController.class.php 第 54 行.
SQL: INSERT INTO `sp_news` (`id`,`displayorder`,`title`,`status`,`summary`,`des`,`addtime`,`thumb`) VALUES ('2CC4EB4BFD145C3F38875D9DCA8487A6','','ddd','1','ddd','<p>dddddddddddddddd</p>','1555925203','s_def.png') [ RunTime:0.0429s ]
INFO: [ view_parse ] --START--
INFO: [ template_filter ] --START--
INFO: Run Behavior\ContentReplaceBehavior [ RunTime:0.000029s ]
INFO: [ template_filter ] --END-- [ RunTime:0.000066s ]
INFO: Run Behavior\ParseTemplateBehavior [ RunTime:0.009618s ]
INFO: [ view_parse ] --END-- [ RunTime:0.009675s ]
INFO: [ view_filter ] --START--
INFO: Run Behavior\WriteHtmlCacheBehavior [ RunTime:0.001245s ]
INFO: [ view_filter ] --END-- [ RunTime:0.001274s ]

[ 2019-04-22T17:26:45+08:00 ] 127.0.0.1 /sptmcx/Admin/News/index.html
INFO: [ app_init ] --START--
INFO: Run Behavior\BuildLiteBehavior [ RunTime:0.000012s ]
INFO: [ app_init ] --END-- [ RunTime:0.000687s ]
INFO: [ app_begin ] --START--
INFO: Run Behavior\ReadHtmlCacheBehavior [ RunTime:0.001458s ]
INFO: [ app_begin ] --END-- [ RunTime:0.001501s ]
SQL: SHOW COLUMNS FROM `sp_auth_user` [ RunTime:0.0052s ]
SQL: SELECT `perm` FROM `sp_auth_user` WHERE ( uid=1 ) LIMIT 1   [ RunTime:0.0002s ]
SQL: SHOW COLUMNS FROM `sp_news` [ RunTime:0.0044s ]
SQL: SELECT COUNT(*) AS tp_count FROM `sp_news` WHERE `del` = 0 LIMIT 1   [ RunTime:0.0002s ]
SQL: SELECT * FROM `sp_news` WHERE `del` = 0 ORDER BY `displayorder` desc,`addtime` desc LIMIT 0,20   [ RunTime:0.0003s ]
INFO: [ view_parse ] --START--
INFO: [ template_filter ] --START--
INFO: Run Behavior\ContentReplaceBehavior [ RunTime:0.000062s ]
INFO: [ template_filter ] --END-- [ RunTime:0.000104s ]
NOTIC: [8] Use of undefined constant title - assumed 'title' D:\phpStudy\WWW\sptmcx\Application\Runtime\Cache\Admin\36087655c6ab8580337cdc45b35a926d.php 第 68 行.
NOTIC: [8] Use of undefined constant thumb - assumed 'thumb' D:\phpStudy\WWW\sptmcx\Application\Runtime\Cache\Admin\36087655c6ab8580337cdc45b35a926d.php 第 69 行.
NOTIC: [8] Use of undefined constant viewnum - assumed 'viewnum' D:\phpStudy\WWW\sptmcx\Application\Runtime\Cache\Admin\36087655c6ab8580337cdc45b35a926d.php 第 72 行.
NOTIC: [8] Use of undefined constant id - assumed 'id' D:\phpStudy\WWW\sptmcx\Application\Runtime\Cache\Admin\36087655c6ab8580337cdc45b35a926d.php 第 74 行.
NOTIC: [8] Use of undefined constant title - assumed 'title' D:\phpStudy\WWW\sptmcx\Application\Runtime\Cache\Admin\36087655c6ab8580337cdc45b35a926d.php 第 74 行.
NOTIC: [8] Use of undefined constant id - assumed 'id' D:\phpStudy\WWW\sptmcx\Application\Runtime\Cache\Admin\36087655c6ab8580337cdc45b35a926d.php 第 74 行.
NOTIC: [8] Use of undefined constant id - assumed 'id' D:\phpStudy\WWW\sptmcx\Application\Runtime\Cache\Admin\36087655c6ab8580337cdc45b35a926d.php 第 77 行.
INFO: Run Behavior\ParseTemplateBehavior [ RunTime:0.033275s ]
INFO: [ view_parse ] --END-- [ RunTime:0.033313s ]
INFO: [ view_filter ] --START--
INFO: Run Behavior\WriteHtmlCacheBehavior [ RunTime:0.001290s ]
INFO: [ view_filter ] --END-- [ RunTime:0.001321s ]
INFO: [ app_end ] --START--
INFO: Run Behavior\ShowPageTraceBehavior [ RunTime:0.001667s ]
INFO: [ app_end ] --END-- [ RunTime:0.001698s ]

[ 2019-04-22T17:27:13+08:00 ] 127.0.0.1 /sptmcx/Admin/News/index.html
INFO: [ app_init ] --START--
INFO: Run Behavior\BuildLiteBehavior [ RunTime:0.000012s ]
INFO: [ app_init ] --END-- [ RunTime:0.000715s ]
INFO: [ app_begin ] --START--
INFO: Run Behavior\ReadHtmlCacheBehavior [ RunTime:0.001462s ]
INFO: [ app_begin ] --END-- [ RunTime:0.001504s ]
SQL: SHOW COLUMNS FROM `sp_auth_user` [ RunTime:0.0052s ]
SQL: SELECT `perm` FROM `sp_auth_user` WHERE ( uid=1 ) LIMIT 1   [ RunTime:0.0002s ]
SQL: SHOW COLUMNS FROM `sp_news` [ RunTime:0.0046s ]
SQL: SELECT COUNT(*) AS tp_count FROM `sp_news` WHERE `del` = 0 LIMIT 1   [ RunTime:0.0002s ]
SQL: SELECT * FROM `sp_news` WHERE `del` = 0 ORDER BY `displayorder` desc,`addtime` desc LIMIT 0,20   [ RunTime:0.0003s ]
INFO: [ view_parse ] --START--
INFO: [ template_filter ] --START--
INFO: Run Behavior\ContentReplaceBehavior [ RunTime:0.000060s ]
INFO: [ template_filter ] --END-- [ RunTime:0.000100s ]
NOTIC: [8] Use of undefined constant title - assumed 'title' D:\phpStudy\WWW\sptmcx\Application\Runtime\Cache\Admin\36087655c6ab8580337cdc45b35a926d.php 第 68 行.
NOTIC: [8] Use of undefined constant thumb - assumed 'thumb' D:\phpStudy\WWW\sptmcx\Application\Runtime\Cache\Admin\36087655c6ab8580337cdc45b35a926d.php 第 69 行.
NOTIC: [8] Use of undefined constant viewnum - assumed 'viewnum' D:\phpStudy\WWW\sptmcx\Application\Runtime\Cache\Admin\36087655c6ab8580337cdc45b35a926d.php 第 72 行.
NOTIC: [8] Use of undefined constant id - assumed 'id' D:\phpStudy\WWW\sptmcx\Application\Runtime\Cache\Admin\36087655c6ab8580337cdc45b35a926d.php 第 74 行.
NOTIC: [8] Use of undefined constant title - assumed 'title' D:\phpStudy\WWW\sptmcx\Application\Runtime\Cache\Admin\36087655c6ab8580337cdc45b35a926d.php 第 74 行.
NOTIC: [8] Use of undefined constant id - assumed 'id' D:\phpStudy\WWW\sptmcx\Application\Runtime\Cache\Admin\36087655c6ab8580337cdc45b35a926d.php 第 74 行.
NOTIC: [8] Use of undefined constant id - assumed 'id' D:\phpStudy\WWW\sptmcx\Application\Runtime\Cache\Admin\36087655c6ab8580337cdc45b35a926d.php 第 77 行.
INFO: Run Behavior\ParseTemplateBehavior [ RunTime:0.020681s ]
INFO: [ view_parse ] --END-- [ RunTime:0.020718s ]
INFO: [ view_filter ] --START--
INFO: Run Behavior\WriteHtmlCacheBehavior [ RunTime:0.001280s ]
INFO: [ view_filter ] --END-- [ RunTime:0.001310s ]
INFO: [ app_end ] --START--
INFO: Run Behavior\ShowPageTraceBehavior [ RunTime:0.001471s ]
INFO: [ app_end ] --END-- [ RunTime:0.001505s ]

[ 2019-04-22T17:44:39+08:00 ] 127.0.0.1 /sptmcx/Admin/Banner/add.html
INFO: [ app_init ] --START--
INFO: Run Behavior\BuildLiteBehavior [ RunTime:0.000012s ]
INFO: [ app_init ] --END-- [ RunTime:0.000695s ]
INFO: [ app_begin ] --START--
INFO: Run Behavior\ReadHtmlCacheBehavior [ RunTime:0.001269s ]
INFO: [ app_begin ] --END-- [ RunTime:0.001312s ]
SQL: SHOW COLUMNS FROM `sp_auth_user` [ RunTime:0.0066s ]
SQL: SELECT `perm` FROM `sp_auth_user` WHERE ( uid=1 ) LIMIT 1   [ RunTime:0.0003s ]
INFO: [ view_parse ] --START--
INFO: [ template_filter ] --START--
INFO: Run Behavior\ContentReplaceBehavior [ RunTime:0.000067s ]
INFO: [ template_filter ] --END-- [ RunTime:0.000107s ]
INFO: Run Behavior\ParseTemplateBehavior [ RunTime:0.019110s ]
INFO: [ view_parse ] --END-- [ RunTime:0.019153s ]
INFO: [ view_filter ] --START--
INFO: Run Behavior\WriteHtmlCacheBehavior [ RunTime:0.001240s ]
INFO: [ view_filter ] --END-- [ RunTime:0.001281s ]
INFO: [ app_end ] --START--
INFO: Run Behavior\ShowPageTraceBehavior [ RunTime:0.001993s ]
INFO: [ app_end ] --END-- [ RunTime:0.002042s ]

[ 2019-04-22T17:45:00+08:00 ] 127.0.0.1 /sptmcx/Admin/Banner/add.html
INFO: [ app_init ] --START--
INFO: Run Behavior\BuildLiteBehavior [ RunTime:0.000012s ]
INFO: [ app_init ] --END-- [ RunTime:0.000624s ]
INFO: [ app_begin ] --START--
INFO: Run Behavior\ReadHtmlCacheBehavior [ RunTime:0.001023s ]
INFO: [ app_begin ] --END-- [ RunTime:0.001078s ]
SQL: SHOW COLUMNS FROM `sp_auth_user` [ RunTime:0.0050s ]
SQL: SELECT `perm` FROM `sp_auth_user` WHERE ( uid=1 ) LIMIT 1   [ RunTime:0.0002s ]
SQL: SHOW COLUMNS FROM `sp_banner` [ RunTime:0.0055s ]
NOTIC: [2] call_user_func() expects parameter 1 to be a valid callback, no array or string given D:\phpStudy\WWW\sptmcx\ThinkPHP\Library\Think\Upload.class.php 第 182 行.
SQL: INSERT INTO `sp_banner` (`displayorder`,`title`,`place`,`link`,`status`,`isvideo`,`src`,`href`,`createtime`) VALUES ('','默认','1','','1','0','','/2019-04-22/5cbd8d1cc76b9.png','1555926300') [ RunTime:0.0330s ]
SQL: SELECT * FROM `sp_banner` WHERE ( status=1 and del=0 and place=1 ) ORDER BY `displayorder` desc,`id` DESC  [ RunTime:0.0004s ]
INFO: [ view_parse ] --START--
INFO: [ template_filter ] --START--
INFO: Run Behavior\ContentReplaceBehavior [ RunTime:0.000029s ]
INFO: [ template_filter ] --END-- [ RunTime:0.000068s ]
INFO: Run Behavior\ParseTemplateBehavior [ RunTime:0.011782s ]
INFO: [ view_parse ] --END-- [ RunTime:0.011826s ]
INFO: [ view_filter ] --START--
INFO: Run Behavior\WriteHtmlCacheBehavior [ RunTime:0.001661s ]
INFO: [ view_filter ] --END-- [ RunTime:0.001690s ]

[ 2019-04-22T17:45:01+08:00 ] 127.0.0.1 /sptmcx/Admin/Banner/index.html
INFO: [ app_init ] --START--
INFO: Run Behavior\BuildLiteBehavior [ RunTime:0.000013s ]
INFO: [ app_init ] --END-- [ RunTime:0.000729s ]
INFO: [ app_begin ] --START--
INFO: Run Behavior\ReadHtmlCacheBehavior [ RunTime:0.001991s ]
INFO: [ app_begin ] --END-- [ RunTime:0.002067s ]
SQL: SHOW COLUMNS FROM `sp_auth_user` [ RunTime:0.0050s ]
SQL: SELECT `perm` FROM `sp_auth_user` WHERE ( uid=1 ) LIMIT 1   [ RunTime:0.0002s ]
SQL: SHOW COLUMNS FROM `sp_banner` [ RunTime:0.0045s ]
SQL: SELECT COUNT(*) AS tp_count FROM `sp_banner` WHERE ( del=0 ) LIMIT 1   [ RunTime:0.0002s ]
SQL: SELECT * FROM `sp_banner` WHERE ( del=0 ) ORDER BY `displayorder` desc,`id` DESC LIMIT 0,20   [ RunTime:0.0004s ]
INFO: [ view_parse ] --START--
INFO: [ template_filter ] --START--
INFO: Run Behavior\ContentReplaceBehavior [ RunTime:0.000062s ]
INFO: [ template_filter ] --END-- [ RunTime:0.000105s ]
NOTIC: [8] Use of undefined constant id - assumed 'id' D:\phpStudy\WWW\sptmcx\Application\Runtime\Cache\Admin\96f1079dc513765702ec3bb82f6b6e84.php 第 70 行.
NOTIC: [8] Use of undefined constant href - assumed 'href' D:\phpStudy\WWW\sptmcx\Application\Runtime\Cache\Admin\96f1079dc513765702ec3bb82f6b6e84.php 第 72 行.
NOTIC: [8] Use of undefined constant title - assumed 'title' D:\phpStudy\WWW\sptmcx\Application\Runtime\Cache\Admin\96f1079dc513765702ec3bb82f6b6e84.php 第 74 行.
NOTIC: [8] Use of undefined constant createtime - assumed 'createtime' D:\phpStudy\WWW\sptmcx\Application\Runtime\Cache\Admin\96f1079dc513765702ec3bb82f6b6e84.php 第 75 行.
NOTIC: [8] Use of undefined constant isvideo - assumed 'isvideo' D:\phpStudy\WWW\sptmcx\Application\Runtime\Cache\Admin\96f1079dc513765702ec3bb82f6b6e84.php 第 77 行.
NOTIC: [8] Use of undefined constant place - assumed 'place' D:\phpStudy\WWW\sptmcx\Application\Runtime\Cache\Admin\96f1079dc513765702ec3bb82f6b6e84.php 第 80 行.
NOTIC: [8] Use of undefined constant status - assumed 'status' D:\phpStudy\WWW\sptmcx\Application\Runtime\Cache\Admin\96f1079dc513765702ec3bb82f6b6e84.php 第 82 行.
NOTIC: [8] Use of undefined constant id - assumed 'id' D:\phpStudy\WWW\sptmcx\Application\Runtime\Cache\Admin\96f1079dc513765702ec3bb82f6b6e84.php 第 84 行.
NOTIC: [8] Use of undefined constant title - assumed 'title' D:\phpStudy\WWW\sptmcx\Application\Runtime\Cache\Admin\96f1079dc513765702ec3bb82f6b6e84.php 第 84 行.
NOTIC: [8] Use of undefined constant id - assumed 'id' D:\phpStudy\WWW\sptmcx\Application\Runtime\Cache\Admin\96f1079dc513765702ec3bb82f6b6e84.php 第 84 行.
NOTIC: [8] Use of undefined constant id - assumed 'id' D:\phpStudy\WWW\sptmcx\Application\Runtime\Cache\Admin\96f1079dc513765702ec3bb82f6b6e84.php 第 87 行.
NOTIC: [8] Use of undefined constant id - assumed 'id' D:\phpStudy\WWW\sptmcx\Application\Runtime\Cache\Admin\96f1079dc513765702ec3bb82f6b6e84.php 第 70 行.
NOTIC: [8] Use of undefined constant href - assumed 'href' D:\phpStudy\WWW\sptmcx\Application\Runtime\Cache\Admin\96f1079dc513765702ec3bb82f6b6e84.php 第 72 行.
NOTIC: [8] Use of undefined constant title - assumed 'title' D:\phpStudy\WWW\sptmcx\Application\Runtime\Cache\Admin\96f1079dc513765702ec3bb82f6b6e84.php 第 74 行.
NOTIC: [8] Use of undefined constant createtime - assumed 'createtime' D:\phpStudy\WWW\sptmcx\Application\Runtime\Cache\Admin\96f1079dc513765702ec3bb82f6b6e84.php 第 75 行.
NOTIC: [8] Use of undefined constant isvideo - assumed 'isvideo' D:\phpStudy\WWW\sptmcx\Application\Runtime\Cache\Admin\96f1079dc513765702ec3bb82f6b6e84.php 第 77 行.
NOTIC: [8] Use of undefined constant place - assumed 'place' D:\phpStudy\WWW\sptmcx\Application\Runtime\Cache\Admin\96f1079dc513765702ec3bb82f6b6e84.php 第 80 行.
NOTIC: [8] Use of undefined constant status - assumed 'status' D:\phpStudy\WWW\sptmcx\Application\Runtime\Cache\Admin\96f1079dc513765702ec3bb82f6b6e84.php 第 82 行.
NOTIC: [8] Use of undefined constant id - assumed 'id' D:\phpStudy\WWW\sptmcx\Application\Runtime\Cache\Admin\96f1079dc513765702ec3bb82f6b6e84.php 第 84 行.
NOTIC: [8] Use of undefined constant title - assumed 'title' D:\phpStudy\WWW\sptmcx\Application\Runtime\Cache\Admin\96f1079dc513765702ec3bb82f6b6e84.php 第 84 行.
NOTIC: [8] Use of undefined constant id - assumed 'id' D:\phpStudy\WWW\sptmcx\Application\Runtime\Cache\Admin\96f1079dc513765702ec3bb82f6b6e84.php 第 84 行.
NOTIC: [8] Use of undefined constant id - assumed 'id' D:\phpStudy\WWW\sptmcx\Application\Runtime\Cache\Admin\96f1079dc513765702ec3bb82f6b6e84.php 第 87 行.
NOTIC: [8] Use of undefined constant id - assumed 'id' D:\phpStudy\WWW\sptmcx\Application\Runtime\Cache\Admin\96f1079dc513765702ec3bb82f6b6e84.php 第 70 行.
NOTIC: [8] Use of undefined constant href - assumed 'href' D:\phpStudy\WWW\sptmcx\Application\Runtime\Cache\Admin\96f1079dc513765702ec3bb82f6b6e84.php 第 72 行.
NOTIC: [8] Use of undefined constant title - assumed 'title' D:\phpStudy\WWW\sptmcx\Application\Runtime\Cache\Admin\96f1079dc513765702ec3bb82f6b6e84.php 第 74 行.
NOTIC: [8] Use of undefined constant createtime - assumed 'createtime' D:\phpStudy\WWW\sptmcx\Application\Runtime\Cache\Admin\96f1079dc513765702ec3bb82f6b6e84.php 第 75 行.
NOTIC: [8] Use of undefined constant isvideo - assumed 'isvideo' D:\phpStudy\WWW\sptmcx\Application\Runtime\Cache\Admin\96f1079dc513765702ec3bb82f6b6e84.php 第 77 行.
NOTIC: [8] Use of undefined constant place - assumed 'place' D:\phpStudy\WWW\sptmcx\Application\Runtime\Cache\Admin\96f1079dc513765702ec3bb82f6b6e84.php 第 80 行.
NOTIC: [8] Use of undefined constant status - assumed 'status' D:\phpStudy\WWW\sptmcx\Application\Runtime\Cache\Admin\96f1079dc513765702ec3bb82f6b6e84.php 第 82 行.
NOTIC: [8] Use of undefined constant id - assumed 'id' D:\phpStudy\WWW\sptmcx\Application\Runtime\Cache\Admin\96f1079dc513765702ec3bb82f6b6e84.php 第 84 行.
NOTIC: [8] Use of undefined constant title - assumed 'title' D:\phpStudy\WWW\sptmcx\Application\Runtime\Cache\Admin\96f1079dc513765702ec3bb82f6b6e84.php 第 84 行.
NOTIC: [8] Use of undefined constant id - assumed 'id' D:\phpStudy\WWW\sptmcx\Application\Runtime\Cache\Admin\96f1079dc513765702ec3bb82f6b6e84.php 第 84 行.
NOTIC: [8] Use of undefined constant id - assumed 'id' D:\phpStudy\WWW\sptmcx\Application\Runtime\Cache\Admin\96f1079dc513765702ec3bb82f6b6e84.php 第 87 行.
INFO: Run Behavior\ParseTemplateBehavior [ RunTime:0.014644s ]
INFO: [ view_parse ] --END-- [ RunTime:0.014681s ]
INFO: [ view_filter ] --START--
INFO: Run Behavior\WriteHtmlCacheBehavior [ RunTime:0.001558s ]
INFO: [ view_filter ] --END-- [ RunTime:0.001588s ]
INFO: [ app_end ] --START--
INFO: Run Behavior\ShowPageTraceBehavior [ RunTime:0.001784s ]
INFO: [ app_end ] --END-- [ RunTime:0.001824s ]

